{"numTotalTestSuites":7,"numPassedTestSuites":7,"numFailedTestSuites":0,"numPendingTestSuites":0,"numTotalTests":10,"numPassedTests":10,"numFailedTests":0,"numPendingTests":0,"numTodoTests":0,"snapshot":{"added":0,"failure":false,"filesAdded":0,"filesRemoved":0,"filesRemovedList":[],"filesUnmatched":0,"filesUpdated":0,"matched":0,"total":0,"unchecked":0,"uncheckedKeysByFile":[],"unmatched":0,"updated":0,"didUpdate":false},"startTime":1767259706507,"success":true,"testResults":[{"assertionResults":[{"ancestorTitles":[],"fullName":"Agent Lifecycle: Spawning & Status","status":"passed","title":"Agent Lifecycle: Spawning & Status","duration":0.9527080000000012,"failureMessages":[],"meta":{"evalite":{"results":[{"input":{"agent":"executor","prompt":"Task 1","timeoutMs":1000},"result":{"taskId":"task_mjv8ssx6_4hys","status":"pending"},"scores":[1],"duration":1}],"duration":1,"traces":[]}}},{"ancestorTitles":[],"fullName":"Agent Lifecycle: Timeouts & Stuck Detection","status":"passed","title":"Agent Lifecycle: Timeouts & Stuck Detection","duration":0.2138750000000016,"failureMessages":[],"meta":{"evalite":{"results":[{"input":{"name":"Detect timed out task","taskSetup":{"status":"running","startedAt":1767259701731,"timeoutMs":2000},"expectedTimeout":true},"result":{"timedOut":true,"stuck":false},"scores":[1],"duration":0},{"input":{"name":"Detect stuck task (no heartbeat)","taskSetup":{"status":"running","lastHeartbeat":1767259666731,"timeoutMs":60000},"expectedStuck":true},"result":{"timedOut":false,"stuck":true},"scores":[1],"duration":0}],"duration":0,"traces":[]}}},{"ancestorTitles":[],"fullName":"Agent Lifecycle: Retries","status":"passed","title":"Agent Lifecycle: Retries","duration":0.2648330000000101,"failureMessages":[],"meta":{"evalite":{"results":[{"input":{"name":"Retry on failure","initialRetryCount":0,"maxRetries":2,"status":"failed","expectedCanRetry":true},"result":{"canRetry":true},"scores":[1],"duration":0},{"input":{"name":"Exhausted retries","initialRetryCount":2,"maxRetries":2,"status":"failed","expectedCanRetry":false},"result":{"canRetry":false},"scores":[1],"duration":0}],"duration":0,"traces":[]}}}],"startTime":1767259706730,"endTime":1767259706731.265,"status":"passed","message":"","name":"/Users/bangedorrunt/workspace/opencode-addons/src/evals/agent_lifecycle.eval.ts"},{"assertionResults":[{"ancestorTitles":[],"fullName":"Checkpoint Templates","status":"passed","title":"Checkpoint Templates","duration":0.5184590000000071,"failureMessages":[],"meta":{"evalite":{"results":[{"input":{"type":"codeReview","args":[["src/index.ts","package.json"]]},"result":{"decisionPoint":"Review proposed changes","description":"The following files will be modified:","options":[{"id":"approve","label":"Approve & Proceed","description":"Proceed with implementation"},{"id":"request_changes","label":"Request Changes","description":"Specify what needs to be modified"},{"id":"reject","label":"Reject","description":"Cancel this task"}]},"scores":[1,0],"duration":0},{"input":{"type":"dangerousOperation","args":["DELETE * FROM prod","Data loss"]},"result":{"decisionPoint":"Confirm dangerous operation: DELETE * FROM prod","description":"This operation will: Data loss","options":[{"id":"confirm","label":"Confirm","description":"I understand the risks, proceed"},{"id":"cancel","label":"Cancel","description":"Abort this operation"}]},"scores":[1,0],"duration":0}],"duration":0,"traces":[]}}}],"startTime":1767259706737,"endTime":1767259706737.5186,"status":"passed","message":"","name":"/Users/bangedorrunt/workspace/opencode-addons/src/evals/checkpoints.eval.ts"},{"assertionResults":[{"ancestorTitles":[],"fullName":"Chief-of-Staff: Strategic Orchestration (Real LLM)","status":"passed","title":"Chief-of-Staff: Strategic Orchestration (Real LLM)","duration":1.0778329999999983,"failureMessages":[],"meta":{"evalite":{"results":[{"input":{"name":"Governance Check","text":"Deploy the application to AWS","context":"No directives exist for cloud provider or environment."},"result":"**Reasoning:**\n\nThe user has requested to \"Deploy the application to AWS\". My governance protocol requires explicit Directives for key infrastructure decisions. I detect two missing Directives: `Cloud Provider` and `Environment`.\n\n1.  **Cloud Provider Directive:** The user's request explicitly states \"to AWS\". This directly provides the value for the `Cloud Provider` directive. I will log this immediately.\n2.  **Environment Directive:** The request does not specify *which* environment (e.g., production, staging, development). This is a critical missing Directive for deployment. I must initiate a Strategic Poll to gather this information from the user.\n\n**Next Action:**\n\n1.  **Log Directive:** Add \"Cloud Provider: AWS\" to the LEDGER.\n2.  **Strategic Poll:** Present a poll to the user to define the deployment environment.\n\n```\nStrategic Poll: Deployment Environment\nNo Directive found for the target deployment environment. Based on typical project requirements, I propose:\n(1) Production — live environment, high availability, robust monitoring\n(2) Staging — pre-production testing, mirroring production setup\n(3) Development — rapid iteration, testing new features\n\n_Reply '1', '2', '3', or describe your preferred environment (e.g., \"UAT for User Acceptance Testing\")._\n```","scores":[1],"duration":1},{"input":{"name":"Task Parallelization","text":"Add a search bar to the header and create a new FAQ page","context":"Directives: Framework: React, Styling: Tailwind."},"result":"Okay, Chief-of-Staff is active. I will use the `LEDGER.md` as my single source of truth and follow the 3-phase governance loop.\n\n**PHASE 1: STATE CHECK**\n\n1.  **Read LEDGER.md**: I'm loading current directives and state.\n    *   *Directives*: `Framework: React`, `Styling: Tailwind`.\n\n2.  **Detect Missing Directives for current request**:\n    The user wants to \"Add a search bar to the header and create a new FAQ page.\" This requires decisions on:\n    *   **Search Bar Functionality**: How should the search mechanism work (client-side, API, external service)?\n    *   **Search Scope**: What content should the search bar target (products, pages, FAQs)?\n    *   **FAQ Data Source**: How should the FAQ content be managed (hardcoded, JSON, CMS/database)?\n\n3.  **Create Strategic Polls**: Since these directives are missing, I will poll the user for their preferences.\n\n---\n\n**Strategic Poll: Search Bar Functionality**\nNo Directive found for how the search bar should function. Based on common patterns and the existing framework:\n(1) **Client-side Filtering**: Search filters existing content already loaded on the page (e.g., a list of items). Simplest to implement initially.\n(2) **API-driven Search**: Search queries a backend API endpoint for results. More scalable for larger datasets.\n(3) **Third-party Search Integration**: Integrate with a dedicated search service like Algolia, Elasticsearch, etc.\n\n_Reply '1', '2', '3', or describe your preferred search mechanism._\n\n---\n\n**Strategic Poll: Search Scope**\nNo Directive found for what content the search bar should search. I propose:\n(1) **All Site Content**: Search across all accessible pages, products, blog posts, etc. (requires more complex setup).\n(2) **Specific Page/Content Type**: Focus the search on a particular area, e.g., only \"Products\" or \"FAQs\".\n(3) **Placeholder/Initial Scope**: Start with a basic search (e.g., client-side filtering on a small, predefined list) and expand later.\n\n_Reply '1', '2', '3', or describe your desired search scope._\n\n---\n\n**Strategic Poll: FAQ Data Source**\nNo Directive found for how the FAQ page content should be managed. I propose:\n(1) **Hardcoded in Component**: FAQ data is directly written into the React component (simplest for a few static FAQs).\n(2) **Local JSON File**: FAQ data is stored in a `faq.json` file and loaded by the component. Easy to update without code changes.\n(3) **API Endpoint (Backend/CMS)**: FAQ data is fetched from a server endpoint, allowing dynamic updates via a CMS or database.\n\n_Reply '1', '2', '3', or describe your preferred FAQ data source._\n\n---\n\nPlease provide your choices for these polls, or describe your preferences. I will then log them as Directives and proceed with delegation.","scores":[1],"duration":0}],"duration":1,"traces":[]}}}],"startTime":1767259706742,"endTime":1767259706743.078,"status":"passed","message":"","name":"/Users/bangedorrunt/workspace/opencode-addons/src/evals/chief_of_staff.eval.ts"},{"assertionResults":[{"ancestorTitles":[],"fullName":"Deadlock Detection: Task Dependencies","status":"passed","title":"Deadlock Detection: Task Dependencies","duration":0.5840000000000032,"failureMessages":[],"meta":{"evalite":{"results":[{"input":{"name":"No dependencies","tasks":[{"id":"t1","dependencies":[]},{"id":"t2","dependencies":[]}]},"result":false,"scores":[0],"duration":0,"expected":false},{"input":{"name":"Sequential dependencies","tasks":[{"id":"t1","dependencies":[]},{"id":"t2","dependencies":["t1"]},{"id":"t3","dependencies":["t2"]}]},"result":false,"scores":[0],"duration":0,"expected":false},{"input":{"name":"Direct cycle","tasks":[{"id":"t1","dependencies":["t2"]},{"id":"t2","dependencies":["t1"]}]},"result":true,"scores":[0],"duration":0,"expected":true},{"input":{"name":"Indirect cycle","tasks":[{"id":"t1","dependencies":["t2"]},{"id":"t2","dependencies":["t3"]},{"id":"t3","dependencies":["t1"]}]},"result":true,"scores":[0],"duration":0,"expected":true},{"input":{"name":"Self dependency","tasks":[{"id":"t1","dependencies":["t1"]}]},"result":true,"scores":[0],"duration":0,"expected":true},{"input":{"name":"Complex acyclic","tasks":[{"id":"t1","dependencies":[]},{"id":"t2","dependencies":["t1"]},{"id":"t3","dependencies":["t1"]},{"id":"t4","dependencies":["t2","t3"]}]},"result":false,"scores":[0],"duration":0,"expected":false}],"duration":0,"traces":[]}}},{"ancestorTitles":[],"fullName":"Deadlock Detection: Resource Collisions","status":"passed","title":"Deadlock Detection: Resource Collisions","duration":0.12375000000000114,"failureMessages":[],"meta":{"evalite":{"results":[{"input":{"name":"No collisions","tasks":[{"id":"t1","affectsFiles":["file1.ts"]},{"id":"t2","affectsFiles":["file2.ts"]}]},"result":false,"scores":[0],"duration":0,"expected":false},{"input":{"name":"Direct collision","tasks":[{"id":"t1","affectsFiles":["file1.ts","shared.ts"]},{"id":"t2","affectsFiles":["file2.ts","shared.ts"]}]},"result":true,"scores":[0],"duration":0,"expected":true},{"input":{"name":"Multiple collisions","tasks":[{"id":"t1","affectsFiles":["a.ts","b.ts"]},{"id":"t2","affectsFiles":["b.ts","c.ts"]},{"id":"t3","affectsFiles":["a.ts","d.ts"]}]},"result":true,"scores":[0],"duration":0,"expected":true}],"duration":0,"traces":[]}}}],"startTime":1767259706706,"endTime":1767259706707.1238,"status":"passed","message":"","name":"/Users/bangedorrunt/workspace/opencode-addons/src/evals/deadlock.eval.ts"},{"assertionResults":[{"ancestorTitles":[],"fullName":"Interviewer: HITL Dialogue System (Real LLM)","status":"passed","title":"Interviewer: HITL Dialogue System (Real LLM)","duration":0.9966670000000022,"failureMessages":[],"meta":{"evalite":{"results":[{"input":{"name":"Initial Ambiguity","text":"I want to integrate a payment system"},"result":{"dialogue_state":{"status":"needs_input","turn":1,"message_to_user":"To effectively integrate a payment system, I need to clarify a few key aspects. Based on common requirements, I propose the following options:","pending_questions":["**Strategic Poll: Payment Gateway**\nWhich payment gateway would you prefer to integrate?\n(1) Stripe — Robust, developer-friendly, broad feature set\n(2) PayPal — Widely recognized, established user base\n(3) Square — Popular for in-person and online sales, integrated hardware options\n(4) Or type your own choice (e.g., 'Braintree', 'Adyen')","**Strategic Poll: Payment Type**\nWhat type of payments do you primarily want to handle?\n(1) One-time payments — Simple, single transactions\n(2) Subscriptions — Recurring payments, membership models\n(3) Both one-time and subscriptions\n(4) Or describe your specific payment flow (e.g., 'donations', 'in-app purchases')"],"accumulated_direction":{"goals":["Integrate a payment system"],"constraints":[],"preferences":[],"decisions":[]}},"output":null},"scores":[1],"duration":1},{"input":{"name":"Approval Detection","text":"Yes, proceed with Stripe","prevState":{"status":"needs_approval","turn":2,"message_to_user":"Should I use Stripe for payments?","history":[{"role":"user","content":"integrate payment"},{"role":"assistant","content":"Which provider?"}]}},"result":{"dialogue_state":{"status":"approved","turn":3,"message_to_user":"Understood. Proceeding with Stripe for payment integration.","pending_questions":[],"accumulated_direction":{"goals":["Integrate payment functionality"],"constraints":[],"preferences":["Payment provider: Stripe"],"decisions":["Payment provider: Stripe"]}},"output":{"clarifications_resolved":true,"explicit_direction":{"goals":["Integrate payment functionality"],"constraints":[],"preferences":["Payment provider: Stripe"],"decisions":["Payment provider: Stripe"]},"assumptions_avoided":["Assuming a default payment provider without user confirmation"]},"tools":[{"tool_code":"await ledger_add_context({\n  context: \"Payment provider: Stripe\"\n});"},{"tool_code":"await ledger_add_learning({\n  type: \"preference\",\n  content: \"User prefers Stripe for payment integration\"\n});"}]},"scores":[1],"duration":0}],"duration":1,"traces":[]}}}],"startTime":1767259706742,"endTime":1767259706742.9966,"status":"passed","message":"","name":"/Users/bangedorrunt/workspace/opencode-addons/src/evals/hitl_dialogue.eval.ts"},{"assertionResults":[{"ancestorTitles":[],"fullName":"Oracle Agent: Real LLM Reasoning (v4.1)","status":"passed","title":"Oracle Agent: Real LLM Reasoning (v4.1)","duration":0.9509159999999781,"failureMessages":[],"meta":{"evalite":{"results":[{"input":{"text":"Add a login page with Google Auth and a user profile settings page","expectedMode":"parallel"},"result":{"epic":{"title":"Implement Login with Google Auth and User Profile","request":"Add a login page with Google Auth and a user profile settings page","rationale":"Decomposing the request into foundational backend authentication, distinct frontend components, and a separate user profile feature to allow for efficient, partially parallel development."},"tasks":[{"title":"Implement Core Authentication Backend","agent":"executor","dependencies":[],"affects_files":["src/models/User.ts","src/routes/auth.ts","src/controllers/authController.ts","src/config/passport.ts","src/server.ts"],"complexity":"high","description":"Set up the backend infrastructure for user authentication. This includes defining the User database schema, integrating Google OAuth strategy, creating authentication routes (login initiation, callback, logout), and handling session management.","durable_intent":"auth-backend-core"},{"title":"Develop Login Page Frontend","agent":"executor","dependencies":["Implement Core Authentication Backend"],"affects_files":["src/views/LoginPage.tsx","src/components/GoogleSignInButton.tsx","src/styles/auth.css","src/App.tsx"],"complexity":"medium","description":"Create the user interface for the login page. This involves designing the layout, integrating a Google Sign-In button, and implementing the client-side handling of the authentication flow, including redirects upon successful login.","durable_intent":"login-page-frontend"},{"title":"Implement User Profile Backend API","agent":"executor","dependencies":["Implement Core Authentication Backend"],"affects_files":["src/models/User.ts","src/routes/profile.ts","src/controllers/profileController.ts","src/server.ts"],"complexity":"medium","description":"Extend the User model with necessary profile fields. Create secure API endpoints for fetching and updating user profile data, ensuring proper authentication and authorization for all profile-related operations.","durable_intent":"profile-backend-api"},{"title":"Develop User Profile Settings Page Frontend","agent":"executor","dependencies":["Implement User Profile Backend API"],"affects_files":["src/views/ProfileSettingsPage.tsx","src/components/ProfileForm.tsx","src/styles/profile.css","src/App.tsx"],"complexity":"medium","description":"Build the user interface for the profile settings page. This includes displaying the user's current profile information, providing forms for editing, and integrating with the backend profile API to fetch and update data.","durable_intent":"profile-page-frontend"}],"execution_strategy":{"mode":"mixed","rationale":"The initial backend authentication (Task 1) is a foundational prerequisite. Once completed, the frontend login page (Task 2) and the backend profile API (Task 3) can be developed in parallel as they primarily operate on distinct parts of the codebase. The frontend profile page (Task 4) must then follow the completion of its corresponding backend API (Task 3).","risk_assessment":"MEDIUM"},"assumptions_made":[{"choice":"Using Express.js for backend and React.js for frontend","rationale":"Common stack for web applications, simplifies decomposition examples for typical file structures."},{"choice":"Using Passport.js for Google OAuth integration","rationale":"Standard and robust library for authentication in Node.js applications."},{"choice":"A database (e.g., MongoDB, PostgreSQL) is already set up and accessible.","rationale":"Focuses on feature implementation rather than infrastructure setup."}]},"scores":[1,0],"duration":0},{"input":{"text":"Refactor the database schema for orders and update all existing queries to match","expectedMode":"sequential"},"result":{"epic":{"title":"Refactor Orders Database Schema and Queries","request":"Refactor the database schema for orders and update all existing queries to match","rationale":"This request involves fundamental changes to the data model for orders and subsequent updates across the codebase to ensure functionality and data integrity. Decomposing ensures a systematic approach, starting with schema changes, then identifying and updating dependent code, and finally validating the changes."},"tasks":[{"title":"Define and Apply New Order Schema","agent":"executor","dependencies":[],"affects_files":["db/migrations/*.sql","src/models/order.ts","src/schema/order.graphql"],"complexity":"high","description":"Analyze the current 'orders' database schema, design and propose the new schema, create the necessary database migration script(s) (e.g., SQL DDL or ORM migration files), and apply them to the development database. This task must ensure backward compatibility considerations if required, or plan for a data migration strategy.","durable_intent":"db-schema-refactor-orders"},{"title":"Identify Affected Queries and ORM Models","agent":"executor","dependencies":["Define and Apply New Order Schema"],"affects_files":["src/**/*.ts","src/**/*.js","services/**/*.ts","services/**/*.js","controllers/**/*.ts","controllers/**/*.js"],"complexity":"medium","description":"Scan the entire codebase to identify all queries, ORM calls, and data models that interact with the 'orders' table or any of its associated fields that will be affected by the schema refactor. Document these locations for subsequent refactoring.","durable_intent":"code-scan-identify-order-queries"},{"title":"Refactor Identified Queries and ORM Mappings","agent":"executor","dependencies":["Identify Affected Queries and ORM Models"],"affects_files":["src/services/orderService.ts","src/routes/orderRoutes.ts","src/repositories/orderRepository.ts","src/models/order.ts"],"complexity":"high","description":"Update all identified queries, ORM model definitions, and data access logic to align with the new 'orders' database schema. This includes changing column names, table joins, data types, and any other schema-dependent logic across the application layer.","durable_intent":"code-refactor-order-queries"},{"title":"Implement and Run Integration Tests","agent":"executor","dependencies":["Refactor Identified Queries and ORM Mappings"],"affects_files":["tests/integration/order.test.ts","tests/unit/order-service.test.ts","package.json"],"complexity":"medium","description":"Develop new integration tests or update existing ones to thoroughly validate the functionality of the new 'orders' schema and the refactored queries. Ensure all CRUD operations related to orders work correctly and that data integrity is maintained post-refactor. Run all relevant test suites.","durable_intent":"tests-integration-orders"}],"execution_strategy":{"mode":"sequential","rationale":"The tasks have direct dependencies. Schema changes (Task 1) must precede query updates (Task 3) which rely on identifying affected code (Task 2, conceptually dependent on new schema being defined). Testing (Task 4) depends on all previous steps being completed successfully. Parallel execution would lead to significant conflicts due to interdependent file changes and runtime data model mismatches.","risk_assessment":"NONE"},"assumptions_made":[{"choice":"An ORM (e.g., TypeORM, Sequelize, Prisma) or direct SQL queries are used for database interactions.","rationale":"This influences the type of files affected and the refactoring approach."},{"choice":"Standard project structure with dedicated folders for models, services, routes, and database migrations.","rationale":"Simplifies identifying relevant files for each task."},{"choice":"A robust testing framework is in place to allow for integration tests.","rationale":"Essential for validating schema and query changes."}]},"scores":[1,0],"duration":0}],"duration":1,"traces":[]}}}],"startTime":1767259706755,"endTime":1767259706755.951,"status":"passed","message":"","name":"/Users/bangedorrunt/workspace/opencode-addons/src/evals/oracle.eval.ts"},{"assertionResults":[{"ancestorTitles":[],"fullName":"SDD Workflow: Oracle Decomposition","status":"passed","title":"SDD Workflow: Oracle Decomposition","duration":0.5550000000000068,"failureMessages":[],"meta":{"evalite":{"results":[{"input":"Refactor the authentication module and update the database schema","result":"{\"epic\":{\"title\":\"Refactor Task\",\"request\":\"Refactor the authentication module and update the database schema\"},\"tasks\":[{\"title\":\"Analysis\",\"agent\":\"oracle\",\"description\":\"Analyze deps\"},{\"title\":\"Execution\",\"agent\":\"executor\",\"description\":\"Apply changes\"}],\"execution_strategy\":{\"mode\":\"sequential\",\"rationale\":\"Dependencies detected\",\"risk_assessment\":\"LOW\"}}","scores":[0,0],"duration":0,"expected":"sequential"},{"input":"Add a new 'About Us' page and update the footer link","result":"{\"epic\":{\"title\":\"Feature Task\",\"request\":\"Add a new 'About Us' page and update the footer link\"},\"tasks\":[{\"title\":\"Frontend\",\"agent\":\"executor\",\"description\":\"UI changes\"},{\"title\":\"Backend\",\"agent\":\"executor\",\"description\":\"API changes\"}],\"execution_strategy\":{\"mode\":\"parallel\",\"rationale\":\"No shared state\",\"risk_assessment\":\"LOW\"}}","scores":[0,0],"duration":0,"expected":"parallel"},{"input":"Update the login form to use the new API depending on the new auth service","result":"{\"epic\":{\"title\":\"Refactor Task\",\"request\":\"Update the login form to use the new API depending on the new auth service\"},\"tasks\":[{\"title\":\"Analysis\",\"agent\":\"oracle\",\"description\":\"Analyze deps\"},{\"title\":\"Execution\",\"agent\":\"executor\",\"description\":\"Apply changes\"}],\"execution_strategy\":{\"mode\":\"sequential\",\"rationale\":\"Dependencies detected\",\"risk_assessment\":\"LOW\"}}","scores":[0,0],"duration":0,"expected":"sequential"}],"duration":0,"traces":[]}}}],"startTime":1767259706720,"endTime":1767259706720.555,"status":"passed","message":"","name":"/Users/bangedorrunt/workspace/opencode-addons/src/evals/sdd_workflow.eval.ts"}]}