{"numTotalTestSuites":164,"numPassedTestSuites":164,"numFailedTestSuites":0,"numPendingTestSuites":0,"numTotalTests":302,"numPassedTests":302,"numFailedTests":0,"numPendingTests":0,"numTodoTests":0,"snapshot":{"added":0,"failure":false,"filesAdded":0,"filesRemoved":0,"filesRemovedList":[],"filesUnmatched":0,"filesUpdated":0,"matched":0,"total":0,"unchecked":0,"uncheckedKeysByFile":[],"unmatched":0,"updated":0,"didUpdate":false},"startTime":1767352626974,"success":true,"testResults":[{"assertionResults":[{"ancestorTitles":["core","generateEventId"],"fullName":"core generateEventId should generate a unique ID with timestamp prefix","status":"passed","title":"should generate a unique ID with timestamp prefix","duration":0.9130840000000262,"failureMessages":[],"meta":{}},{"ancestorTitles":["core","generateCorrelationId"],"fullName":"core generateCorrelationId should generate a hex string","status":"passed","title":"should generate a hex string","duration":0.10195899999996527,"failureMessages":[],"meta":{}},{"ancestorTitles":["core","createEvent"],"fullName":"core createEvent should add id and timestamp to input","status":"passed","title":"should add id and timestamp to input","duration":0.19191699999998946,"failureMessages":[],"meta":{}},{"ancestorTitles":["core","createEvent"],"fullName":"core createEvent should preserve provided timestamp","status":"passed","title":"should preserve provided timestamp","duration":0.0569590000000062,"failureMessages":[],"meta":{}},{"ancestorTitles":["core","filterByType"],"fullName":"core filterByType should filter by single type","status":"passed","title":"should filter by single type","duration":0.33624999999995,"failureMessages":[],"meta":{}},{"ancestorTitles":["core","filterByType"],"fullName":"core filterByType should filter by multiple types","status":"passed","title":"should filter by multiple types","duration":0.06933400000002621,"failureMessages":[],"meta":{}},{"ancestorTitles":["core","filterByStream"],"fullName":"core filterByStream should filter by stream_id","status":"passed","title":"should filter by stream_id","duration":0.09108399999996664,"failureMessages":[],"meta":{}},{"ancestorTitles":["core","filterByActor"],"fullName":"core filterByActor should filter by actor","status":"passed","title":"should filter by actor","duration":0.08808400000003758,"failureMessages":[],"meta":{}},{"ancestorTitles":["core","filterByTimeRange"],"fullName":"core filterByTimeRange should filter by since","status":"passed","title":"should filter by since","duration":0.08629199999995762,"failureMessages":[],"meta":{}},{"ancestorTitles":["core","filterByTimeRange"],"fullName":"core filterByTimeRange should filter by until","status":"passed","title":"should filter by until","duration":0.06137499999999818,"failureMessages":[],"meta":{}},{"ancestorTitles":["core","filterByTimeRange"],"fullName":"core filterByTimeRange should filter by range","status":"passed","title":"should filter by range","duration":0.04887500000000955,"failureMessages":[],"meta":{}},{"ancestorTitles":["core","applyFilter"],"fullName":"core applyFilter should apply multiple filters","status":"passed","title":"should apply multiple filters","duration":0.06879200000003038,"failureMessages":[],"meta":{}},{"ancestorTitles":["core","applyFilter"],"fullName":"core applyFilter should apply limit","status":"passed","title":"should apply limit","duration":0.045917000000031294,"failureMessages":[],"meta":{}},{"ancestorTitles":["core","extractPendingCheckpoints"],"fullName":"core extractPendingCheckpoints should extract pending checkpoints","status":"passed","title":"should extract pending checkpoints","duration":0.09079200000002174,"failureMessages":[],"meta":{}},{"ancestorTitles":["core","extractPendingCheckpoints"],"fullName":"core extractPendingCheckpoints should remove approved checkpoints","status":"passed","title":"should remove approved checkpoints","duration":0.046875,"failureMessages":[],"meta":{}},{"ancestorTitles":["core","isCheckpointExpired"],"fullName":"core isCheckpointExpired should return true for expired checkpoint","status":"passed","title":"should return true for expired checkpoint","duration":0.04025000000001455,"failureMessages":[],"meta":{}},{"ancestorTitles":["core","isCheckpointExpired"],"fullName":"core isCheckpointExpired should return false for non-expired checkpoint","status":"passed","title":"should return false for non-expired checkpoint","duration":0.02670800000004192,"failureMessages":[],"meta":{}},{"ancestorTitles":["core","isCheckpointExpired"],"fullName":"core isCheckpointExpired should return false if no expiry set","status":"passed","title":"should return false if no expiry set","duration":0.022707999999965978,"failureMessages":[],"meta":{}},{"ancestorTitles":["core","serialization"],"fullName":"core serialization should serialize and deserialize events","status":"passed","title":"should serialize and deserialize events","duration":0.06620800000001736,"failureMessages":[],"meta":{}},{"ancestorTitles":["core","serialization"],"fullName":"core serialization should return null for invalid JSON","status":"passed","title":"should return null for invalid JSON","duration":0.05016699999998764,"failureMessages":[],"meta":{}}],"startTime":1767352627261,"endTime":1767352627263.0908,"status":"passed","message":"","name":"/Users/bangedorrunt/workspace/opencode-addons/src/durable-stream/core.test.ts"},{"assertionResults":[{"ancestorTitles":["MemoryLaneStore"],"fullName":"MemoryLaneStore should initialize and store a memory","status":"passed","title":"should initialize and store a memory","duration":3.554542000000083,"failureMessages":[],"meta":{}},{"ancestorTitles":["MemoryLaneStore"],"fullName":"MemoryLaneStore should find stored memories via semantic search","status":"passed","title":"should find stored memories via semantic search","duration":2.7437909999999874,"failureMessages":[],"meta":{}},{"ancestorTitles":["MemoryLaneStore"],"fullName":"MemoryLaneStore should filter by entities","status":"passed","title":"should filter by entities","duration":2.0836249999999836,"failureMessages":[],"meta":{}},{"ancestorTitles":["MemoryLaneStore"],"fullName":"MemoryLaneStore should apply feedback signals","status":"passed","title":"should apply feedback signals","duration":2.100416999999993,"failureMessages":[],"meta":{}}],"startTime":1767352627513,"endTime":1767352627523.1003,"status":"passed","message":"","name":"/Users/bangedorrunt/workspace/opencode-addons/src/memory-lane/memory-store.test.ts"},{"assertionResults":[{"ancestorTitles":["loadSkillAgents discovery and filtering"],"fullName":"loadSkillAgents discovery and filtering should NOT load root SKILL.md without agent: true","status":"passed","title":"should NOT load root SKILL.md without agent: true","duration":2.8179999999999836,"failureMessages":[],"meta":{}},{"ancestorTitles":["loadSkillAgents discovery and filtering"],"fullName":"loadSkillAgents discovery and filtering should load root SKILL.md WITH agent: true","status":"passed","title":"should load root SKILL.md WITH agent: true","duration":1.845624999999984,"failureMessages":[],"meta":{}},{"ancestorTitles":["loadSkillAgents discovery and filtering"],"fullName":"loadSkillAgents discovery and filtering should load nested agents regardless of agent: true flag","status":"passed","title":"should load nested agents regardless of agent: true flag","duration":2.2461660000000165,"failureMessages":[],"meta":{}}],"startTime":1767352627248,"endTime":1767352627254.246,"status":"passed","message":"","name":"/Users/bangedorrunt/workspace/opencode-addons/src/opencode/loader_discovery.test.ts"},{"assertionResults":[{"ancestorTitles":["Access Control","isChiefOfStaff"],"fullName":"Access Control isChiefOfStaff returns true for exact match","status":"passed","title":"returns true for exact match","duration":0.510957999999988,"failureMessages":[],"meta":{}},{"ancestorTitles":["Access Control","isChiefOfStaff"],"fullName":"Access Control isChiefOfStaff returns true for hierarchical match","status":"passed","title":"returns true for hierarchical match","duration":0.06174999999998931,"failureMessages":[],"meta":{}},{"ancestorTitles":["Access Control","isChiefOfStaff"],"fullName":"Access Control isChiefOfStaff returns true for root user (empty string)","status":"passed","title":"returns true for root user (empty string)","duration":0.037292000000007874,"failureMessages":[],"meta":{}},{"ancestorTitles":["Access Control","isChiefOfStaff"],"fullName":"Access Control isChiefOfStaff returns false for other agents","status":"passed","title":"returns false for other agents","duration":0.05087499999999068,"failureMessages":[],"meta":{}},{"ancestorTitles":["Access Control","isProtectedAgent"],"fullName":"Access Control isProtectedAgent returns true for known protected agents","status":"passed","title":"returns true for known protected agents","duration":0.05670899999998369,"failureMessages":[],"meta":{}},{"ancestorTitles":["Access Control","isProtectedAgent"],"fullName":"Access Control isProtectedAgent returns true for hierarchical protected agents","status":"passed","title":"returns true for hierarchical protected agents","duration":0.03550000000001319,"failureMessages":[],"meta":{}},{"ancestorTitles":["Access Control","isProtectedAgent"],"fullName":"Access Control isProtectedAgent returns false for unknown agents","status":"passed","title":"returns false for unknown agents","duration":0.02949999999998454,"failureMessages":[],"meta":{}},{"ancestorTitles":["Access Control","canCallAgent"],"fullName":"Access Control canCallAgent allows Chief of Staff to call anyone","status":"passed","title":"allows Chief of Staff to call anyone","duration":0.04862499999998704,"failureMessages":[],"meta":{}},{"ancestorTitles":["Access Control","canCallAgent"],"fullName":"Access Control canCallAgent allows User to call anyone","status":"passed","title":"allows User to call anyone","duration":0.03674999999998363,"failureMessages":[],"meta":{}},{"ancestorTitles":["Access Control","canCallAgent"],"fullName":"Access Control canCallAgent prevents random agent from calling protected agent","status":"passed","title":"prevents random agent from calling protected agent","duration":0.07683299999999349,"failureMessages":[],"meta":{}},{"ancestorTitles":["Access Control","canCallAgent"],"fullName":"Access Control canCallAgent prevents random agent from calling protected sub-agent","status":"passed","title":"prevents random agent from calling protected sub-agent","duration":0.030624999999986358,"failureMessages":[],"meta":{}},{"ancestorTitles":["Access Control","canCallAgent"],"fullName":"Access Control canCallAgent allows calling non-protected agents","status":"passed","title":"allows calling non-protected agents","duration":0.02174999999999727,"failureMessages":[],"meta":{}},{"ancestorTitles":["Access Control","canCallAgent"],"fullName":"Access Control canCallAgent allows user to call native agents","status":"passed","title":"allows user to call native agents","duration":0.025666000000001077,"failureMessages":[],"meta":{}}],"startTime":1767352627669,"endTime":1767352627670.077,"status":"passed","message":"","name":"/Users/bangedorrunt/workspace/opencode-addons/src/orchestrator/access-control.test.ts"},{"assertionResults":[{"ancestorTitles":["CheckpointManager","initialize"],"fullName":"CheckpointManager initialize should initialize the stream","status":"passed","title":"should initialize the stream","duration":1.2937920000000531,"failureMessages":[],"meta":{}},{"ancestorTitles":["CheckpointManager","requestCheckpoint"],"fullName":"CheckpointManager requestCheckpoint should request a checkpoint from the stream","status":"passed","title":"should request a checkpoint from the stream","duration":0.8974170000000186,"failureMessages":[],"meta":{}},{"ancestorTitles":["CheckpointManager","requestCheckpoint"],"fullName":"CheckpointManager requestCheckpoint should timeout checkpoint if timeoutMs is provided","status":"passed","title":"should timeout checkpoint if timeoutMs is provided","duration":1.8237500000000182,"failureMessages":[],"meta":{}},{"ancestorTitles":["CheckpointManager","approveCheckpoint"],"fullName":"CheckpointManager approveCheckpoint should approve a checkpoint","status":"passed","title":"should approve a checkpoint","duration":0.2486250000000041,"failureMessages":[],"meta":{}},{"ancestorTitles":["CheckpointManager","rejectCheckpoint"],"fullName":"CheckpointManager rejectCheckpoint should reject a checkpoint with reason","status":"passed","title":"should reject a checkpoint with reason","duration":0.1666670000000181,"failureMessages":[],"meta":{}},{"ancestorTitles":["CheckpointManager","getPendingCheckpoints"],"fullName":"CheckpointManager getPendingCheckpoints should return pending checkpoints from stream","status":"passed","title":"should return pending checkpoints from stream","duration":0.15816699999999173,"failureMessages":[],"meta":{}},{"ancestorTitles":["CHECKPOINT_TEMPLATES","strategyValidation"],"fullName":"CHECKPOINT_TEMPLATES strategyValidation should create a strategy validation checkpoint","status":"passed","title":"should create a strategy validation checkpoint","duration":0.29091700000003584,"failureMessages":[],"meta":{}},{"ancestorTitles":["CHECKPOINT_TEMPLATES","codeReview"],"fullName":"CHECKPOINT_TEMPLATES codeReview should create a code review checkpoint","status":"passed","title":"should create a code review checkpoint","duration":0.08754200000004175,"failureMessages":[],"meta":{}},{"ancestorTitles":["CHECKPOINT_TEMPLATES","dangerousOperation"],"fullName":"CHECKPOINT_TEMPLATES dangerousOperation should create a dangerous operation checkpoint","status":"passed","title":"should create a dangerous operation checkpoint","duration":0.14224999999999,"failureMessages":[],"meta":{}},{"ancestorTitles":["CHECKPOINT_TEMPLATES","designDecision"],"fullName":"CHECKPOINT_TEMPLATES designDecision should create a design decision checkpoint","status":"passed","title":"should create a design decision checkpoint","duration":0.09295900000000756,"failureMessages":[],"meta":{}},{"ancestorTitles":["CHECKPOINT_TEMPLATES","epicCompletion"],"fullName":"CHECKPOINT_TEMPLATES epicCompletion should create an epic completion checkpoint","status":"passed","title":"should create an epic completion checkpoint","duration":0.07637499999998454,"failureMessages":[],"meta":{}},{"ancestorTitles":["createCheckpointWorkflow"],"fullName":"createCheckpointWorkflow should create a workflow that handles checkpoint results","status":"passed","title":"should create a workflow that handles checkpoint results","duration":0.32145799999995006,"failureMessages":[],"meta":{}},{"ancestorTitles":["createCheckpointWorkflow"],"fullName":"createCheckpointWorkflow should call onRejected when checkpoint is rejected","status":"passed","title":"should call onRejected when checkpoint is rejected","duration":0.12091699999996308,"failureMessages":[],"meta":{}}],"startTime":1767352627294,"endTime":1767352627300.3215,"status":"passed","message":"","name":"/Users/bangedorrunt/workspace/opencode-addons/src/orchestrator/checkpoint.test.ts"},{"assertionResults":[{"ancestorTitles":["extractDialogueState","Strategy 1: Direct JSON parse"],"fullName":"extractDialogueState Strategy 1: Direct JSON parse should extract dialogue_state from a valid JSON object","status":"passed","title":"should extract dialogue_state from a valid JSON object","duration":0.7357499999999959,"failureMessages":[],"meta":{}},{"ancestorTitles":["extractDialogueState","Strategy 1: Direct JSON parse"],"fullName":"extractDialogueState Strategy 1: Direct JSON parse should recognize standalone dialogue_state object","status":"passed","title":"should recognize standalone dialogue_state object","duration":0.08283399999999119,"failureMessages":[],"meta":{}},{"ancestorTitles":["extractDialogueState","Strategy 1: Direct JSON parse"],"fullName":"extractDialogueState Strategy 1: Direct JSON parse should return null for JSON without blocking status","status":"passed","title":"should return null for JSON without blocking status","duration":0.10833299999998758,"failureMessages":[],"meta":{}},{"ancestorTitles":["extractDialogueState","Strategy 2: Markdown code blocks"],"fullName":"extractDialogueState Strategy 2: Markdown code blocks should extract from json code block","status":"passed","title":"should extract from json code block","duration":0.11583300000000918,"failureMessages":[],"meta":{}},{"ancestorTitles":["extractDialogueState","Strategy 2: Markdown code blocks"],"fullName":"extractDialogueState Strategy 2: Markdown code blocks should extract from unlabeled code block","status":"passed","title":"should extract from unlabeled code block","duration":0.06520899999998164,"failureMessages":[],"meta":{}},{"ancestorTitles":["extractDialogueState","Strategy 2: Markdown code blocks"],"fullName":"extractDialogueState Strategy 2: Markdown code blocks should try multiple code blocks until one matches","status":"passed","title":"should try multiple code blocks until one matches","duration":0.07195799999999508,"failureMessages":[],"meta":{}},{"ancestorTitles":["extractDialogueState","Strategy 3: Regex extraction"],"fullName":"extractDialogueState Strategy 3: Regex extraction should extract embedded dialogue_state from prose","status":"passed","title":"should extract embedded dialogue_state from prose","duration":0.07958300000001373,"failureMessages":[],"meta":{}},{"ancestorTitles":["extractDialogueState","Edge cases"],"fullName":"extractDialogueState Edge cases should return null for empty string","status":"passed","title":"should return null for empty string","duration":0.033291999999988775,"failureMessages":[],"meta":{}},{"ancestorTitles":["extractDialogueState","Edge cases"],"fullName":"extractDialogueState Edge cases should return null for null input","status":"passed","title":"should return null for null input","duration":0.03666699999999423,"failureMessages":[],"meta":{}},{"ancestorTitles":["extractDialogueState","Edge cases"],"fullName":"extractDialogueState Edge cases should return null for undefined input","status":"passed","title":"should return null for undefined input","duration":0.04949999999999477,"failureMessages":[],"meta":{}},{"ancestorTitles":["extractDialogueState","Edge cases"],"fullName":"extractDialogueState Edge cases should return null for plain text without JSON","status":"passed","title":"should return null for plain text without JSON","duration":0.03937500000000682,"failureMessages":[],"meta":{}},{"ancestorTitles":["extractDialogueState","Edge cases"],"fullName":"extractDialogueState Edge cases should return null for malformed JSON","status":"passed","title":"should return null for malformed JSON","duration":0.03712500000000318,"failureMessages":[],"meta":{}},{"ancestorTitles":["extractDialogueState","Blocking status recognition"],"fullName":"extractDialogueState Blocking status recognition should recognize needs_input as blocking","status":"passed","title":"should recognize needs_input as blocking","duration":0.07204099999998448,"failureMessages":[],"meta":{}},{"ancestorTitles":["extractDialogueState","Blocking status recognition"],"fullName":"extractDialogueState Blocking status recognition should recognize needs_approval as blocking","status":"passed","title":"should recognize needs_approval as blocking","duration":0.031207999999992353,"failureMessages":[],"meta":{}},{"ancestorTitles":["extractDialogueState","Blocking status recognition"],"fullName":"extractDialogueState Blocking status recognition should recognize needs_verification as blocking","status":"passed","title":"should recognize needs_verification as blocking","duration":0.027417000000014013,"failureMessages":[],"meta":{}},{"ancestorTitles":["extractDialogueState","Blocking status recognition"],"fullName":"extractDialogueState Blocking status recognition should NOT recognize approved as blocking","status":"passed","title":"should NOT recognize approved as blocking","duration":0.027250000000009322,"failureMessages":[],"meta":{}},{"ancestorTitles":["extractDialogueState","Blocking status recognition"],"fullName":"extractDialogueState Blocking status recognition should NOT recognize completed as blocking","status":"passed","title":"should NOT recognize completed as blocking","duration":0.030750000000011823,"failureMessages":[],"meta":{}}],"startTime":1767352627495,"endTime":1767352627496.1157,"status":"passed","message":"","name":"/Users/bangedorrunt/workspace/opencode-addons/src/orchestrator/dialogue-utils.test.ts"},{"assertionResults":[{"ancestorTitles":["EventDrivenLedger","initialize"],"fullName":"EventDrivenLedger initialize should initialize the stream on first call","status":"passed","title":"should initialize the stream on first call","duration":1.299333000000047,"failureMessages":[],"meta":{}},{"ancestorTitles":["EventDrivenLedger","initialize"],"fullName":"EventDrivenLedger initialize should not reinitialize if already initialized","status":"passed","title":"should not reinitialize if already initialized","duration":0.22216600000001563,"failureMessages":[],"meta":{}},{"ancestorTitles":["EventDrivenLedger","emit"],"fullName":"EventDrivenLedger emit should emit event to stream","status":"passed","title":"should emit event to stream","duration":0.20345900000000938,"failureMessages":[],"meta":{}},{"ancestorTitles":["EventDrivenLedger","emit"],"fullName":"EventDrivenLedger emit should not emit if emitEvents is disabled","status":"passed","title":"should not emit if emitEvents is disabled","duration":5.4909999999999854,"failureMessages":[],"meta":{}},{"ancestorTitles":["EventDrivenLedger","getEventHistory"],"fullName":"EventDrivenLedger getEventHistory should return event history","status":"passed","title":"should return event history","duration":0.42729200000002265,"failureMessages":[],"meta":{}},{"ancestorTitles":["EventDrivenLedger","getActiveIntents"],"fullName":"EventDrivenLedger getActiveIntents should return active intents from stream","status":"passed","title":"should return active intents from stream","duration":0.20066700000000992,"failureMessages":[],"meta":{}},{"ancestorTitles":["EventDrivenLedger","getPendingCheckpoints"],"fullName":"EventDrivenLedger getPendingCheckpoints should return pending checkpoints from stream","status":"passed","title":"should return pending checkpoints from stream","duration":0.15699999999998226,"failureMessages":[],"meta":{}},{"ancestorTitles":["createLedgerEventHandlers","onEpicCreated"],"fullName":"createLedgerEventHandlers onEpicCreated should emit epic created event","status":"passed","title":"should emit epic created event","duration":1.2647500000000491,"failureMessages":[],"meta":{}},{"ancestorTitles":["createLedgerEventHandlers","onTaskCreated"],"fullName":"createLedgerEventHandlers onTaskCreated should emit task created event","status":"passed","title":"should emit task created event","duration":0.24720800000000054,"failureMessages":[],"meta":{}},{"ancestorTitles":["createLedgerEventHandlers","onTaskCompleted"],"fullName":"createLedgerEventHandlers onTaskCompleted should emit task completed event","status":"passed","title":"should emit task completed event","duration":0.16316699999998718,"failureMessages":[],"meta":{}},{"ancestorTitles":["createLedgerEventHandlers","onTaskFailed"],"fullName":"createLedgerEventHandlers onTaskFailed should emit task failed event","status":"passed","title":"should emit task failed event","duration":0.1293749999999818,"failureMessages":[],"meta":{}},{"ancestorTitles":["createLedgerEventHandlers","onDirectiveAdded"],"fullName":"createLedgerEventHandlers onDirectiveAdded should emit directive added event","status":"passed","title":"should emit directive added event","duration":0.10775000000001,"failureMessages":[],"meta":{}},{"ancestorTitles":["createLedgerEventHandlers","onAssumptionAdded"],"fullName":"createLedgerEventHandlers onAssumptionAdded should emit assumption added event","status":"passed","title":"should emit assumption added event","duration":0.09958300000005238,"failureMessages":[],"meta":{}},{"ancestorTitles":["createLedgerEventHandlers","onLearningExtracted"],"fullName":"createLedgerEventHandlers onLearningExtracted should emit learning extracted event","status":"passed","title":"should emit learning extracted event","duration":0.0805000000000291,"failureMessages":[],"meta":{}}],"startTime":1767352627295,"endTime":1767352627305.1294,"status":"passed","message":"","name":"/Users/bangedorrunt/workspace/opencode-addons/src/orchestrator/event-driven-ledger.test.ts"},{"assertionResults":[{"ancestorTitles":["HITL Utilities","formatPoll"],"fullName":"HITL Utilities formatPoll should format a simple poll with title and options","status":"passed","title":"should format a simple poll with title and options","duration":0.7235829999999908,"failureMessages":[],"meta":{}},{"ancestorTitles":["HITL Utilities","formatPoll"],"fullName":"HITL Utilities formatPoll should include description when provided","status":"passed","title":"should include description when provided","duration":0.08237500000001319,"failureMessages":[],"meta":{}},{"ancestorTitles":["HITL Utilities","formatPoll"],"fullName":"HITL Utilities formatPoll should include option descriptions","status":"passed","title":"should include option descriptions","duration":0.05720800000000281,"failureMessages":[],"meta":{}},{"ancestorTitles":["HITL Utilities","formatPoll"],"fullName":"HITL Utilities formatPoll should show free text instruction when allowed","status":"passed","title":"should show free text instruction when allowed","duration":0.04733299999998053,"failureMessages":[],"meta":{}},{"ancestorTitles":["HITL Utilities","formatPoll"],"fullName":"HITL Utilities formatPoll should NOT show free text instruction when not allowed","status":"passed","title":"should NOT show free text instruction when not allowed","duration":0.08729099999999335,"failureMessages":[],"meta":{}},{"ancestorTitles":["HITL Utilities","formatConfirmation"],"fullName":"HITL Utilities formatConfirmation should format confirmation with title and summary","status":"passed","title":"should format confirmation with title and summary","duration":0.07904099999998948,"failureMessages":[],"meta":{}},{"ancestorTitles":["HITL Utilities","formatInputRequest"],"fullName":"HITL Utilities formatInputRequest should format input request with title and prompt","status":"passed","title":"should format input request with title and prompt","duration":0.05904100000000767,"failureMessages":[],"meta":{}},{"ancestorTitles":["HITL Utilities","formatInputRequest"],"fullName":"HITL Utilities formatInputRequest should include hint when provided","status":"passed","title":"should include hint when provided","duration":0.029125000000021828,"failureMessages":[],"meta":{}},{"ancestorTitles":["HITL Utilities","formatInputRequest"],"fullName":"HITL Utilities formatInputRequest should NOT include hint section when not provided","status":"passed","title":"should NOT include hint section when not provided","duration":0.038833000000011,"failureMessages":[],"meta":{}},{"ancestorTitles":["HITL Utilities","formatYieldMessage"],"fullName":"HITL Utilities formatYieldMessage should format yield message with agent name and reason","status":"passed","title":"should format yield message with agent name and reason","duration":0.10645900000000097,"failureMessages":[],"meta":{}},{"ancestorTitles":["HITL Utilities","formatYieldMessage"],"fullName":"HITL Utilities formatYieldMessage should include options when provided","status":"passed","title":"should include options when provided","duration":0.07479100000000471,"failureMessages":[],"meta":{}},{"ancestorTitles":["HITL Utilities","formatYieldMessage"],"fullName":"HITL Utilities formatYieldMessage should show appropriate instruction without options","status":"passed","title":"should show appropriate instruction without options","duration":0.03708399999999301,"failureMessages":[],"meta":{}},{"ancestorTitles":["HITL Utilities","formatYieldMessage"],"fullName":"HITL Utilities formatYieldMessage should show choose instruction with options","status":"passed","title":"should show choose instruction with options","duration":0.028666999999984455,"failureMessages":[],"meta":{}},{"ancestorTitles":["HITL Utilities","parseUserResponse"],"fullName":"HITL Utilities parseUserResponse should parse numeric input as option selection","status":"passed","title":"should parse numeric input as option selection","duration":0.12637500000002433,"failureMessages":[],"meta":{}},{"ancestorTitles":["HITL Utilities","parseUserResponse"],"fullName":"HITL Utilities parseUserResponse should parse second option","status":"passed","title":"should parse second option","duration":0.040625000000005684,"failureMessages":[],"meta":{}},{"ancestorTitles":["HITL Utilities","parseUserResponse"],"fullName":"HITL Utilities parseUserResponse should parse third option","status":"passed","title":"should parse third option","duration":0.03620899999998528,"failureMessages":[],"meta":{}},{"ancestorTitles":["HITL Utilities","parseUserResponse"],"fullName":"HITL Utilities parseUserResponse should handle whitespace around number","status":"passed","title":"should handle whitespace around number","duration":0.03129200000000765,"failureMessages":[],"meta":{}},{"ancestorTitles":["HITL Utilities","parseUserResponse"],"fullName":"HITL Utilities parseUserResponse should parse exact ID match (case-insensitive)","status":"passed","title":"should parse exact ID match (case-insensitive)","duration":0.03925000000000978,"failureMessages":[],"meta":{}},{"ancestorTitles":["HITL Utilities","parseUserResponse"],"fullName":"HITL Utilities parseUserResponse should parse lowercase ID match","status":"passed","title":"should parse lowercase ID match","duration":0.02750000000000341,"failureMessages":[],"meta":{}},{"ancestorTitles":["HITL Utilities","parseUserResponse"],"fullName":"HITL Utilities parseUserResponse should return free text for non-matching input","status":"passed","title":"should return free text for non-matching input","duration":0.03554199999999241,"failureMessages":[],"meta":{}},{"ancestorTitles":["HITL Utilities","parseUserResponse"],"fullName":"HITL Utilities parseUserResponse should return free text for out-of-range number","status":"passed","title":"should return free text for out-of-range number","duration":0.027167000000019925,"failureMessages":[],"meta":{}},{"ancestorTitles":["HITL Utilities","parseUserResponse"],"fullName":"HITL Utilities parseUserResponse should return free text for zero","status":"passed","title":"should return free text for zero","duration":0.027457999999995764,"failureMessages":[],"meta":{}},{"ancestorTitles":["HITL Utilities","parseUserResponse"],"fullName":"HITL Utilities parseUserResponse should return free text for negative number","status":"passed","title":"should return free text for negative number","duration":0.03316699999999173,"failureMessages":[],"meta":{}},{"ancestorTitles":["HITL Utilities","parseUserResponse"],"fullName":"HITL Utilities parseUserResponse should preserve raw_input in option response","status":"passed","title":"should preserve raw_input in option response","duration":0.023875000000003865,"failureMessages":[],"meta":{}}],"startTime":1767352627501,"endTime":1767352627503.1265,"status":"passed","message":"","name":"/Users/bangedorrunt/workspace/opencode-addons/src/orchestrator/hitl.test.ts"},{"assertionResults":[{"ancestorTitles":["LearningExtractor","initialize"],"fullName":"LearningExtractor initialize should initialize the stream","status":"passed","title":"should initialize the stream","duration":1.2672089999999798,"failureMessages":[],"meta":{}},{"ancestorTitles":["LearningExtractor","extractFromSession"],"fullName":"LearningExtractor extractFromSession should extract learnings from session events","status":"passed","title":"should extract learnings from session events","duration":0.6856250000000159,"failureMessages":[],"meta":{}},{"ancestorTitles":["LearningExtractor","extractFromSession"],"fullName":"LearningExtractor extractFromSession should extract corrections from events","status":"passed","title":"should extract corrections from events","duration":0.33320799999995643,"failureMessages":[],"meta":{}},{"ancestorTitles":["LearningExtractor","extractFromSession"],"fullName":"LearningExtractor extractFromSession should extract anti-patterns from failed agents","status":"passed","title":"should extract anti-patterns from failed agents","duration":0.31270799999998644,"failureMessages":[],"meta":{}},{"ancestorTitles":["LearningExtractor","extractFromSession"],"fullName":"LearningExtractor extractFromSession should extract preferences from approved checkpoints","status":"passed","title":"should extract preferences from approved checkpoints","duration":0.15479100000004564,"failureMessages":[],"meta":{}},{"ancestorTitles":["LearningExtractor","extractFromEvents"],"fullName":"LearningExtractor extractFromEvents should extract learnings from raw events array","status":"passed","title":"should extract learnings from raw events array","duration":0.12583300000000008,"failureMessages":[],"meta":{}},{"ancestorTitles":["LearningExtractor","startRealTimeExtraction"],"fullName":"LearningExtractor startRealTimeExtraction should subscribe to stream events","status":"passed","title":"should subscribe to stream events","duration":0.13329099999998562,"failureMessages":[],"meta":{}},{"ancestorTitles":["LearningExtractor","startRealTimeExtraction"],"fullName":"LearningExtractor startRealTimeExtraction should call handler when learning is extracted","status":"passed","title":"should call handler when learning is extracted","duration":0.17479200000002493,"failureMessages":[],"meta":{}},{"ancestorTitles":["LearningExtractor","stopRealTimeExtraction"],"fullName":"LearningExtractor stopRealTimeExtraction should stop real-time extraction","status":"passed","title":"should stop real-time extraction","duration":0.1629169999999931,"failureMessages":[],"meta":{}},{"ancestorTitles":["LearningExtractor","getExtractedLearnings"],"fullName":"LearningExtractor getExtractedLearnings should return extracted learnings","status":"passed","title":"should return extracted learnings","duration":0.16091599999998607,"failureMessages":[],"meta":{}},{"ancestorTitles":["LearningExtractor","clearLearnings"],"fullName":"LearningExtractor clearLearnings should clear extracted learnings","status":"passed","title":"should clear extracted learnings","duration":0.12079199999999446,"failureMessages":[],"meta":{}},{"ancestorTitles":["LearningExtractor","confidence filtering"],"fullName":"LearningExtractor confidence filtering should filter out learnings below minConfidence","status":"passed","title":"should filter out learnings below minConfidence","duration":0.157291999999984,"failureMessages":[],"meta":{}},{"ancestorTitles":["LearningExtractor","confidence filtering"],"fullName":"LearningExtractor confidence filtering should respect maxLearnings limit","status":"passed","title":"should respect maxLearnings limit","duration":0.20583399999998164,"failureMessages":[],"meta":{}}],"startTime":1767352627298,"endTime":1767352627302.2058,"status":"passed","message":"","name":"/Users/bangedorrunt/workspace/opencode-addons/src/orchestrator/learning-extractor.test.ts"},{"assertionResults":[{"ancestorTitles":["Learning Extraction","extractLearningsFromResult"],"fullName":"Learning Extraction extractLearningsFromResult should extract pattern from \"Use X for Y\"","status":"passed","title":"should extract pattern from \"Use X for Y\"","duration":0.6297500000000014,"failureMessages":[],"meta":{}},{"ancestorTitles":["Learning Extraction","extractLearningsFromResult"],"fullName":"Learning Extraction extractLearningsFromResult should extract anti-pattern from \"Don't use X\"","status":"passed","title":"should extract anti-pattern from \"Don't use X\"","duration":0.10354100000000699,"failureMessages":[],"meta":{}},{"ancestorTitles":["Learning Extraction","extractLearningsFromResult"],"fullName":"Learning Extraction extractLearningsFromResult should extract decision from \"Chose X over Y\"","status":"passed","title":"should extract decision from \"Chose X over Y\"","duration":0.05824999999998681,"failureMessages":[],"meta":{}},{"ancestorTitles":["Learning Extraction","extractLearningsFromResult"],"fullName":"Learning Extraction extractLearningsFromResult should extract pattern from \"X works well\"","status":"passed","title":"should extract pattern from \"X works well\"","duration":0.060708000000033735,"failureMessages":[],"meta":{}},{"ancestorTitles":["Learning Extraction","extractLearningsFromResult"],"fullName":"Learning Extraction extractLearningsFromResult should extract anti-pattern from \"X causes Y\"","status":"passed","title":"should extract anti-pattern from \"X causes Y\"","duration":0.047541000000023814,"failureMessages":[],"meta":{}},{"ancestorTitles":["Learning Extraction","extractLearningsFromResult"],"fullName":"Learning Extraction extractLearningsFromResult should return empty for no recognizable patterns","status":"passed","title":"should return empty for no recognizable patterns","duration":0.0561249999999518,"failureMessages":[],"meta":{}},{"ancestorTitles":["Session Lifecycle Hooks","onSessionStart"],"fullName":"Session Lifecycle Hooks onSessionStart should return active epic info","status":"passed","title":"should return active epic info","duration":0.2949999999999591,"failureMessages":[],"meta":{}},{"ancestorTitles":["Session Lifecycle Hooks","onSessionStart"],"fullName":"Session Lifecycle Hooks onSessionStart should include recent learnings","status":"passed","title":"should include recent learnings","duration":0.4017090000000394,"failureMessages":[],"meta":{}},{"ancestorTitles":["Session Lifecycle Hooks","onTaskComplete"],"fullName":"Session Lifecycle Hooks onTaskComplete should update task status in ledger","status":"passed","title":"should update task status in ledger","duration":0.33437500000002274,"failureMessages":[],"meta":{}},{"ancestorTitles":["Session Lifecycle Hooks","onPreCompact"],"fullName":"Session Lifecycle Hooks onPreCompact should create handoff message","status":"passed","title":"should create handoff message","duration":0.14683399999995572,"failureMessages":[],"meta":{}},{"ancestorTitles":["Session Lifecycle Hooks","onSessionEnd"],"fullName":"Session Lifecycle Hooks onSessionEnd should archive epic on success","status":"passed","title":"should archive epic on success","duration":0.13954200000000583,"failureMessages":[],"meta":{}},{"ancestorTitles":["Format Session Context"],"fullName":"Format Session Context should format session start result as context","status":"passed","title":"should format session start result as context","duration":0.09029099999997925,"failureMessages":[],"meta":{}},{"ancestorTitles":["Format Session Context"],"fullName":"Format Session Context should indicate no active epic","status":"passed","title":"should indicate no active epic","duration":0.03449999999997999,"failureMessages":[],"meta":{}}],"startTime":1767352627295,"endTime":1767352627298.1467,"status":"passed","message":"","name":"/Users/bangedorrunt/workspace/opencode-addons/src/orchestrator/ledger-hooks.test.ts"},{"assertionResults":[{"ancestorTitles":["Ledger Core Operations","createEpic"],"fullName":"Ledger Core Operations createEpic should create a new epic with unique ID","status":"passed","title":"should create a new epic with unique ID","duration":1.1037090000000376,"failureMessages":[],"meta":{}},{"ancestorTitles":["Ledger Core Operations","createEpic"],"fullName":"Ledger Core Operations createEpic should throw if epic already exists","status":"passed","title":"should throw if epic already exists","duration":0.3111250000000041,"failureMessages":[],"meta":{}},{"ancestorTitles":["Ledger Core Operations","createEpic"],"fullName":"Ledger Core Operations createEpic should update meta phase to DECOMPOSITION","status":"passed","title":"should update meta phase to DECOMPOSITION","duration":0.06279200000000174,"failureMessages":[],"meta":{}},{"ancestorTitles":["Ledger Core Operations","createTask"],"fullName":"Ledger Core Operations createTask should create a task within epic","status":"passed","title":"should create a task within epic","duration":0.1935420000000363,"failureMessages":[],"meta":{}},{"ancestorTitles":["Ledger Core Operations","createTask"],"fullName":"Ledger Core Operations createTask should create multiple tasks with sequential IDs","status":"passed","title":"should create multiple tasks with sequential IDs","duration":0.16045800000000554,"failureMessages":[],"meta":{}},{"ancestorTitles":["Ledger Core Operations","createTask"],"fullName":"Ledger Core Operations createTask should throw if no active epic","status":"passed","title":"should throw if no active epic","duration":0.09945899999996755,"failureMessages":[],"meta":{}},{"ancestorTitles":["Ledger Core Operations","createTask"],"fullName":"Ledger Core Operations createTask should throw if max tasks reached","status":"passed","title":"should throw if max tasks reached","duration":0.109375,"failureMessages":[],"meta":{}},{"ancestorTitles":["Ledger Core Operations","createTask"],"fullName":"Ledger Core Operations createTask should support dependencies","status":"passed","title":"should support dependencies","duration":0.17220900000000938,"failureMessages":[],"meta":{}},{"ancestorTitles":["Ledger Core Operations","updateTaskStatus"],"fullName":"Ledger Core Operations updateTaskStatus should update task status to running","status":"passed","title":"should update task status to running","duration":0.14333299999998417,"failureMessages":[],"meta":{}},{"ancestorTitles":["Ledger Core Operations","updateTaskStatus"],"fullName":"Ledger Core Operations updateTaskStatus should update task status to completed with result","status":"passed","title":"should update task status to completed with result","duration":0.10275000000001455,"failureMessages":[],"meta":{}},{"ancestorTitles":["Ledger Core Operations","updateTaskStatus"],"fullName":"Ledger Core Operations updateTaskStatus should update task status to failed with error","status":"passed","title":"should update task status to failed with error","duration":0.06587500000000546,"failureMessages":[],"meta":{}},{"ancestorTitles":["Ledger Core Operations","updateTaskStatus"],"fullName":"Ledger Core Operations updateTaskStatus should update meta tasksCompleted","status":"passed","title":"should update meta tasksCompleted","duration":0.04162500000001046,"failureMessages":[],"meta":{}},{"ancestorTitles":["Ledger Core Operations","addLearning"],"fullName":"Ledger Core Operations addLearning should add pattern learning","status":"passed","title":"should add pattern learning","duration":0.08495900000002621,"failureMessages":[],"meta":{}},{"ancestorTitles":["Ledger Core Operations","addLearning"],"fullName":"Ledger Core Operations addLearning should add anti-pattern learning","status":"passed","title":"should add anti-pattern learning","duration":0.07695899999998801,"failureMessages":[],"meta":{}},{"ancestorTitles":["Ledger Core Operations","addLearning"],"fullName":"Ledger Core Operations addLearning should add decision learning","status":"passed","title":"should add decision learning","duration":0.053749999999979536,"failureMessages":[],"meta":{}},{"ancestorTitles":["Ledger Core Operations","addLearning"],"fullName":"Ledger Core Operations addLearning should add preference learning","status":"passed","title":"should add preference learning","duration":0.04795799999999417,"failureMessages":[],"meta":{}},{"ancestorTitles":["Ledger Core Operations","surfaceLearnings"],"fullName":"Ledger Core Operations surfaceLearnings should return recent learnings","status":"passed","title":"should return recent learnings","duration":0.13079199999998536,"failureMessages":[],"meta":{}},{"ancestorTitles":["Ledger Core Operations","surfaceLearnings"],"fullName":"Ledger Core Operations surfaceLearnings should respect limit parameter","status":"passed","title":"should respect limit parameter","duration":0.06266700000003311,"failureMessages":[],"meta":{}},{"ancestorTitles":["Ledger Markdown Parser"],"fullName":"Ledger Markdown Parser should parse empty ledger","status":"passed","title":"should parse empty ledger","duration":0.3820410000000152,"failureMessages":[],"meta":{}},{"ancestorTitles":["Ledger Markdown Parser"],"fullName":"Ledger Markdown Parser should treat \"*No active dialogue*\" as no active dialogue","status":"passed","title":"should treat \"*No active dialogue*\" as no active dialogue","duration":0.308667000000014,"failureMessages":[],"meta":{}},{"ancestorTitles":["Ledger Markdown Parser"],"fullName":"Ledger Markdown Parser should round-trip an active dialogue section","status":"passed","title":"should round-trip an active dialogue section","duration":0.4636249999999791,"failureMessages":[],"meta":{}},{"ancestorTitles":["Ledger Markdown Parser"],"fullName":"Ledger Markdown Parser should parse ledger with epic and tasks","status":"passed","title":"should parse ledger with epic and tasks","duration":0.11824999999998909,"failureMessages":[],"meta":{}},{"ancestorTitles":["Ledger Markdown Renderer"],"fullName":"Ledger Markdown Renderer should render ledger to markdown","status":"passed","title":"should render ledger to markdown","duration":0.08462500000001683,"failureMessages":[],"meta":{}},{"ancestorTitles":["Ledger Markdown Renderer"],"fullName":"Ledger Markdown Renderer should render learnings section","status":"passed","title":"should render learnings section","duration":0.04408300000000054,"failureMessages":[],"meta":{}},{"ancestorTitles":["Epic Operations","archiveEpic"],"fullName":"Epic Operations archiveEpic should archive completed epic","status":"passed","title":"should archive completed epic","duration":0.1525829999999928,"failureMessages":[],"meta":{}},{"ancestorTitles":["Epic Operations","archiveEpic"],"fullName":"Epic Operations archiveEpic should limit archive to 5 entries","status":"passed","title":"should limit archive to 5 entries","duration":0.1296660000000429,"failureMessages":[],"meta":{}},{"ancestorTitles":["Epic Operations","getProgress"],"fullName":"Epic Operations getProgress should return progress percentage","status":"passed","title":"should return progress percentage","duration":0.09195900000003121,"failureMessages":[],"meta":{}},{"ancestorTitles":["Epic Operations","getProgress"],"fullName":"Epic Operations getProgress should return N/A for no tasks","status":"passed","title":"should return N/A for no tasks","duration":0.044792000000029475,"failureMessages":[],"meta":{}},{"ancestorTitles":["Epic Operations","createHandoff"],"fullName":"Epic Operations createHandoff should create handoff section","status":"passed","title":"should create handoff section","duration":0.11949999999995953,"failureMessages":[],"meta":{}}],"startTime":1767352627294,"endTime":1767352627300.1194,"status":"passed","message":"","name":"/Users/bangedorrunt/workspace/opencode-addons/src/orchestrator/ledger.test.ts"},{"assertionResults":[{"ancestorTitles":["TaskObserver","start/stop"],"fullName":"TaskObserver start/stop should start and stop observation","status":"passed","title":"should start and stop observation","duration":1.0644159999999943,"failureMessages":[],"meta":{}},{"ancestorTitles":["TaskObserver","checkNow"],"fullName":"TaskObserver checkNow should perform a observation check","status":"passed","title":"should perform a observation check","duration":0.2463329999999928,"failureMessages":[],"meta":{}},{"ancestorTitles":["TaskObserver","timeout handling"],"fullName":"TaskObserver timeout handling should detect and retry timed-out tasks","status":"passed","title":"should detect and retry timed-out tasks","duration":114.08379200000002,"failureMessages":[],"meta":{}},{"ancestorTitles":["TaskObserver","timeout handling"],"fullName":"TaskObserver timeout handling should mark as failed after max retries","status":"passed","title":"should mark as failed after max retries","duration":100.92479200000002,"failureMessages":[],"meta":{}},{"ancestorTitles":["TaskObserver","stuck task handling"],"fullName":"TaskObserver stuck task handling should detect stuck tasks with stale heartbeats","status":"passed","title":"should detect stuck tasks with stale heartbeats","duration":101.76233300000001,"failureMessages":[],"meta":{}},{"ancestorTitles":["TaskObserver","completion detection"],"fullName":"TaskObserver completion detection should fetch result when session is idle","status":"passed","title":"should fetch result when session is idle","duration":0.2680000000000291,"failureMessages":[],"meta":{}},{"ancestorTitles":["TaskObserver","stats"],"fullName":"TaskObserver stats should track observation statistics","status":"passed","title":"should track observation statistics","duration":0.13237500000002456,"failureMessages":[],"meta":{}},{"ancestorTitles":["Singleton Functions"],"fullName":"Singleton Functions getTaskObserver should return singleton instance","status":"passed","title":"getTaskObserver should return singleton instance","duration":0.13183300000002873,"failureMessages":[],"meta":{}}],"startTime":1767352627308,"endTime":1767352627626.268,"status":"passed","message":"","name":"/Users/bangedorrunt/workspace/opencode-addons/src/orchestrator/observer.test.ts"},{"assertionResults":[{"ancestorTitles":["Progress Notifications","formatStatusLine"],"fullName":"Progress Notifications formatStatusLine should format status with agent and message","status":"passed","title":"should format status with agent and message","duration":0.6004170000000215,"failureMessages":[],"meta":{}},{"ancestorTitles":["Progress Notifications","formatStatusLine"],"fullName":"Progress Notifications formatStatusLine should format with progress percentage","status":"passed","title":"should format with progress percentage","duration":0.08525000000000205,"failureMessages":[],"meta":{}},{"ancestorTitles":["Progress Notifications","formatStatusLine"],"fullName":"Progress Notifications formatStatusLine should handle 0% progress","status":"passed","title":"should handle 0% progress","duration":0.06416699999999764,"failureMessages":[],"meta":{}},{"ancestorTitles":["Progress Notifications","formatStatusLine"],"fullName":"Progress Notifications formatStatusLine should handle 100% progress","status":"passed","title":"should handle 100% progress","duration":0.040832999999992126,"failureMessages":[],"meta":{}},{"ancestorTitles":["Progress Notifications","formatStatusLine"],"fullName":"Progress Notifications formatStatusLine should include phase icon","status":"passed","title":"should include phase icon","duration":0.03524999999999068,"failureMessages":[],"meta":{}},{"ancestorTitles":["Progress Notifications","AGENT_PHASES"],"fullName":"Progress Notifications AGENT_PHASES should have interviewer phases array","status":"passed","title":"should have interviewer phases array","duration":0.37395899999998505,"failureMessages":[],"meta":{}},{"ancestorTitles":["Progress Notifications","AGENT_PHASES"],"fullName":"Progress Notifications AGENT_PHASES should have architect phases array","status":"passed","title":"should have architect phases array","duration":0.08654199999998013,"failureMessages":[],"meta":{}},{"ancestorTitles":["Progress Notifications","AGENT_PHASES"],"fullName":"Progress Notifications AGENT_PHASES should have executor phases array","status":"passed","title":"should have executor phases array","duration":0.07545799999999758,"failureMessages":[],"meta":{}},{"ancestorTitles":["Progress Notifications","AGENT_PHASES"],"fullName":"Progress Notifications AGENT_PHASES should have reviewer phases array","status":"passed","title":"should have reviewer phases array","duration":0.08058400000001598,"failureMessages":[],"meta":{}},{"ancestorTitles":["Progress Notifications","AGENT_PHASES"],"fullName":"Progress Notifications AGENT_PHASES should have validator phases array","status":"passed","title":"should have validator phases array","duration":0.0675420000000031,"failureMessages":[],"meta":{}},{"ancestorTitles":["Progress Notifications","AGENT_PHASES"],"fullName":"Progress Notifications AGENT_PHASES should have all 9 agents mapped (including chief-of-staff)","status":"passed","title":"should have all 9 agents mapped (including chief-of-staff)","duration":0.18304200000000037,"failureMessages":[],"meta":{}}],"startTime":1767352627522,"endTime":1767352627524.183,"status":"passed","message":"","name":"/Users/bangedorrunt/workspace/opencode-addons/src/orchestrator/progress.test.ts"},{"assertionResults":[{"ancestorTitles":["Session Coordination - waitForSessionCompletion"],"fullName":"Session Coordination - waitForSessionCompletion should resolve immediately if event is already in history (Race Condition Fix)","status":"passed","title":"should resolve immediately if event is already in history (Race Condition Fix)","duration":8.33766700000001,"failureMessages":[],"meta":{}},{"ancestorTitles":["Session Coordination - waitForSessionCompletion"],"fullName":"Session Coordination - waitForSessionCompletion should resolve when event is emitted after waiting (Event Subscription)","status":"passed","title":"should resolve when event is emitted after waiting (Event Subscription)","duration":83.32333300000005,"failureMessages":[],"meta":{}},{"ancestorTitles":["Session Coordination - waitForSessionCompletion"],"fullName":"Session Coordination - waitForSessionCompletion should handle failure events correctly","status":"passed","title":"should handle failure events correctly","duration":52.233999999999924,"failureMessages":[],"meta":{}},{"ancestorTitles":["Session Coordination - waitForSessionCompletion"],"fullName":"Session Coordination - waitForSessionCompletion should timeout if no event is received","status":"passed","title":"should timeout if no event is received","duration":102.00308300000006,"failureMessages":[],"meta":{}},{"ancestorTitles":["Session Coordination - waitForSessionCompletion"],"fullName":"Session Coordination - waitForSessionCompletion should resolve on lifecycle.session.idle and fetch result","status":"passed","title":"should resolve on lifecycle.session.idle and fetch result","duration":53.71837500000004,"failureMessages":[],"meta":{}}],"startTime":1767352627558,"endTime":1767352627857.7183,"status":"passed","message":"","name":"/Users/bangedorrunt/workspace/opencode-addons/src/orchestrator/session-coordination.test.ts"},{"assertionResults":[{"ancestorTitles":["Session Strategy","AGENT_SESSION_CONFIG"],"fullName":"Session Strategy AGENT_SESSION_CONFIG should have 8 active agents configured","status":"passed","title":"should have 8 active agents configured","duration":0.5789580000000001,"failureMessages":[],"meta":{}},{"ancestorTitles":["Session Strategy","AGENT_SESSION_CONFIG"],"fullName":"Session Strategy AGENT_SESSION_CONFIG should have correct session modes","status":"passed","title":"should have correct session modes","duration":0.17062499999997272,"failureMessages":[],"meta":{}},{"ancestorTitles":["Session Strategy","AGENT_SESSION_CONFIG"],"fullName":"Session Strategy AGENT_SESSION_CONFIG should preserve intended modes for future reference","status":"passed","title":"should preserve intended modes for future reference","duration":0.07287499999998204,"failureMessages":[],"meta":{}},{"ancestorTitles":["Session Strategy","getSessionMode"],"fullName":"Session Strategy getSessionMode should return correct mode for known agents","status":"passed","title":"should return correct mode for known agents","duration":0.07437500000000341,"failureMessages":[],"meta":{}},{"ancestorTitles":["Session Strategy","getSessionMode"],"fullName":"Session Strategy getSessionMode should normalize agent names with prefix","status":"passed","title":"should normalize agent names with prefix","duration":0.051124999999984766,"failureMessages":[],"meta":{}},{"ancestorTitles":["Session Strategy","getSessionMode"],"fullName":"Session Strategy getSessionMode should default to child for unknown agents","status":"passed","title":"should default to child for unknown agents","duration":0.041209000000009155,"failureMessages":[],"meta":{}},{"ancestorTitles":["Session Strategy","requiresContext"],"fullName":"Session Strategy requiresContext should return true for context-requiring agents","status":"passed","title":"should return true for context-requiring agents","duration":0.06083300000000236,"failureMessages":[],"meta":{}},{"ancestorTitles":["Session Strategy","requiresContext"],"fullName":"Session Strategy requiresContext should return false for quick lookup agents","status":"passed","title":"should return false for quick lookup agents","duration":0.0418329999999969,"failureMessages":[],"meta":{}},{"ancestorTitles":["Session Strategy","buildHandoffContext"],"fullName":"Session Strategy buildHandoffContext should extract directives from LEDGER","status":"passed","title":"should extract directives from LEDGER","duration":0.4476659999999981,"failureMessages":[],"meta":{}},{"ancestorTitles":["Session Strategy","buildHandoffContext"],"fullName":"Session Strategy buildHandoffContext should extract decisions from epic context","status":"passed","title":"should extract decisions from epic context","duration":0.11141699999998878,"failureMessages":[],"meta":{}},{"ancestorTitles":["Session Strategy","buildHandoffContext"],"fullName":"Session Strategy buildHandoffContext should build plan summary from epic","status":"passed","title":"should build plan summary from epic","duration":0.05166699999998059,"failureMessages":[],"meta":{}},{"ancestorTitles":["Session Strategy","buildHandoffContext"],"fullName":"Session Strategy buildHandoffContext should collect affected files from tasks","status":"passed","title":"should collect affected files from tasks","duration":0.07470899999998437,"failureMessages":[],"meta":{}},{"ancestorTitles":["Session Strategy","buildHandoffContext"],"fullName":"Session Strategy buildHandoffContext should include recent learnings","status":"passed","title":"should include recent learnings","duration":0.04887500000000955,"failureMessages":[],"meta":{}},{"ancestorTitles":["Session Strategy","prepareChildSessionPrompt"],"fullName":"Session Strategy prepareChildSessionPrompt should prepend context header to prompt","status":"passed","title":"should prepend context header to prompt","duration":0.09762499999999363,"failureMessages":[],"meta":{}},{"ancestorTitles":["Session Strategy","prepareChildSessionPrompt"],"fullName":"Session Strategy prepareChildSessionPrompt should include all context sections","status":"passed","title":"should include all context sections","duration":0.06125000000000114,"failureMessages":[],"meta":{}}],"startTime":1767352627494,"endTime":1767352627496.4478,"status":"passed","message":"","name":"/Users/bangedorrunt/workspace/opencode-addons/src/orchestrator/session-strategy.test.ts"},{"assertionResults":[{"ancestorTitles":["SignalBuffer"],"fullName":"SignalBuffer should enqueue and check signals","status":"passed","title":"should enqueue and check signals","duration":0.6784999999999854,"failureMessages":[],"meta":{}},{"ancestorTitles":["SignalBuffer"],"fullName":"SignalBuffer should flush signals in FIFO order","status":"passed","title":"should flush signals in FIFO order","duration":0.13262499999999022,"failureMessages":[],"meta":{}},{"ancestorTitles":["SignalBuffer"],"fullName":"SignalBuffer should handle multiple sessions independently","status":"passed","title":"should handle multiple sessions independently","duration":0.12070800000000759,"failureMessages":[],"meta":{}}],"startTime":1767352627523,"endTime":1767352627523.6785,"status":"passed","message":"","name":"/Users/bangedorrunt/workspace/opencode-addons/src/orchestrator/signal-buffer.test.ts"},{"assertionResults":[{"ancestorTitles":["Skill Agent Resolution Logic"],"fullName":"Skill Agent Resolution Logic should resolve agent using exact name","status":"passed","title":"should resolve agent using exact name","duration":0.7484170000000177,"failureMessages":[],"meta":{}},{"ancestorTitles":["Skill Agent Resolution Logic"],"fullName":"Skill Agent Resolution Logic should resolve agent with chief-of-staff prefix if not provided","status":"passed","title":"should resolve agent with chief-of-staff prefix if not provided","duration":0.09250000000000114,"failureMessages":[],"meta":{}},{"ancestorTitles":["Skill Agent Resolution Logic"],"fullName":"Skill Agent Resolution Logic should resolve agent with skill_name prefix","status":"passed","title":"should resolve agent with skill_name prefix","duration":0.06741700000000606,"failureMessages":[],"meta":{}},{"ancestorTitles":["Skill Agent Resolution Logic"],"fullName":"Skill Agent Resolution Logic should fallback to Explore if agent not found","status":"passed","title":"should fallback to Explore if agent not found","duration":0.06479100000001381,"failureMessages":[],"meta":{}},{"ancestorTitles":["Skill Agent Resolution Logic"],"fullName":"Skill Agent Resolution Logic should fallback to General if Explore not found","status":"passed","title":"should fallback to General if Explore not found","duration":0.07133400000000734,"failureMessages":[],"meta":{}},{"ancestorTitles":["Skill Agent Resolution Logic"],"fullName":"Skill Agent Resolution Logic should prioritize skill_name over chief-of-staff default even if CoS matches","status":"passed","title":"should prioritize skill_name over chief-of-staff default even if CoS matches","duration":0.06345799999999713,"failureMessages":[],"meta":{}},{"ancestorTitles":["Skill Agent Resolution Logic"],"fullName":"Skill Agent Resolution Logic should return null if no agent or fallback exists","status":"passed","title":"should return null if no agent or fallback exists","duration":0.05595800000000395,"failureMessages":[],"meta":{}},{"ancestorTitles":["Skill Agent Resolution Logic"],"fullName":"Skill Agent Resolution Logic should list all agents uniquely and sorted","status":"passed","title":"should list all agents uniquely and sorted","duration":0.42079200000000583,"failureMessages":[],"meta":{}}],"startTime":1767352627513,"endTime":1767352627514.421,"status":"passed","message":"","name":"/Users/bangedorrunt/workspace/opencode-addons/src/orchestrator/skill-agent-resolution.test.ts"},{"assertionResults":[{"ancestorTitles":["TaskRegistry","register"],"fullName":"TaskRegistry register should register a new task with pending status","status":"passed","title":"should register a new task with pending status","duration":0.6733329999999569,"failureMessages":[],"meta":{}},{"ancestorTitles":["TaskRegistry","register"],"fullName":"TaskRegistry register should use ledgerTaskId as task ID if provided","status":"passed","title":"should use ledgerTaskId as task ID if provided","duration":0.08125000000001137,"failureMessages":[],"meta":{}},{"ancestorTitles":["TaskRegistry","updateStatus"],"fullName":"TaskRegistry updateStatus should update task status","status":"passed","title":"should update task status","duration":0.13195799999999736,"failureMessages":[],"meta":{}},{"ancestorTitles":["TaskRegistry","updateStatus"],"fullName":"TaskRegistry updateStatus should set startedAt when status changes to running","status":"passed","title":"should set startedAt when status changes to running","duration":0.059750000000008185,"failureMessages":[],"meta":{}},{"ancestorTitles":["TaskRegistry","heartbeat"],"fullName":"TaskRegistry heartbeat should update lastHeartbeat timestamp","status":"passed","title":"should update lastHeartbeat timestamp","duration":0.08741699999995944,"failureMessages":[],"meta":{}},{"ancestorTitles":["TaskRegistry","getTimedOutTasks"],"fullName":"TaskRegistry getTimedOutTasks should return tasks that exceeded timeout","status":"passed","title":"should return tasks that exceeded timeout","duration":151.826125,"failureMessages":[],"meta":{}},{"ancestorTitles":["TaskRegistry","getTimedOutTasks"],"fullName":"TaskRegistry getTimedOutTasks should not return non-running tasks","status":"passed","title":"should not return non-running tasks","duration":151.473833,"failureMessages":[],"meta":{}},{"ancestorTitles":["TaskRegistry","getStuckTasks"],"fullName":"TaskRegistry getStuckTasks should return tasks with stale heartbeats","status":"passed","title":"should return tasks with stale heartbeats","duration":101.43370900000002,"failureMessages":[],"meta":{}},{"ancestorTitles":["TaskRegistry","getStuckTasks"],"fullName":"TaskRegistry getStuckTasks should not return tasks with recent heartbeats","status":"passed","title":"should not return tasks with recent heartbeats","duration":0.0987079999999878,"failureMessages":[],"meta":{}},{"ancestorTitles":["TaskRegistry","incrementRetry"],"fullName":"TaskRegistry incrementRetry should increment retry count","status":"passed","title":"should increment retry count","duration":0.1253750000000764,"failureMessages":[],"meta":{}},{"ancestorTitles":["TaskRegistry","getSummary"],"fullName":"TaskRegistry getSummary should return correct summary statistics","status":"passed","title":"should return correct summary statistics","duration":0.12458400000002712,"failureMessages":[],"meta":{}},{"ancestorTitles":["TaskRegistry","cleanup"],"fullName":"TaskRegistry cleanup should remove old completed tasks","status":"passed","title":"should remove old completed tasks","duration":10.862708999999995,"failureMessages":[],"meta":{}},{"ancestorTitles":["Singleton Functions"],"fullName":"Singleton Functions getTaskRegistry should return singleton instance","status":"passed","title":"getTaskRegistry should return singleton instance","duration":0.07925000000000182,"failureMessages":[],"meta":{}},{"ancestorTitles":["Singleton Functions"],"fullName":"Singleton Functions resetTaskRegistry should clear the singleton","status":"passed","title":"resetTaskRegistry should clear the singleton","duration":0.3439170000000331,"failureMessages":[],"meta":{}}],"startTime":1767352627287,"endTime":1767352627704.344,"status":"passed","message":"","name":"/Users/bangedorrunt/workspace/opencode-addons/src/orchestrator/task-registry.test.ts"},{"assertionResults":[{"ancestorTitles":["loadConfig"],"fullName":"loadConfig should return default config when file does not exist","status":"passed","title":"should return default config when file does not exist","duration":1.1038749999999595,"failureMessages":[],"meta":{}},{"ancestorTitles":["loadConfig"],"fullName":"loadConfig should load and parse valid config file","status":"passed","title":"should load and parse valid config file","duration":0.646082999999976,"failureMessages":[],"meta":{}},{"ancestorTitles":["loadConfig"],"fullName":"loadConfig should return default config when JSON is invalid","status":"passed","title":"should return default config when JSON is invalid","duration":0.3256250000000023,"failureMessages":[],"meta":{}},{"ancestorTitles":["loadConfig"],"fullName":"loadConfig should return default config when missing required models section","status":"passed","title":"should return default config when missing required models section","duration":0.3401660000000106,"failureMessages":[],"meta":{}},{"ancestorTitles":["loadConfig"],"fullName":"loadConfig should return default config when models section is empty","status":"passed","title":"should return default config when models section is empty","duration":0.2525410000000079,"failureMessages":[],"meta":{}},{"ancestorTitles":["loadConfig"],"fullName":"loadConfig should handle file read errors gracefully","status":"passed","title":"should handle file read errors gracefully","duration":0.3809159999999565,"failureMessages":[],"meta":{}},{"ancestorTitles":["loadConfig"],"fullName":"loadConfig should support custom agent paths","status":"passed","title":"should support custom agent paths","duration":0.2648749999999609,"failureMessages":[],"meta":{}},{"ancestorTitles":["loadConfig"],"fullName":"loadConfig should preserve disable and forcedSkills fields from config file","status":"passed","title":"should preserve disable and forcedSkills fields from config file","duration":0.5150409999999965,"failureMessages":[],"meta":{}},{"ancestorTitles":["saveConfig"],"fullName":"saveConfig should save config to file","status":"passed","title":"should save config to file","duration":0.3107909999999947,"failureMessages":[],"meta":{}},{"ancestorTitles":["saveConfig"],"fullName":"saveConfig should create directory if it does not exist","status":"passed","title":"should create directory if it does not exist","duration":0.42037500000003547,"failureMessages":[],"meta":{}},{"ancestorTitles":["saveConfig"],"fullName":"saveConfig should throw on invalid config","status":"passed","title":"should throw on invalid config","duration":0.3556670000000395,"failureMessages":[],"meta":{}},{"ancestorTitles":["configExists"],"fullName":"configExists should return false when file does not exist","status":"passed","title":"should return false when file does not exist","duration":0.07329099999998334,"failureMessages":[],"meta":{}},{"ancestorTitles":["configExists"],"fullName":"configExists should return true when file exists","status":"passed","title":"should return true when file exists","duration":0.15716599999996106,"failureMessages":[],"meta":{}},{"ancestorTitles":["loadConfigWithValidation"],"fullName":"loadConfigWithValidation should return config and validation result","status":"passed","title":"should return config and validation result","duration":0.24091700000002447,"failureMessages":[],"meta":{}},{"ancestorTitles":["loadConfigWithValidation"],"fullName":"loadConfigWithValidation should return validation errors for invalid config","status":"passed","title":"should return validation errors for invalid config","duration":0.21945799999997462,"failureMessages":[],"meta":{}},{"ancestorTitles":["loadConfigWithValidation"],"fullName":"loadConfigWithValidation should return valid validation for default config when file missing","status":"passed","title":"should return valid validation for default config when file missing","duration":0.07633299999997689,"failureMessages":[],"meta":{}},{"ancestorTitles":["getConfigDir"],"fullName":"getConfigDir should return platform-specific config directory","status":"passed","title":"should return platform-specific config directory","duration":0.055833000000006905,"failureMessages":[],"meta":{}},{"ancestorTitles":["getConfigDir"],"fullName":"getConfigDir should include homedir","status":"passed","title":"should include homedir","duration":0.07566700000000992,"failureMessages":[],"meta":{}},{"ancestorTitles":["getConfigPath"],"fullName":"getConfigPath should return full path to config file","status":"passed","title":"should return full path to config file","duration":0.39641699999998536,"failureMessages":[],"meta":{}}],"startTime":1767352627295,"endTime":1767352627301.3965,"status":"passed","message":"","name":"/Users/bangedorrunt/workspace/opencode-addons/src/opencode/config/loader.test.ts"},{"assertionResults":[{"ancestorTitles":["substituteModel","basic substitution"],"fullName":"substituteModel basic substitution should replace model line when override exists for planner","status":"passed","title":"should replace model line when override exists for planner","duration":0.7245419999999854,"failureMessages":[],"meta":{}},{"ancestorTitles":["substituteModel","basic substitution"],"fullName":"substituteModel basic substitution should replace model line when override exists for worker","status":"passed","title":"should replace model line when override exists for worker","duration":0.08962500000001228,"failureMessages":[],"meta":{}},{"ancestorTitles":["substituteModel","basic substitution"],"fullName":"substituteModel basic substitution should replace model line when override exists for researcher","status":"passed","title":"should replace model line when override exists for researcher","duration":0.06962500000000205,"failureMessages":[],"meta":{}},{"ancestorTitles":["substituteModel","no substitution"],"fullName":"substituteModel no substitution should return original prompt when no override exists for agent","status":"passed","title":"should return original prompt when no override exists for agent","duration":0.08262500000000728,"failureMessages":[],"meta":{}},{"ancestorTitles":["substituteModel","no substitution"],"fullName":"substituteModel no substitution should preserve all other content when substituting model","status":"passed","title":"should preserve all other content when substituting model","duration":0.09095900000002644,"failureMessages":[],"meta":{}},{"ancestorTitles":["substituteModel","edge cases"],"fullName":"substituteModel edge cases should handle prompts with multiple model-like lines correctly","status":"passed","title":"should handle prompts with multiple model-like lines correctly","duration":0.053749999999979536,"failureMessages":[],"meta":{}},{"ancestorTitles":["substituteModel","edge cases"],"fullName":"substituteModel edge cases should handle model lines with extra whitespace","status":"passed","title":"should handle model lines with extra whitespace","duration":0.04566599999998289,"failureMessages":[],"meta":{}},{"ancestorTitles":["substituteModel","edge cases"],"fullName":"substituteModel edge cases should return original prompt if model line not found","status":"passed","title":"should return original prompt if model line not found","duration":0.03316700000002015,"failureMessages":[],"meta":{}},{"ancestorTitles":["substituteModel","real-world scenarios"],"fullName":"substituteModel real-world scenarios should work with actual worker.md prompt format","status":"passed","title":"should work with actual worker.md prompt format","duration":0.05604100000002177,"failureMessages":[],"meta":{}},{"ancestorTitles":["substituteModel","real-world scenarios"],"fullName":"substituteModel real-world scenarios should work with actual planner.md prompt format","status":"passed","title":"should work with actual planner.md prompt format","duration":0.07833400000001234,"failureMessages":[],"meta":{}},{"ancestorTitles":["substituteModel","real-world scenarios"],"fullName":"substituteModel real-world scenarios should work with actual researcher.md prompt format","status":"passed","title":"should work with actual researcher.md prompt format","duration":0.05387499999997658,"failureMessages":[],"meta":{}}],"startTime":1767352627499,"endTime":1767352627501.0784,"status":"passed","message":"","name":"/Users/bangedorrunt/workspace/opencode-addons/src/opencode/config/substitutor.test.ts"},{"assertionResults":[{"ancestorTitles":["SwarmToolAddonsConfig","type definitions"],"fullName":"SwarmToolAddonsConfig type definitions should allow creating a valid config with path-based model overrides","status":"passed","title":"should allow creating a valid config with path-based model overrides","duration":1.7097909999999956,"failureMessages":[],"meta":{}},{"ancestorTitles":["SwarmToolAddonsConfig","type definitions"],"fullName":"SwarmToolAddonsConfig type definitions should allow partial model config with optional fields","status":"passed","title":"should allow partial model config with optional fields","duration":0.5839169999999854,"failureMessages":[],"meta":{}},{"ancestorTitles":["SwarmToolAddonsConfig","type definitions"],"fullName":"SwarmToolAddonsConfig type definitions should allow optional top-level settings","status":"passed","title":"should allow optional top-level settings","duration":0.0901659999999822,"failureMessages":[],"meta":{}},{"ancestorTitles":["SwarmToolAddonsConfig","type definitions"],"fullName":"SwarmToolAddonsConfig type definitions should require models section","status":"passed","title":"should require models section","duration":0.05608300000000099,"failureMessages":[],"meta":{}},{"ancestorTitles":["SwarmToolAddonsConfig","parseConfig"],"fullName":"SwarmToolAddonsConfig parseConfig should parse valid JSON config string","status":"passed","title":"should parse valid JSON config string","duration":0.12725000000000364,"failureMessages":[],"meta":{}},{"ancestorTitles":["SwarmToolAddonsConfig","parseConfig"],"fullName":"SwarmToolAddonsConfig parseConfig should throw on invalid JSON","status":"passed","title":"should throw on invalid JSON","duration":0.3662919999999872,"failureMessages":[],"meta":{}},{"ancestorTitles":["SwarmToolAddonsConfig","parseConfig"],"fullName":"SwarmToolAddonsConfig parseConfig should throw on missing models section","status":"passed","title":"should throw on missing models section","duration":0.10474999999999568,"failureMessages":[],"meta":{}},{"ancestorTitles":["SwarmToolAddonsConfig","parseConfig"],"fullName":"SwarmToolAddonsConfig parseConfig should throw on empty models section","status":"passed","title":"should throw on empty models section","duration":0.07520799999997507,"failureMessages":[],"meta":{}},{"ancestorTitles":["SwarmToolAddonsConfig","parseConfig"],"fullName":"SwarmToolAddonsConfig parseConfig should throw on missing model field","status":"passed","title":"should throw on missing model field","duration":0.07637499999998454,"failureMessages":[],"meta":{}},{"ancestorTitles":["SwarmToolAddonsConfig","validateConfig"],"fullName":"SwarmToolAddonsConfig validateConfig should validate complete config","status":"passed","title":"should validate complete config","duration":0.3066249999999968,"failureMessages":[],"meta":{}},{"ancestorTitles":["SwarmToolAddonsConfig","validateConfig"],"fullName":"SwarmToolAddonsConfig validateConfig should validate custom agent paths","status":"passed","title":"should validate custom agent paths","duration":0.06641700000000128,"failureMessages":[],"meta":{}},{"ancestorTitles":["SwarmToolAddonsConfig","validateConfig"],"fullName":"SwarmToolAddonsConfig validateConfig should return errors for invalid temperature values","status":"passed","title":"should return errors for invalid temperature values","duration":0.08012499999998113,"failureMessages":[],"meta":{}},{"ancestorTitles":["SwarmToolAddonsConfig","validateConfig"],"fullName":"SwarmToolAddonsConfig validateConfig should return errors for negative temperature","status":"passed","title":"should return errors for negative temperature","duration":0.05066600000000676,"failureMessages":[],"meta":{}},{"ancestorTitles":["SwarmToolAddonsConfig","validateConfig"],"fullName":"SwarmToolAddonsConfig validateConfig should validate logLevel if provided","status":"passed","title":"should validate logLevel if provided","duration":0.055542000000002645,"failureMessages":[],"meta":{}},{"ancestorTitles":["SwarmToolAddonsConfig","validateConfig"],"fullName":"SwarmToolAddonsConfig validateConfig should accept all valid log levels","status":"passed","title":"should accept all valid log levels","duration":0.06320800000000304,"failureMessages":[],"meta":{}},{"ancestorTitles":["SwarmToolAddonsConfig","validateConfig"],"fullName":"SwarmToolAddonsConfig validateConfig should return errors for empty model string","status":"passed","title":"should return errors for empty model string","duration":0.03337499999997817,"failureMessages":[],"meta":{}},{"ancestorTitles":["SwarmToolAddonsConfig","new fields: disable and forcedSkills"],"fullName":"SwarmToolAddonsConfig new fields: disable and forcedSkills should accept disable field in model config","status":"passed","title":"should accept disable field in model config","duration":0.040916999999979,"failureMessages":[],"meta":{}},{"ancestorTitles":["SwarmToolAddonsConfig","new fields: disable and forcedSkills"],"fullName":"SwarmToolAddonsConfig new fields: disable and forcedSkills should accept forcedSkills field in model config","status":"passed","title":"should accept forcedSkills field in model config","duration":0.06412500000001842,"failureMessages":[],"meta":{}},{"ancestorTitles":["SwarmToolAddonsConfig","new fields: disable and forcedSkills"],"fullName":"SwarmToolAddonsConfig new fields: disable and forcedSkills should accept empty forcedSkills array","status":"passed","title":"should accept empty forcedSkills array","duration":0.03699999999997772,"failureMessages":[],"meta":{}},{"ancestorTitles":["SwarmToolAddonsConfig","new fields: disable and forcedSkills"],"fullName":"SwarmToolAddonsConfig new fields: disable and forcedSkills should accept all optional fields together","status":"passed","title":"should accept all optional fields together","duration":0.04762500000001069,"failureMessages":[],"meta":{}},{"ancestorTitles":["SwarmToolAddonsConfig","new fields: disable and forcedSkills"],"fullName":"SwarmToolAddonsConfig new fields: disable and forcedSkills should parse config with disable and forcedSkills from JSON","status":"passed","title":"should parse config with disable and forcedSkills from JSON","duration":0.049625000000020236,"failureMessages":[],"meta":{}},{"ancestorTitles":["SwarmToolAddonsConfig","new fields: disable and forcedSkills"],"fullName":"SwarmToolAddonsConfig new fields: disable and forcedSkills should preserve disable and forcedSkills when undefined","status":"passed","title":"should preserve disable and forcedSkills when undefined","duration":0.028999999999996362,"failureMessages":[],"meta":{}}],"startTime":1767352627454,"endTime":1767352627458.0642,"status":"passed","message":"","name":"/Users/bangedorrunt/workspace/opencode-addons/src/opencode/config/types.test.ts"},{"assertionResults":[{"ancestorTitles":["FileBasedLedger","initialization"],"fullName":"FileBasedLedger initialization should detect uninitialized state","status":"passed","title":"should detect uninitialized state","duration":3.5674170000000345,"failureMessages":[],"meta":{}},{"ancestorTitles":["FileBasedLedger","initialization"],"fullName":"FileBasedLedger initialization should initialize directory structure","status":"passed","title":"should initialize directory structure","duration":9.756666999999993,"failureMessages":[],"meta":{}},{"ancestorTitles":["FileBasedLedger","initialization"],"fullName":"FileBasedLedger initialization should detect initialized state","status":"passed","title":"should detect initialized state","duration":5.855500000000006,"failureMessages":[],"meta":{}},{"ancestorTitles":["FileBasedLedger","epic operations"],"fullName":"FileBasedLedger epic operations should create a new epic","status":"passed","title":"should create a new epic","duration":13.51808299999999,"failureMessages":[],"meta":{}},{"ancestorTitles":["FileBasedLedger","epic operations"],"fullName":"FileBasedLedger epic operations should get active epic","status":"passed","title":"should get active epic","duration":9.109999999999957,"failureMessages":[],"meta":{}},{"ancestorTitles":["FileBasedLedger","epic operations"],"fullName":"FileBasedLedger epic operations should prevent creating epic when one exists","status":"passed","title":"should prevent creating epic when one exists","duration":14.278875000000028,"failureMessages":[],"meta":{}},{"ancestorTitles":["FileBasedLedger","epic operations"],"fullName":"FileBasedLedger epic operations should update epic status","status":"passed","title":"should update epic status","duration":11.164125000000013,"failureMessages":[],"meta":{}},{"ancestorTitles":["FileBasedLedger","epic operations"],"fullName":"FileBasedLedger epic operations should archive epic","status":"passed","title":"should archive epic","duration":35.22945800000002,"failureMessages":[],"meta":{}},{"ancestorTitles":["FileBasedLedger","spec and plan operations"],"fullName":"FileBasedLedger spec and plan operations should read spec file","status":"passed","title":"should read spec file","duration":11.179542000000026,"failureMessages":[],"meta":{}},{"ancestorTitles":["FileBasedLedger","spec and plan operations"],"fullName":"FileBasedLedger spec and plan operations should write spec file","status":"passed","title":"should write spec file","duration":19.49283300000002,"failureMessages":[],"meta":{}},{"ancestorTitles":["FileBasedLedger","spec and plan operations"],"fullName":"FileBasedLedger spec and plan operations should read plan file","status":"passed","title":"should read plan file","duration":6.516500000000008,"failureMessages":[],"meta":{}},{"ancestorTitles":["FileBasedLedger","spec and plan operations"],"fullName":"FileBasedLedger spec and plan operations should write plan file","status":"passed","title":"should write plan file","duration":10.829291000000012,"failureMessages":[],"meta":{}},{"ancestorTitles":["FileBasedLedger","spec and plan operations"],"fullName":"FileBasedLedger spec and plan operations should update task status in plan","status":"passed","title":"should update task status in plan","duration":12.55241600000005,"failureMessages":[],"meta":{}},{"ancestorTitles":["FileBasedLedger","learnings"],"fullName":"FileBasedLedger learnings should add pattern learning","status":"passed","title":"should add pattern learning","duration":8.062375000000031,"failureMessages":[],"meta":{}},{"ancestorTitles":["FileBasedLedger","learnings"],"fullName":"FileBasedLedger learnings should add decision learning","status":"passed","title":"should add decision learning","duration":15.364792000000023,"failureMessages":[],"meta":{}},{"ancestorTitles":["FileBasedLedger","learnings"],"fullName":"FileBasedLedger learnings should update recent learnings in index","status":"passed","title":"should update recent learnings in index","duration":11.43345800000003,"failureMessages":[],"meta":{}},{"ancestorTitles":["FileBasedLedger","context operations"],"fullName":"FileBasedLedger context operations should read product context","status":"passed","title":"should read product context","duration":10.601208999999983,"failureMessages":[],"meta":{}},{"ancestorTitles":["FileBasedLedger","context operations"],"fullName":"FileBasedLedger context operations should update tech-stack context","status":"passed","title":"should update tech-stack context","duration":5.783542000000011,"failureMessages":[],"meta":{}},{"ancestorTitles":["FileBasedLedger","handoff"],"fullName":"FileBasedLedger handoff should create handoff","status":"passed","title":"should create handoff","duration":7.276917000000026,"failureMessages":[],"meta":{}},{"ancestorTitles":["FileBasedLedger","handoff"],"fullName":"FileBasedLedger handoff should clear handoff","status":"passed","title":"should clear handoff","duration":8.111915999999951,"failureMessages":[],"meta":{}},{"ancestorTitles":["FileBasedLedger","status"],"fullName":"FileBasedLedger status should return uninitialized status","status":"passed","title":"should return uninitialized status","duration":0.5934170000000449,"failureMessages":[],"meta":{}},{"ancestorTitles":["FileBasedLedger","status"],"fullName":"FileBasedLedger status should return full status after init","status":"passed","title":"should return full status after init","duration":7.6752500000000055,"failureMessages":[],"meta":{}}],"startTime":1767352627291,"endTime":1767352627529.6753,"status":"passed","message":"","name":"/Users/bangedorrunt/workspace/opencode-addons/src/orchestrator/file-ledger/index.test.ts"},{"assertionResults":[{"ancestorTitles":["ledger-tools"],"fullName":"ledger-tools exposes Active Dialogue tools (v5.1)","status":"passed","title":"exposes Active Dialogue tools (v5.1)","duration":0.5231249999999932,"failureMessages":[],"meta":{}}],"startTime":1767352627832,"endTime":1767352627832.5232,"status":"passed","message":"","name":"/Users/bangedorrunt/workspace/opencode-addons/src/orchestrator/tools/ledger-tools.test.ts"}]}