{"numTotalTestSuites":164,"numPassedTestSuites":164,"numFailedTestSuites":0,"numPendingTestSuites":0,"numTotalTests":300,"numPassedTests":300,"numFailedTests":0,"numPendingTests":0,"numTodoTests":0,"snapshot":{"added":0,"failure":false,"filesAdded":0,"filesRemoved":0,"filesRemovedList":[],"filesUnmatched":0,"filesUpdated":0,"matched":0,"total":0,"unchecked":0,"uncheckedKeysByFile":[],"unmatched":0,"updated":0,"didUpdate":false},"startTime":1767341562286,"success":true,"testResults":[{"assertionResults":[{"ancestorTitles":["core","generateEventId"],"fullName":"core generateEventId should generate a unique ID with timestamp prefix","status":"passed","title":"should generate a unique ID with timestamp prefix","duration":1.0794579999999883,"failureMessages":[],"meta":{}},{"ancestorTitles":["core","generateCorrelationId"],"fullName":"core generateCorrelationId should generate a hex string","status":"passed","title":"should generate a hex string","duration":0.11600000000004229,"failureMessages":[],"meta":{}},{"ancestorTitles":["core","createEvent"],"fullName":"core createEvent should add id and timestamp to input","status":"passed","title":"should add id and timestamp to input","duration":0.19529099999999744,"failureMessages":[],"meta":{}},{"ancestorTitles":["core","createEvent"],"fullName":"core createEvent should preserve provided timestamp","status":"passed","title":"should preserve provided timestamp","duration":0.055833000000006905,"failureMessages":[],"meta":{}},{"ancestorTitles":["core","filterByType"],"fullName":"core filterByType should filter by single type","status":"passed","title":"should filter by single type","duration":0.3535829999999578,"failureMessages":[],"meta":{}},{"ancestorTitles":["core","filterByType"],"fullName":"core filterByType should filter by multiple types","status":"passed","title":"should filter by multiple types","duration":0.07666699999998627,"failureMessages":[],"meta":{}},{"ancestorTitles":["core","filterByStream"],"fullName":"core filterByStream should filter by stream_id","status":"passed","title":"should filter by stream_id","duration":0.09137500000002774,"failureMessages":[],"meta":{}},{"ancestorTitles":["core","filterByActor"],"fullName":"core filterByActor should filter by actor","status":"passed","title":"should filter by actor","duration":0.07800000000003138,"failureMessages":[],"meta":{}},{"ancestorTitles":["core","filterByTimeRange"],"fullName":"core filterByTimeRange should filter by since","status":"passed","title":"should filter by since","duration":0.08816699999999855,"failureMessages":[],"meta":{}},{"ancestorTitles":["core","filterByTimeRange"],"fullName":"core filterByTimeRange should filter by until","status":"passed","title":"should filter by until","duration":0.06749999999999545,"failureMessages":[],"meta":{}},{"ancestorTitles":["core","filterByTimeRange"],"fullName":"core filterByTimeRange should filter by range","status":"passed","title":"should filter by range","duration":0.048292000000003554,"failureMessages":[],"meta":{}},{"ancestorTitles":["core","applyFilter"],"fullName":"core applyFilter should apply multiple filters","status":"passed","title":"should apply multiple filters","duration":0.06783300000000736,"failureMessages":[],"meta":{}},{"ancestorTitles":["core","applyFilter"],"fullName":"core applyFilter should apply limit","status":"passed","title":"should apply limit","duration":0.04408300000000054,"failureMessages":[],"meta":{}},{"ancestorTitles":["core","extractPendingCheckpoints"],"fullName":"core extractPendingCheckpoints should extract pending checkpoints","status":"passed","title":"should extract pending checkpoints","duration":0.08850000000001046,"failureMessages":[],"meta":{}},{"ancestorTitles":["core","extractPendingCheckpoints"],"fullName":"core extractPendingCheckpoints should remove approved checkpoints","status":"passed","title":"should remove approved checkpoints","duration":0.048333000000013726,"failureMessages":[],"meta":{}},{"ancestorTitles":["core","isCheckpointExpired"],"fullName":"core isCheckpointExpired should return true for expired checkpoint","status":"passed","title":"should return true for expired checkpoint","duration":0.041166999999973086,"failureMessages":[],"meta":{}},{"ancestorTitles":["core","isCheckpointExpired"],"fullName":"core isCheckpointExpired should return false for non-expired checkpoint","status":"passed","title":"should return false for non-expired checkpoint","duration":0.025250000000028194,"failureMessages":[],"meta":{}},{"ancestorTitles":["core","isCheckpointExpired"],"fullName":"core isCheckpointExpired should return false if no expiry set","status":"passed","title":"should return false if no expiry set","duration":0.02245799999997189,"failureMessages":[],"meta":{}},{"ancestorTitles":["core","serialization"],"fullName":"core serialization should serialize and deserialize events","status":"passed","title":"should serialize and deserialize events","duration":0.07408299999997325,"failureMessages":[],"meta":{}},{"ancestorTitles":["core","serialization"],"fullName":"core serialization should return null for invalid JSON","status":"passed","title":"should return null for invalid JSON","duration":0.04804099999995515,"failureMessages":[],"meta":{}}],"startTime":1767341562567,"endTime":1767341562570.074,"status":"passed","message":"","name":"/Users/bangedorrunt/workspace/opencode-addons/src/durable-stream/core.test.ts"},{"assertionResults":[{"ancestorTitles":["MemoryLaneStore"],"fullName":"MemoryLaneStore should initialize and store a memory","status":"passed","title":"should initialize and store a memory","duration":4.733291000000008,"failureMessages":[],"meta":{}},{"ancestorTitles":["MemoryLaneStore"],"fullName":"MemoryLaneStore should find stored memories via semantic search","status":"passed","title":"should find stored memories via semantic search","duration":3.8300420000000486,"failureMessages":[],"meta":{}},{"ancestorTitles":["MemoryLaneStore"],"fullName":"MemoryLaneStore should filter by entities","status":"passed","title":"should filter by entities","duration":2.407083000000057,"failureMessages":[],"meta":{}},{"ancestorTitles":["MemoryLaneStore"],"fullName":"MemoryLaneStore should apply feedback signals","status":"passed","title":"should apply feedback signals","duration":1.8651670000000422,"failureMessages":[],"meta":{}}],"startTime":1767341562840,"endTime":1767341562852.8652,"status":"passed","message":"","name":"/Users/bangedorrunt/workspace/opencode-addons/src/memory-lane/memory-store.test.ts"},{"assertionResults":[{"ancestorTitles":["loadSkillAgents discovery and filtering"],"fullName":"loadSkillAgents discovery and filtering should NOT load root SKILL.md without agent: true","status":"passed","title":"should NOT load root SKILL.md without agent: true","duration":3.5257080000000087,"failureMessages":[],"meta":{}},{"ancestorTitles":["loadSkillAgents discovery and filtering"],"fullName":"loadSkillAgents discovery and filtering should load root SKILL.md WITH agent: true","status":"passed","title":"should load root SKILL.md WITH agent: true","duration":1.9950000000000045,"failureMessages":[],"meta":{}},{"ancestorTitles":["loadSkillAgents discovery and filtering"],"fullName":"loadSkillAgents discovery and filtering should load nested agents regardless of agent: true flag","status":"passed","title":"should load nested agents regardless of agent: true flag","duration":1.973291999999958,"failureMessages":[],"meta":{}}],"startTime":1767341562567,"endTime":1767341562573.9734,"status":"passed","message":"","name":"/Users/bangedorrunt/workspace/opencode-addons/src/opencode/loader_discovery.test.ts"},{"assertionResults":[{"ancestorTitles":["Access Control","isChiefOfStaff"],"fullName":"Access Control isChiefOfStaff returns true for exact match","status":"passed","title":"returns true for exact match","duration":0.5173330000000078,"failureMessages":[],"meta":{}},{"ancestorTitles":["Access Control","isChiefOfStaff"],"fullName":"Access Control isChiefOfStaff returns true for hierarchical match","status":"passed","title":"returns true for hierarchical match","duration":0.061041999999986274,"failureMessages":[],"meta":{}},{"ancestorTitles":["Access Control","isChiefOfStaff"],"fullName":"Access Control isChiefOfStaff returns true for root user (empty string)","status":"passed","title":"returns true for root user (empty string)","duration":0.042124999999998636,"failureMessages":[],"meta":{}},{"ancestorTitles":["Access Control","isChiefOfStaff"],"fullName":"Access Control isChiefOfStaff returns false for other agents","status":"passed","title":"returns false for other agents","duration":0.059499999999985675,"failureMessages":[],"meta":{}},{"ancestorTitles":["Access Control","isProtectedAgent"],"fullName":"Access Control isProtectedAgent returns true for known protected agents","status":"passed","title":"returns true for known protected agents","duration":0.06270799999998644,"failureMessages":[],"meta":{}},{"ancestorTitles":["Access Control","isProtectedAgent"],"fullName":"Access Control isProtectedAgent returns true for hierarchical protected agents","status":"passed","title":"returns true for hierarchical protected agents","duration":0.04229200000000333,"failureMessages":[],"meta":{}},{"ancestorTitles":["Access Control","isProtectedAgent"],"fullName":"Access Control isProtectedAgent returns false for unknown agents","status":"passed","title":"returns false for unknown agents","duration":0.03562500000001023,"failureMessages":[],"meta":{}},{"ancestorTitles":["Access Control","canCallAgent"],"fullName":"Access Control canCallAgent allows Chief of Staff to call anyone","status":"passed","title":"allows Chief of Staff to call anyone","duration":0.05558300000001282,"failureMessages":[],"meta":{}},{"ancestorTitles":["Access Control","canCallAgent"],"fullName":"Access Control canCallAgent allows User to call anyone","status":"passed","title":"allows User to call anyone","duration":0.038375000000002046,"failureMessages":[],"meta":{}},{"ancestorTitles":["Access Control","canCallAgent"],"fullName":"Access Control canCallAgent prevents random agent from calling protected agent","status":"passed","title":"prevents random agent from calling protected agent","duration":0.09104100000001836,"failureMessages":[],"meta":{}},{"ancestorTitles":["Access Control","canCallAgent"],"fullName":"Access Control canCallAgent prevents random agent from calling protected sub-agent","status":"passed","title":"prevents random agent from calling protected sub-agent","duration":0.037790999999998576,"failureMessages":[],"meta":{}},{"ancestorTitles":["Access Control","canCallAgent"],"fullName":"Access Control canCallAgent allows calling non-protected agents","status":"passed","title":"allows calling non-protected agents","duration":0.024917000000016287,"failureMessages":[],"meta":{}},{"ancestorTitles":["Access Control","canCallAgent"],"fullName":"Access Control canCallAgent allows user to call native agents","status":"passed","title":"allows user to call native agents","duration":0.030708000000004176,"failureMessages":[],"meta":{}}],"startTime":1767341563010,"endTime":1767341563011.091,"status":"passed","message":"","name":"/Users/bangedorrunt/workspace/opencode-addons/src/orchestrator/access-control.test.ts"},{"assertionResults":[{"ancestorTitles":["CheckpointManager","initialize"],"fullName":"CheckpointManager initialize should initialize the stream","status":"passed","title":"should initialize the stream","duration":1.84295800000001,"failureMessages":[],"meta":{}},{"ancestorTitles":["CheckpointManager","requestCheckpoint"],"fullName":"CheckpointManager requestCheckpoint should request a checkpoint from the stream","status":"passed","title":"should request a checkpoint from the stream","duration":0.9361669999999549,"failureMessages":[],"meta":{}},{"ancestorTitles":["CheckpointManager","requestCheckpoint"],"fullName":"CheckpointManager requestCheckpoint should timeout checkpoint if timeoutMs is provided","status":"passed","title":"should timeout checkpoint if timeoutMs is provided","duration":1.4497089999999844,"failureMessages":[],"meta":{}},{"ancestorTitles":["CheckpointManager","approveCheckpoint"],"fullName":"CheckpointManager approveCheckpoint should approve a checkpoint","status":"passed","title":"should approve a checkpoint","duration":0.1801250000000323,"failureMessages":[],"meta":{}},{"ancestorTitles":["CheckpointManager","rejectCheckpoint"],"fullName":"CheckpointManager rejectCheckpoint should reject a checkpoint with reason","status":"passed","title":"should reject a checkpoint with reason","duration":0.16408300000000509,"failureMessages":[],"meta":{}},{"ancestorTitles":["CheckpointManager","getPendingCheckpoints"],"fullName":"CheckpointManager getPendingCheckpoints should return pending checkpoints from stream","status":"passed","title":"should return pending checkpoints from stream","duration":0.15862499999997226,"failureMessages":[],"meta":{}},{"ancestorTitles":["CHECKPOINT_TEMPLATES","strategyValidation"],"fullName":"CHECKPOINT_TEMPLATES strategyValidation should create a strategy validation checkpoint","status":"passed","title":"should create a strategy validation checkpoint","duration":0.26524999999998045,"failureMessages":[],"meta":{}},{"ancestorTitles":["CHECKPOINT_TEMPLATES","codeReview"],"fullName":"CHECKPOINT_TEMPLATES codeReview should create a code review checkpoint","status":"passed","title":"should create a code review checkpoint","duration":0.08758399999999256,"failureMessages":[],"meta":{}},{"ancestorTitles":["CHECKPOINT_TEMPLATES","dangerousOperation"],"fullName":"CHECKPOINT_TEMPLATES dangerousOperation should create a dangerous operation checkpoint","status":"passed","title":"should create a dangerous operation checkpoint","duration":0.133624999999995,"failureMessages":[],"meta":{}},{"ancestorTitles":["CHECKPOINT_TEMPLATES","designDecision"],"fullName":"CHECKPOINT_TEMPLATES designDecision should create a design decision checkpoint","status":"passed","title":"should create a design decision checkpoint","duration":0.08837500000004184,"failureMessages":[],"meta":{}},{"ancestorTitles":["CHECKPOINT_TEMPLATES","epicCompletion"],"fullName":"CHECKPOINT_TEMPLATES epicCompletion should create an epic completion checkpoint","status":"passed","title":"should create an epic completion checkpoint","duration":0.07670799999999645,"failureMessages":[],"meta":{}},{"ancestorTitles":["createCheckpointWorkflow"],"fullName":"createCheckpointWorkflow should create a workflow that handles checkpoint results","status":"passed","title":"should create a workflow that handles checkpoint results","duration":0.2977910000000179,"failureMessages":[],"meta":{}},{"ancestorTitles":["createCheckpointWorkflow"],"fullName":"createCheckpointWorkflow should call onRejected when checkpoint is rejected","status":"passed","title":"should call onRejected when checkpoint is rejected","duration":0.09012500000000045,"failureMessages":[],"meta":{}}],"startTime":1767341562609,"endTime":1767341562615.2979,"status":"passed","message":"","name":"/Users/bangedorrunt/workspace/opencode-addons/src/orchestrator/checkpoint.test.ts"},{"assertionResults":[{"ancestorTitles":["extractDialogueState","Strategy 1: Direct JSON parse"],"fullName":"extractDialogueState Strategy 1: Direct JSON parse should extract dialogue_state from a valid JSON object","status":"passed","title":"should extract dialogue_state from a valid JSON object","duration":0.7354160000000434,"failureMessages":[],"meta":{}},{"ancestorTitles":["extractDialogueState","Strategy 1: Direct JSON parse"],"fullName":"extractDialogueState Strategy 1: Direct JSON parse should recognize standalone dialogue_state object","status":"passed","title":"should recognize standalone dialogue_state object","duration":0.07804200000003902,"failureMessages":[],"meta":{}},{"ancestorTitles":["extractDialogueState","Strategy 1: Direct JSON parse"],"fullName":"extractDialogueState Strategy 1: Direct JSON parse should return null for JSON without blocking status","status":"passed","title":"should return null for JSON without blocking status","duration":0.10858300000001009,"failureMessages":[],"meta":{}},{"ancestorTitles":["extractDialogueState","Strategy 2: Markdown code blocks"],"fullName":"extractDialogueState Strategy 2: Markdown code blocks should extract from json code block","status":"passed","title":"should extract from json code block","duration":0.11379199999998946,"failureMessages":[],"meta":{}},{"ancestorTitles":["extractDialogueState","Strategy 2: Markdown code blocks"],"fullName":"extractDialogueState Strategy 2: Markdown code blocks should extract from unlabeled code block","status":"passed","title":"should extract from unlabeled code block","duration":0.07437500000003183,"failureMessages":[],"meta":{}},{"ancestorTitles":["extractDialogueState","Strategy 2: Markdown code blocks"],"fullName":"extractDialogueState Strategy 2: Markdown code blocks should try multiple code blocks until one matches","status":"passed","title":"should try multiple code blocks until one matches","duration":0.06041699999997263,"failureMessages":[],"meta":{}},{"ancestorTitles":["extractDialogueState","Strategy 3: Regex extraction"],"fullName":"extractDialogueState Strategy 3: Regex extraction should extract embedded dialogue_state from prose","status":"passed","title":"should extract embedded dialogue_state from prose","duration":0.07479200000000219,"failureMessages":[],"meta":{}},{"ancestorTitles":["extractDialogueState","Edge cases"],"fullName":"extractDialogueState Edge cases should return null for empty string","status":"passed","title":"should return null for empty string","duration":0.03195800000003146,"failureMessages":[],"meta":{}},{"ancestorTitles":["extractDialogueState","Edge cases"],"fullName":"extractDialogueState Edge cases should return null for null input","status":"passed","title":"should return null for null input","duration":0.037459000000012566,"failureMessages":[],"meta":{}},{"ancestorTitles":["extractDialogueState","Edge cases"],"fullName":"extractDialogueState Edge cases should return null for undefined input","status":"passed","title":"should return null for undefined input","duration":0.04066699999998491,"failureMessages":[],"meta":{}},{"ancestorTitles":["extractDialogueState","Edge cases"],"fullName":"extractDialogueState Edge cases should return null for plain text without JSON","status":"passed","title":"should return null for plain text without JSON","duration":0.0352919999999699,"failureMessages":[],"meta":{}},{"ancestorTitles":["extractDialogueState","Edge cases"],"fullName":"extractDialogueState Edge cases should return null for malformed JSON","status":"passed","title":"should return null for malformed JSON","duration":0.032917000000054486,"failureMessages":[],"meta":{}},{"ancestorTitles":["extractDialogueState","Blocking status recognition"],"fullName":"extractDialogueState Blocking status recognition should recognize needs_input as blocking","status":"passed","title":"should recognize needs_input as blocking","duration":0.059041999999976724,"failureMessages":[],"meta":{}},{"ancestorTitles":["extractDialogueState","Blocking status recognition"],"fullName":"extractDialogueState Blocking status recognition should recognize needs_approval as blocking","status":"passed","title":"should recognize needs_approval as blocking","duration":0.03104200000001356,"failureMessages":[],"meta":{}},{"ancestorTitles":["extractDialogueState","Blocking status recognition"],"fullName":"extractDialogueState Blocking status recognition should recognize needs_verification as blocking","status":"passed","title":"should recognize needs_verification as blocking","duration":0.038792000000000826,"failureMessages":[],"meta":{}},{"ancestorTitles":["extractDialogueState","Blocking status recognition"],"fullName":"extractDialogueState Blocking status recognition should NOT recognize approved as blocking","status":"passed","title":"should NOT recognize approved as blocking","duration":0.022707999999965978,"failureMessages":[],"meta":{}},{"ancestorTitles":["extractDialogueState","Blocking status recognition"],"fullName":"extractDialogueState Blocking status recognition should NOT recognize completed as blocking","status":"passed","title":"should NOT recognize completed as blocking","duration":0.021624999999971806,"failureMessages":[],"meta":{}}],"startTime":1767341562574,"endTime":1767341562576.1138,"status":"passed","message":"","name":"/Users/bangedorrunt/workspace/opencode-addons/src/orchestrator/dialogue-utils.test.ts"},{"assertionResults":[{"ancestorTitles":["EventDrivenLedger","initialize"],"fullName":"EventDrivenLedger initialize should initialize the stream on first call","status":"passed","title":"should initialize the stream on first call","duration":2.16370900000004,"failureMessages":[],"meta":{}},{"ancestorTitles":["EventDrivenLedger","initialize"],"fullName":"EventDrivenLedger initialize should not reinitialize if already initialized","status":"passed","title":"should not reinitialize if already initialized","duration":0.29012500000004593,"failureMessages":[],"meta":{}},{"ancestorTitles":["EventDrivenLedger","emit"],"fullName":"EventDrivenLedger emit should emit event to stream","status":"passed","title":"should emit event to stream","duration":0.26350000000002183,"failureMessages":[],"meta":{}},{"ancestorTitles":["EventDrivenLedger","emit"],"fullName":"EventDrivenLedger emit should not emit if emitEvents is disabled","status":"passed","title":"should not emit if emitEvents is disabled","duration":17.144041000000016,"failureMessages":[],"meta":{}},{"ancestorTitles":["EventDrivenLedger","getEventHistory"],"fullName":"EventDrivenLedger getEventHistory should return event history","status":"passed","title":"should return event history","duration":0.5089580000000069,"failureMessages":[],"meta":{}},{"ancestorTitles":["EventDrivenLedger","getActiveIntents"],"fullName":"EventDrivenLedger getActiveIntents should return active intents from stream","status":"passed","title":"should return active intents from stream","duration":0.2130419999999731,"failureMessages":[],"meta":{}},{"ancestorTitles":["EventDrivenLedger","getPendingCheckpoints"],"fullName":"EventDrivenLedger getPendingCheckpoints should return pending checkpoints from stream","status":"passed","title":"should return pending checkpoints from stream","duration":0.20895799999999554,"failureMessages":[],"meta":{}},{"ancestorTitles":["createLedgerEventHandlers","onEpicCreated"],"fullName":"createLedgerEventHandlers onEpicCreated should emit epic created event","status":"passed","title":"should emit epic created event","duration":1.1668750000000045,"failureMessages":[],"meta":{}},{"ancestorTitles":["createLedgerEventHandlers","onTaskCreated"],"fullName":"createLedgerEventHandlers onTaskCreated should emit task created event","status":"passed","title":"should emit task created event","duration":0.2680000000000291,"failureMessages":[],"meta":{}},{"ancestorTitles":["createLedgerEventHandlers","onTaskCompleted"],"fullName":"createLedgerEventHandlers onTaskCompleted should emit task completed event","status":"passed","title":"should emit task completed event","duration":0.16474999999996953,"failureMessages":[],"meta":{}},{"ancestorTitles":["createLedgerEventHandlers","onTaskFailed"],"fullName":"createLedgerEventHandlers onTaskFailed should emit task failed event","status":"passed","title":"should emit task failed event","duration":0.1249159999999847,"failureMessages":[],"meta":{}},{"ancestorTitles":["createLedgerEventHandlers","onDirectiveAdded"],"fullName":"createLedgerEventHandlers onDirectiveAdded should emit directive added event","status":"passed","title":"should emit directive added event","duration":0.115791999999999,"failureMessages":[],"meta":{}},{"ancestorTitles":["createLedgerEventHandlers","onAssumptionAdded"],"fullName":"createLedgerEventHandlers onAssumptionAdded should emit assumption added event","status":"passed","title":"should emit assumption added event","duration":0.10520799999994779,"failureMessages":[],"meta":{}},{"ancestorTitles":["createLedgerEventHandlers","onLearningExtracted"],"fullName":"createLedgerEventHandlers onLearningExtracted should emit learning extracted event","status":"passed","title":"should emit learning extracted event","duration":0.10304100000001881,"failureMessages":[],"meta":{}}],"startTime":1767341562609,"endTime":1767341562632.103,"status":"passed","message":"","name":"/Users/bangedorrunt/workspace/opencode-addons/src/orchestrator/event-driven-ledger.test.ts"},{"assertionResults":[{"ancestorTitles":["HITL Utilities","formatPoll"],"fullName":"HITL Utilities formatPoll should format a simple poll with title and options","status":"passed","title":"should format a simple poll with title and options","duration":0.6069170000000099,"failureMessages":[],"meta":{}},{"ancestorTitles":["HITL Utilities","formatPoll"],"fullName":"HITL Utilities formatPoll should include description when provided","status":"passed","title":"should include description when provided","duration":0.0650410000000079,"failureMessages":[],"meta":{}},{"ancestorTitles":["HITL Utilities","formatPoll"],"fullName":"HITL Utilities formatPoll should include option descriptions","status":"passed","title":"should include option descriptions","duration":0.05166700000000901,"failureMessages":[],"meta":{}},{"ancestorTitles":["HITL Utilities","formatPoll"],"fullName":"HITL Utilities formatPoll should show free text instruction when allowed","status":"passed","title":"should show free text instruction when allowed","duration":0.046333000000004176,"failureMessages":[],"meta":{}},{"ancestorTitles":["HITL Utilities","formatPoll"],"fullName":"HITL Utilities formatPoll should NOT show free text instruction when not allowed","status":"passed","title":"should NOT show free text instruction when not allowed","duration":0.07725000000002069,"failureMessages":[],"meta":{}},{"ancestorTitles":["HITL Utilities","formatConfirmation"],"fullName":"HITL Utilities formatConfirmation should format confirmation with title and summary","status":"passed","title":"should format confirmation with title and summary","duration":0.07283300000000281,"failureMessages":[],"meta":{}},{"ancestorTitles":["HITL Utilities","formatInputRequest"],"fullName":"HITL Utilities formatInputRequest should format input request with title and prompt","status":"passed","title":"should format input request with title and prompt","duration":0.056040999999993346,"failureMessages":[],"meta":{}},{"ancestorTitles":["HITL Utilities","formatInputRequest"],"fullName":"HITL Utilities formatInputRequest should include hint when provided","status":"passed","title":"should include hint when provided","duration":0.0292090000000087,"failureMessages":[],"meta":{}},{"ancestorTitles":["HITL Utilities","formatInputRequest"],"fullName":"HITL Utilities formatInputRequest should NOT include hint section when not provided","status":"passed","title":"should NOT include hint section when not provided","duration":0.03529100000000085,"failureMessages":[],"meta":{}},{"ancestorTitles":["HITL Utilities","formatYieldMessage"],"fullName":"HITL Utilities formatYieldMessage should format yield message with agent name and reason","status":"passed","title":"should format yield message with agent name and reason","duration":0.10395900000000324,"failureMessages":[],"meta":{}},{"ancestorTitles":["HITL Utilities","formatYieldMessage"],"fullName":"HITL Utilities formatYieldMessage should include options when provided","status":"passed","title":"should include options when provided","duration":0.07220799999998917,"failureMessages":[],"meta":{}},{"ancestorTitles":["HITL Utilities","formatYieldMessage"],"fullName":"HITL Utilities formatYieldMessage should show appropriate instruction without options","status":"passed","title":"should show appropriate instruction without options","duration":0.03595799999999372,"failureMessages":[],"meta":{}},{"ancestorTitles":["HITL Utilities","formatYieldMessage"],"fullName":"HITL Utilities formatYieldMessage should show choose instruction with options","status":"passed","title":"should show choose instruction with options","duration":0.027791999999976724,"failureMessages":[],"meta":{}},{"ancestorTitles":["HITL Utilities","parseUserResponse"],"fullName":"HITL Utilities parseUserResponse should parse numeric input as option selection","status":"passed","title":"should parse numeric input as option selection","duration":0.11683400000001143,"failureMessages":[],"meta":{}},{"ancestorTitles":["HITL Utilities","parseUserResponse"],"fullName":"HITL Utilities parseUserResponse should parse second option","status":"passed","title":"should parse second option","duration":0.0423330000000135,"failureMessages":[],"meta":{}},{"ancestorTitles":["HITL Utilities","parseUserResponse"],"fullName":"HITL Utilities parseUserResponse should parse third option","status":"passed","title":"should parse third option","duration":0.03633300000001327,"failureMessages":[],"meta":{}},{"ancestorTitles":["HITL Utilities","parseUserResponse"],"fullName":"HITL Utilities parseUserResponse should handle whitespace around number","status":"passed","title":"should handle whitespace around number","duration":0.030416999999999916,"failureMessages":[],"meta":{}},{"ancestorTitles":["HITL Utilities","parseUserResponse"],"fullName":"HITL Utilities parseUserResponse should parse exact ID match (case-insensitive)","status":"passed","title":"should parse exact ID match (case-insensitive)","duration":0.037208000000021,"failureMessages":[],"meta":{}},{"ancestorTitles":["HITL Utilities","parseUserResponse"],"fullName":"HITL Utilities parseUserResponse should parse lowercase ID match","status":"passed","title":"should parse lowercase ID match","duration":0.026707999999985077,"failureMessages":[],"meta":{}},{"ancestorTitles":["HITL Utilities","parseUserResponse"],"fullName":"HITL Utilities parseUserResponse should return free text for non-matching input","status":"passed","title":"should return free text for non-matching input","duration":0.03387499999999477,"failureMessages":[],"meta":{}},{"ancestorTitles":["HITL Utilities","parseUserResponse"],"fullName":"HITL Utilities parseUserResponse should return free text for out-of-range number","status":"passed","title":"should return free text for out-of-range number","duration":0.026833000000010543,"failureMessages":[],"meta":{}},{"ancestorTitles":["HITL Utilities","parseUserResponse"],"fullName":"HITL Utilities parseUserResponse should return free text for zero","status":"passed","title":"should return free text for zero","duration":0.026082999999999856,"failureMessages":[],"meta":{}},{"ancestorTitles":["HITL Utilities","parseUserResponse"],"fullName":"HITL Utilities parseUserResponse should return free text for negative number","status":"passed","title":"should return free text for negative number","duration":0.03125,"failureMessages":[],"meta":{}},{"ancestorTitles":["HITL Utilities","parseUserResponse"],"fullName":"HITL Utilities parseUserResponse should preserve raw_input in option response","status":"passed","title":"should preserve raw_input in option response","duration":0.023707999999999174,"failureMessages":[],"meta":{}}],"startTime":1767341562836,"endTime":1767341562838.117,"status":"passed","message":"","name":"/Users/bangedorrunt/workspace/opencode-addons/src/orchestrator/hitl.test.ts"},{"assertionResults":[{"ancestorTitles":["LearningExtractor","initialize"],"fullName":"LearningExtractor initialize should initialize the stream","status":"passed","title":"should initialize the stream","duration":1.52458299999995,"failureMessages":[],"meta":{}},{"ancestorTitles":["LearningExtractor","extractFromSession"],"fullName":"LearningExtractor extractFromSession should extract learnings from session events","status":"passed","title":"should extract learnings from session events","duration":0.7115000000000009,"failureMessages":[],"meta":{}},{"ancestorTitles":["LearningExtractor","extractFromSession"],"fullName":"LearningExtractor extractFromSession should extract corrections from events","status":"passed","title":"should extract corrections from events","duration":0.35049999999995407,"failureMessages":[],"meta":{}},{"ancestorTitles":["LearningExtractor","extractFromSession"],"fullName":"LearningExtractor extractFromSession should extract anti-patterns from failed agents","status":"passed","title":"should extract anti-patterns from failed agents","duration":0.2993749999999977,"failureMessages":[],"meta":{}},{"ancestorTitles":["LearningExtractor","extractFromSession"],"fullName":"LearningExtractor extractFromSession should extract preferences from approved checkpoints","status":"passed","title":"should extract preferences from approved checkpoints","duration":0.14949999999998909,"failureMessages":[],"meta":{}},{"ancestorTitles":["LearningExtractor","extractFromEvents"],"fullName":"LearningExtractor extractFromEvents should extract learnings from raw events array","status":"passed","title":"should extract learnings from raw events array","duration":0.12712500000003502,"failureMessages":[],"meta":{}},{"ancestorTitles":["LearningExtractor","startRealTimeExtraction"],"fullName":"LearningExtractor startRealTimeExtraction should subscribe to stream events","status":"passed","title":"should subscribe to stream events","duration":0.14458400000000893,"failureMessages":[],"meta":{}},{"ancestorTitles":["LearningExtractor","startRealTimeExtraction"],"fullName":"LearningExtractor startRealTimeExtraction should call handler when learning is extracted","status":"passed","title":"should call handler when learning is extracted","duration":0.162208000000021,"failureMessages":[],"meta":{}},{"ancestorTitles":["LearningExtractor","stopRealTimeExtraction"],"fullName":"LearningExtractor stopRealTimeExtraction should stop real-time extraction","status":"passed","title":"should stop real-time extraction","duration":0.12999999999999545,"failureMessages":[],"meta":{}},{"ancestorTitles":["LearningExtractor","getExtractedLearnings"],"fullName":"LearningExtractor getExtractedLearnings should return extracted learnings","status":"passed","title":"should return extracted learnings","duration":0.12087500000001228,"failureMessages":[],"meta":{}},{"ancestorTitles":["LearningExtractor","clearLearnings"],"fullName":"LearningExtractor clearLearnings should clear extracted learnings","status":"passed","title":"should clear extracted learnings","duration":0.1043329999999969,"failureMessages":[],"meta":{}},{"ancestorTitles":["LearningExtractor","confidence filtering"],"fullName":"LearningExtractor confidence filtering should filter out learnings below minConfidence","status":"passed","title":"should filter out learnings below minConfidence","duration":0.13883300000003373,"failureMessages":[],"meta":{}},{"ancestorTitles":["LearningExtractor","confidence filtering"],"fullName":"LearningExtractor confidence filtering should respect maxLearnings limit","status":"passed","title":"should respect maxLearnings limit","duration":0.16875000000004547,"failureMessages":[],"meta":{}}],"startTime":1767341562609,"endTime":1767341562613.1687,"status":"passed","message":"","name":"/Users/bangedorrunt/workspace/opencode-addons/src/orchestrator/learning-extractor.test.ts"},{"assertionResults":[{"ancestorTitles":["Learning Extraction","extractLearningsFromResult"],"fullName":"Learning Extraction extractLearningsFromResult should extract pattern from \"Use X for Y\"","status":"passed","title":"should extract pattern from \"Use X for Y\"","duration":0.6465829999999926,"failureMessages":[],"meta":{}},{"ancestorTitles":["Learning Extraction","extractLearningsFromResult"],"fullName":"Learning Extraction extractLearningsFromResult should extract anti-pattern from \"Don't use X\"","status":"passed","title":"should extract anti-pattern from \"Don't use X\"","duration":0.10737500000001887,"failureMessages":[],"meta":{}},{"ancestorTitles":["Learning Extraction","extractLearningsFromResult"],"fullName":"Learning Extraction extractLearningsFromResult should extract decision from \"Chose X over Y\"","status":"passed","title":"should extract decision from \"Chose X over Y\"","duration":0.05783400000001393,"failureMessages":[],"meta":{}},{"ancestorTitles":["Learning Extraction","extractLearningsFromResult"],"fullName":"Learning Extraction extractLearningsFromResult should extract pattern from \"X works well\"","status":"passed","title":"should extract pattern from \"X works well\"","duration":0.06449999999998113,"failureMessages":[],"meta":{}},{"ancestorTitles":["Learning Extraction","extractLearningsFromResult"],"fullName":"Learning Extraction extractLearningsFromResult should extract anti-pattern from \"X causes Y\"","status":"passed","title":"should extract anti-pattern from \"X causes Y\"","duration":0.04724999999999113,"failureMessages":[],"meta":{}},{"ancestorTitles":["Learning Extraction","extractLearningsFromResult"],"fullName":"Learning Extraction extractLearningsFromResult should return empty for no recognizable patterns","status":"passed","title":"should return empty for no recognizable patterns","duration":0.054957999999999174,"failureMessages":[],"meta":{}},{"ancestorTitles":["Session Lifecycle Hooks","onSessionStart"],"fullName":"Session Lifecycle Hooks onSessionStart should return active epic info","status":"passed","title":"should return active epic info","duration":0.9068749999999852,"failureMessages":[],"meta":{}},{"ancestorTitles":["Session Lifecycle Hooks","onSessionStart"],"fullName":"Session Lifecycle Hooks onSessionStart should include recent learnings","status":"passed","title":"should include recent learnings","duration":0.5233340000000055,"failureMessages":[],"meta":{}},{"ancestorTitles":["Session Lifecycle Hooks","onTaskComplete"],"fullName":"Session Lifecycle Hooks onTaskComplete should update task status in ledger","status":"passed","title":"should update task status in ledger","duration":0.6859159999999918,"failureMessages":[],"meta":{}},{"ancestorTitles":["Session Lifecycle Hooks","onPreCompact"],"fullName":"Session Lifecycle Hooks onPreCompact should create handoff message","status":"passed","title":"should create handoff message","duration":0.2702079999999967,"failureMessages":[],"meta":{}},{"ancestorTitles":["Session Lifecycle Hooks","onSessionEnd"],"fullName":"Session Lifecycle Hooks onSessionEnd should archive epic on success","status":"passed","title":"should archive epic on success","duration":0.18337499999998386,"failureMessages":[],"meta":{}},{"ancestorTitles":["Format Session Context"],"fullName":"Format Session Context should format session start result as context","status":"passed","title":"should format session start result as context","duration":0.09283300000001304,"failureMessages":[],"meta":{}},{"ancestorTitles":["Format Session Context"],"fullName":"Format Session Context should indicate no active epic","status":"passed","title":"should indicate no active epic","duration":0.03383400000001302,"failureMessages":[],"meta":{}}],"startTime":1767341562831,"endTime":1767341562835.2703,"status":"passed","message":"","name":"/Users/bangedorrunt/workspace/opencode-addons/src/orchestrator/ledger-hooks.test.ts"},{"assertionResults":[{"ancestorTitles":["Ledger Core Operations","createEpic"],"fullName":"Ledger Core Operations createEpic should create a new epic with unique ID","status":"passed","title":"should create a new epic with unique ID","duration":2.0245840000000044,"failureMessages":[],"meta":{}},{"ancestorTitles":["Ledger Core Operations","createEpic"],"fullName":"Ledger Core Operations createEpic should throw if epic already exists","status":"passed","title":"should throw if epic already exists","duration":0.41766699999999446,"failureMessages":[],"meta":{}},{"ancestorTitles":["Ledger Core Operations","createEpic"],"fullName":"Ledger Core Operations createEpic should update meta phase to DECOMPOSITION","status":"passed","title":"should update meta phase to DECOMPOSITION","duration":0.10470799999995961,"failureMessages":[],"meta":{}},{"ancestorTitles":["Ledger Core Operations","createTask"],"fullName":"Ledger Core Operations createTask should create a task within epic","status":"passed","title":"should create a task within epic","duration":0.26133399999997664,"failureMessages":[],"meta":{}},{"ancestorTitles":["Ledger Core Operations","createTask"],"fullName":"Ledger Core Operations createTask should create multiple tasks with sequential IDs","status":"passed","title":"should create multiple tasks with sequential IDs","duration":0.29704199999997627,"failureMessages":[],"meta":{}},{"ancestorTitles":["Ledger Core Operations","createTask"],"fullName":"Ledger Core Operations createTask should throw if no active epic","status":"passed","title":"should throw if no active epic","duration":0.1375409999999988,"failureMessages":[],"meta":{}},{"ancestorTitles":["Ledger Core Operations","createTask"],"fullName":"Ledger Core Operations createTask should throw if max tasks reached","status":"passed","title":"should throw if max tasks reached","duration":0.2001250000000141,"failureMessages":[],"meta":{}},{"ancestorTitles":["Ledger Core Operations","createTask"],"fullName":"Ledger Core Operations createTask should support dependencies","status":"passed","title":"should support dependencies","duration":0.2202090000000112,"failureMessages":[],"meta":{}},{"ancestorTitles":["Ledger Core Operations","updateTaskStatus"],"fullName":"Ledger Core Operations updateTaskStatus should update task status to running","status":"passed","title":"should update task status to running","duration":0.16704199999998082,"failureMessages":[],"meta":{}},{"ancestorTitles":["Ledger Core Operations","updateTaskStatus"],"fullName":"Ledger Core Operations updateTaskStatus should update task status to completed with result","status":"passed","title":"should update task status to completed with result","duration":0.13241599999997788,"failureMessages":[],"meta":{}},{"ancestorTitles":["Ledger Core Operations","updateTaskStatus"],"fullName":"Ledger Core Operations updateTaskStatus should update task status to failed with error","status":"passed","title":"should update task status to failed with error","duration":0.10158299999994824,"failureMessages":[],"meta":{}},{"ancestorTitles":["Ledger Core Operations","updateTaskStatus"],"fullName":"Ledger Core Operations updateTaskStatus should update meta tasksCompleted","status":"passed","title":"should update meta tasksCompleted","duration":0.0729170000000181,"failureMessages":[],"meta":{}},{"ancestorTitles":["Ledger Core Operations","addLearning"],"fullName":"Ledger Core Operations addLearning should add pattern learning","status":"passed","title":"should add pattern learning","duration":0.10083300000002282,"failureMessages":[],"meta":{}},{"ancestorTitles":["Ledger Core Operations","addLearning"],"fullName":"Ledger Core Operations addLearning should add anti-pattern learning","status":"passed","title":"should add anti-pattern learning","duration":0.07687499999997272,"failureMessages":[],"meta":{}},{"ancestorTitles":["Ledger Core Operations","addLearning"],"fullName":"Ledger Core Operations addLearning should add decision learning","status":"passed","title":"should add decision learning","duration":0.06120800000002191,"failureMessages":[],"meta":{}},{"ancestorTitles":["Ledger Core Operations","addLearning"],"fullName":"Ledger Core Operations addLearning should add preference learning","status":"passed","title":"should add preference learning","duration":0.05654099999998152,"failureMessages":[],"meta":{}},{"ancestorTitles":["Ledger Core Operations","surfaceLearnings"],"fullName":"Ledger Core Operations surfaceLearnings should return recent learnings","status":"passed","title":"should return recent learnings","duration":0.16766699999999446,"failureMessages":[],"meta":{}},{"ancestorTitles":["Ledger Core Operations","surfaceLearnings"],"fullName":"Ledger Core Operations surfaceLearnings should respect limit parameter","status":"passed","title":"should respect limit parameter","duration":0.11662499999999909,"failureMessages":[],"meta":{}},{"ancestorTitles":["Ledger Markdown Parser"],"fullName":"Ledger Markdown Parser should parse empty ledger","status":"passed","title":"should parse empty ledger","duration":0.2697909999999979,"failureMessages":[],"meta":{}},{"ancestorTitles":["Ledger Markdown Parser"],"fullName":"Ledger Markdown Parser should parse ledger with epic and tasks","status":"passed","title":"should parse ledger with epic and tasks","duration":0.10729200000002947,"failureMessages":[],"meta":{}},{"ancestorTitles":["Ledger Markdown Renderer"],"fullName":"Ledger Markdown Renderer should render ledger to markdown","status":"passed","title":"should render ledger to markdown","duration":0.2721670000000245,"failureMessages":[],"meta":{}},{"ancestorTitles":["Ledger Markdown Renderer"],"fullName":"Ledger Markdown Renderer should render learnings section","status":"passed","title":"should render learnings section","duration":0.06141700000000583,"failureMessages":[],"meta":{}},{"ancestorTitles":["Epic Operations","archiveEpic"],"fullName":"Epic Operations archiveEpic should archive completed epic","status":"passed","title":"should archive completed epic","duration":0.1722080000000119,"failureMessages":[],"meta":{}},{"ancestorTitles":["Epic Operations","archiveEpic"],"fullName":"Epic Operations archiveEpic should limit archive to 5 entries","status":"passed","title":"should limit archive to 5 entries","duration":0.21058299999998553,"failureMessages":[],"meta":{}},{"ancestorTitles":["Epic Operations","getProgress"],"fullName":"Epic Operations getProgress should return progress percentage","status":"passed","title":"should return progress percentage","duration":0.13008400000001075,"failureMessages":[],"meta":{}},{"ancestorTitles":["Epic Operations","getProgress"],"fullName":"Epic Operations getProgress should return N/A for no tasks","status":"passed","title":"should return N/A for no tasks","duration":0.0765840000000253,"failureMessages":[],"meta":{}},{"ancestorTitles":["Epic Operations","createHandoff"],"fullName":"Epic Operations createHandoff should create handoff section","status":"passed","title":"should create handoff section","duration":0.15149999999999864,"failureMessages":[],"meta":{}}],"startTime":1767341562607,"endTime":1767341562613.2107,"status":"passed","message":"","name":"/Users/bangedorrunt/workspace/opencode-addons/src/orchestrator/ledger.test.ts"},{"assertionResults":[{"ancestorTitles":["TaskObserver","start/stop"],"fullName":"TaskObserver start/stop should start and stop observation","status":"passed","title":"should start and stop observation","duration":1.725999999999999,"failureMessages":[],"meta":{}},{"ancestorTitles":["TaskObserver","checkNow"],"fullName":"TaskObserver checkNow should perform a observation check","status":"passed","title":"should perform a observation check","duration":0.2443749999999909,"failureMessages":[],"meta":{}},{"ancestorTitles":["TaskObserver","timeout handling"],"fullName":"TaskObserver timeout handling should detect and retry timed-out tasks","status":"passed","title":"should detect and retry timed-out tasks","duration":103.442792,"failureMessages":[],"meta":{}},{"ancestorTitles":["TaskObserver","timeout handling"],"fullName":"TaskObserver timeout handling should mark as failed after max retries","status":"passed","title":"should mark as failed after max retries","duration":101.34950000000003,"failureMessages":[],"meta":{}},{"ancestorTitles":["TaskObserver","stuck task handling"],"fullName":"TaskObserver stuck task handling should detect stuck tasks with stale heartbeats","status":"passed","title":"should detect stuck tasks with stale heartbeats","duration":104.38299999999992,"failureMessages":[],"meta":{}},{"ancestorTitles":["TaskObserver","completion detection"],"fullName":"TaskObserver completion detection should fetch result when session is idle","status":"passed","title":"should fetch result when session is idle","duration":0.3790000000000191,"failureMessages":[],"meta":{}},{"ancestorTitles":["TaskObserver","stats"],"fullName":"TaskObserver stats should track observation statistics","status":"passed","title":"should track observation statistics","duration":0.1442500000000564,"failureMessages":[],"meta":{}},{"ancestorTitles":["Singleton Functions"],"fullName":"Singleton Functions getTaskObserver should return singleton instance","status":"passed","title":"getTaskObserver should return singleton instance","duration":0.13683300000002419,"failureMessages":[],"meta":{}}],"startTime":1767341562613,"endTime":1767341562925.1367,"status":"passed","message":"","name":"/Users/bangedorrunt/workspace/opencode-addons/src/orchestrator/observer.test.ts"},{"assertionResults":[{"ancestorTitles":["Progress Notifications","formatStatusLine"],"fullName":"Progress Notifications formatStatusLine should format status with agent and message","status":"passed","title":"should format status with agent and message","duration":0.5971669999999847,"failureMessages":[],"meta":{}},{"ancestorTitles":["Progress Notifications","formatStatusLine"],"fullName":"Progress Notifications formatStatusLine should format with progress percentage","status":"passed","title":"should format with progress percentage","duration":0.08733399999999847,"failureMessages":[],"meta":{}},{"ancestorTitles":["Progress Notifications","formatStatusLine"],"fullName":"Progress Notifications formatStatusLine should handle 0% progress","status":"passed","title":"should handle 0% progress","duration":0.0660829999999919,"failureMessages":[],"meta":{}},{"ancestorTitles":["Progress Notifications","formatStatusLine"],"fullName":"Progress Notifications formatStatusLine should handle 100% progress","status":"passed","title":"should handle 100% progress","duration":0.04420799999999758,"failureMessages":[],"meta":{}},{"ancestorTitles":["Progress Notifications","formatStatusLine"],"fullName":"Progress Notifications formatStatusLine should include phase icon","status":"passed","title":"should include phase icon","duration":0.04224999999999568,"failureMessages":[],"meta":{}},{"ancestorTitles":["Progress Notifications","AGENT_PHASES"],"fullName":"Progress Notifications AGENT_PHASES should have interviewer phases array","status":"passed","title":"should have interviewer phases array","duration":0.38287500000001273,"failureMessages":[],"meta":{}},{"ancestorTitles":["Progress Notifications","AGENT_PHASES"],"fullName":"Progress Notifications AGENT_PHASES should have architect phases array","status":"passed","title":"should have architect phases array","duration":0.08224999999998772,"failureMessages":[],"meta":{}},{"ancestorTitles":["Progress Notifications","AGENT_PHASES"],"fullName":"Progress Notifications AGENT_PHASES should have executor phases array","status":"passed","title":"should have executor phases array","duration":0.0825839999999971,"failureMessages":[],"meta":{}},{"ancestorTitles":["Progress Notifications","AGENT_PHASES"],"fullName":"Progress Notifications AGENT_PHASES should have reviewer phases array","status":"passed","title":"should have reviewer phases array","duration":0.08691699999999969,"failureMessages":[],"meta":{}},{"ancestorTitles":["Progress Notifications","AGENT_PHASES"],"fullName":"Progress Notifications AGENT_PHASES should have validator phases array","status":"passed","title":"should have validator phases array","duration":0.06741700000000606,"failureMessages":[],"meta":{}},{"ancestorTitles":["Progress Notifications","AGENT_PHASES"],"fullName":"Progress Notifications AGENT_PHASES should have all 9 agents mapped (including chief-of-staff)","status":"passed","title":"should have all 9 agents mapped (including chief-of-staff)","duration":0.18000000000000682,"failureMessages":[],"meta":{}}],"startTime":1767341562844,"endTime":1767341562846.18,"status":"passed","message":"","name":"/Users/bangedorrunt/workspace/opencode-addons/src/orchestrator/progress.test.ts"},{"assertionResults":[{"ancestorTitles":["Session Coordination - waitForSessionCompletion"],"fullName":"Session Coordination - waitForSessionCompletion should resolve immediately if event is already in history (Race Condition Fix)","status":"passed","title":"should resolve immediately if event is already in history (Race Condition Fix)","duration":10.925624999999968,"failureMessages":[],"meta":{}},{"ancestorTitles":["Session Coordination - waitForSessionCompletion"],"fullName":"Session Coordination - waitForSessionCompletion should resolve when event is emitted after waiting (Event Subscription)","status":"passed","title":"should resolve when event is emitted after waiting (Event Subscription)","duration":53.37587499999995,"failureMessages":[],"meta":{}},{"ancestorTitles":["Session Coordination - waitForSessionCompletion"],"fullName":"Session Coordination - waitForSessionCompletion should handle failure events correctly","status":"passed","title":"should handle failure events correctly","duration":54.89179200000001,"failureMessages":[],"meta":{}},{"ancestorTitles":["Session Coordination - waitForSessionCompletion"],"fullName":"Session Coordination - waitForSessionCompletion should timeout if no event is received","status":"passed","title":"should timeout if no event is received","duration":101.60729199999992,"failureMessages":[],"meta":{}},{"ancestorTitles":["Session Coordination - waitForSessionCompletion"],"fullName":"Session Coordination - waitForSessionCompletion should resolve on lifecycle.session.idle and fetch result","status":"passed","title":"should resolve on lifecycle.session.idle and fetch result","duration":53.09491600000001,"failureMessages":[],"meta":{}}],"startTime":1767341562879,"endTime":1767341563153.095,"status":"passed","message":"","name":"/Users/bangedorrunt/workspace/opencode-addons/src/orchestrator/session-coordination.test.ts"},{"assertionResults":[{"ancestorTitles":["Session Strategy","AGENT_SESSION_CONFIG"],"fullName":"Session Strategy AGENT_SESSION_CONFIG should have 8 active agents configured","status":"passed","title":"should have 8 active agents configured","duration":0.6446660000000008,"failureMessages":[],"meta":{}},{"ancestorTitles":["Session Strategy","AGENT_SESSION_CONFIG"],"fullName":"Session Strategy AGENT_SESSION_CONFIG should have correct session modes","status":"passed","title":"should have correct session modes","duration":0.15637500000002547,"failureMessages":[],"meta":{}},{"ancestorTitles":["Session Strategy","AGENT_SESSION_CONFIG"],"fullName":"Session Strategy AGENT_SESSION_CONFIG should preserve intended modes for future reference","status":"passed","title":"should preserve intended modes for future reference","duration":0.061041999999986274,"failureMessages":[],"meta":{}},{"ancestorTitles":["Session Strategy","getSessionMode"],"fullName":"Session Strategy getSessionMode should return correct mode for known agents","status":"passed","title":"should return correct mode for known agents","duration":0.0820410000000038,"failureMessages":[],"meta":{}},{"ancestorTitles":["Session Strategy","getSessionMode"],"fullName":"Session Strategy getSessionMode should normalize agent names with prefix","status":"passed","title":"should normalize agent names with prefix","duration":0.04645800000000122,"failureMessages":[],"meta":{}},{"ancestorTitles":["Session Strategy","getSessionMode"],"fullName":"Session Strategy getSessionMode should default to child for unknown agents","status":"passed","title":"should default to child for unknown agents","duration":0.049666000000001986,"failureMessages":[],"meta":{}},{"ancestorTitles":["Session Strategy","requiresContext"],"fullName":"Session Strategy requiresContext should return true for context-requiring agents","status":"passed","title":"should return true for context-requiring agents","duration":0.06333300000000008,"failureMessages":[],"meta":{}},{"ancestorTitles":["Session Strategy","requiresContext"],"fullName":"Session Strategy requiresContext should return false for quick lookup agents","status":"passed","title":"should return false for quick lookup agents","duration":0.03762499999999136,"failureMessages":[],"meta":{}},{"ancestorTitles":["Session Strategy","buildHandoffContext"],"fullName":"Session Strategy buildHandoffContext should extract directives from LEDGER","status":"passed","title":"should extract directives from LEDGER","duration":0.4518329999999935,"failureMessages":[],"meta":{}},{"ancestorTitles":["Session Strategy","buildHandoffContext"],"fullName":"Session Strategy buildHandoffContext should extract decisions from epic context","status":"passed","title":"should extract decisions from epic context","duration":0.09562499999998408,"failureMessages":[],"meta":{}},{"ancestorTitles":["Session Strategy","buildHandoffContext"],"fullName":"Session Strategy buildHandoffContext should build plan summary from epic","status":"passed","title":"should build plan summary from epic","duration":0.047291000000001304,"failureMessages":[],"meta":{}},{"ancestorTitles":["Session Strategy","buildHandoffContext"],"fullName":"Session Strategy buildHandoffContext should collect affected files from tasks","status":"passed","title":"should collect affected files from tasks","duration":0.07083300000002168,"failureMessages":[],"meta":{}},{"ancestorTitles":["Session Strategy","buildHandoffContext"],"fullName":"Session Strategy buildHandoffContext should include recent learnings","status":"passed","title":"should include recent learnings","duration":0.055292000000008557,"failureMessages":[],"meta":{}},{"ancestorTitles":["Session Strategy","prepareChildSessionPrompt"],"fullName":"Session Strategy prepareChildSessionPrompt should prepend context header to prompt","status":"passed","title":"should prepend context header to prompt","duration":0.09508299999998826,"failureMessages":[],"meta":{}},{"ancestorTitles":["Session Strategy","prepareChildSessionPrompt"],"fullName":"Session Strategy prepareChildSessionPrompt should include all context sections","status":"passed","title":"should include all context sections","duration":0.060167000000006965,"failureMessages":[],"meta":{}}],"startTime":1767341562809,"endTime":1767341562811.095,"status":"passed","message":"","name":"/Users/bangedorrunt/workspace/opencode-addons/src/orchestrator/session-strategy.test.ts"},{"assertionResults":[{"ancestorTitles":["SignalBuffer"],"fullName":"SignalBuffer should enqueue and check signals","status":"passed","title":"should enqueue and check signals","duration":1.151042000000018,"failureMessages":[],"meta":{}},{"ancestorTitles":["SignalBuffer"],"fullName":"SignalBuffer should flush signals in FIFO order","status":"passed","title":"should flush signals in FIFO order","duration":0.26045899999999733,"failureMessages":[],"meta":{}},{"ancestorTitles":["SignalBuffer"],"fullName":"SignalBuffer should handle multiple sessions independently","status":"passed","title":"should handle multiple sessions independently","duration":0.1826250000000016,"failureMessages":[],"meta":{}}],"startTime":1767341562839,"endTime":1767341562840.2605,"status":"passed","message":"","name":"/Users/bangedorrunt/workspace/opencode-addons/src/orchestrator/signal-buffer.test.ts"},{"assertionResults":[{"ancestorTitles":["Skill Agent Resolution Logic"],"fullName":"Skill Agent Resolution Logic should resolve agent using exact name","status":"passed","title":"should resolve agent using exact name","duration":0.7437920000000133,"failureMessages":[],"meta":{}},{"ancestorTitles":["Skill Agent Resolution Logic"],"fullName":"Skill Agent Resolution Logic should resolve agent with chief-of-staff prefix if not provided","status":"passed","title":"should resolve agent with chief-of-staff prefix if not provided","duration":0.09462500000000773,"failureMessages":[],"meta":{}},{"ancestorTitles":["Skill Agent Resolution Logic"],"fullName":"Skill Agent Resolution Logic should resolve agent with skill_name prefix","status":"passed","title":"should resolve agent with skill_name prefix","duration":0.07099999999999795,"failureMessages":[],"meta":{}},{"ancestorTitles":["Skill Agent Resolution Logic"],"fullName":"Skill Agent Resolution Logic should fallback to Explore if agent not found","status":"passed","title":"should fallback to Explore if agent not found","duration":0.06770800000001032,"failureMessages":[],"meta":{}},{"ancestorTitles":["Skill Agent Resolution Logic"],"fullName":"Skill Agent Resolution Logic should fallback to General if Explore not found","status":"passed","title":"should fallback to General if Explore not found","duration":0.07150000000001455,"failureMessages":[],"meta":{}},{"ancestorTitles":["Skill Agent Resolution Logic"],"fullName":"Skill Agent Resolution Logic should prioritize skill_name over chief-of-staff default even if CoS matches","status":"passed","title":"should prioritize skill_name over chief-of-staff default even if CoS matches","duration":0.06620899999998642,"failureMessages":[],"meta":{}},{"ancestorTitles":["Skill Agent Resolution Logic"],"fullName":"Skill Agent Resolution Logic should return null if no agent or fallback exists","status":"passed","title":"should return null if no agent or fallback exists","duration":0.06012499999999932,"failureMessages":[],"meta":{}},{"ancestorTitles":["Skill Agent Resolution Logic"],"fullName":"Skill Agent Resolution Logic should list all agents uniquely and sorted","status":"passed","title":"should list all agents uniquely and sorted","duration":0.29487499999999045,"failureMessages":[],"meta":{}}],"startTime":1767341562821,"endTime":1767341562822.295,"status":"passed","message":"","name":"/Users/bangedorrunt/workspace/opencode-addons/src/orchestrator/skill-agent-resolution.test.ts"},{"assertionResults":[{"ancestorTitles":["TaskRegistry","register"],"fullName":"TaskRegistry register should register a new task with pending status","status":"passed","title":"should register a new task with pending status","duration":1.1268329999999764,"failureMessages":[],"meta":{}},{"ancestorTitles":["TaskRegistry","register"],"fullName":"TaskRegistry register should use ledgerTaskId as task ID if provided","status":"passed","title":"should use ledgerTaskId as task ID if provided","duration":0.13108299999998962,"failureMessages":[],"meta":{}},{"ancestorTitles":["TaskRegistry","updateStatus"],"fullName":"TaskRegistry updateStatus should update task status","status":"passed","title":"should update task status","duration":0.19595800000001873,"failureMessages":[],"meta":{}},{"ancestorTitles":["TaskRegistry","updateStatus"],"fullName":"TaskRegistry updateStatus should set startedAt when status changes to running","status":"passed","title":"should set startedAt when status changes to running","duration":0.1542079999999828,"failureMessages":[],"meta":{}},{"ancestorTitles":["TaskRegistry","heartbeat"],"fullName":"TaskRegistry heartbeat should update lastHeartbeat timestamp","status":"passed","title":"should update lastHeartbeat timestamp","duration":0.11229099999997061,"failureMessages":[],"meta":{}},{"ancestorTitles":["TaskRegistry","getTimedOutTasks"],"fullName":"TaskRegistry getTimedOutTasks should return tasks that exceeded timeout","status":"passed","title":"should return tasks that exceeded timeout","duration":159.87062499999996,"failureMessages":[],"meta":{}},{"ancestorTitles":["TaskRegistry","getTimedOutTasks"],"fullName":"TaskRegistry getTimedOutTasks should not return non-running tasks","status":"passed","title":"should not return non-running tasks","duration":151.24566599999997,"failureMessages":[],"meta":{}},{"ancestorTitles":["TaskRegistry","getStuckTasks"],"fullName":"TaskRegistry getStuckTasks should return tasks with stale heartbeats","status":"passed","title":"should return tasks with stale heartbeats","duration":101.43004199999996,"failureMessages":[],"meta":{}},{"ancestorTitles":["TaskRegistry","getStuckTasks"],"fullName":"TaskRegistry getStuckTasks should not return tasks with recent heartbeats","status":"passed","title":"should not return tasks with recent heartbeats","duration":0.24083299999995234,"failureMessages":[],"meta":{}},{"ancestorTitles":["TaskRegistry","incrementRetry"],"fullName":"TaskRegistry incrementRetry should increment retry count","status":"passed","title":"should increment retry count","duration":0.22820799999999508,"failureMessages":[],"meta":{}},{"ancestorTitles":["TaskRegistry","getSummary"],"fullName":"TaskRegistry getSummary should return correct summary statistics","status":"passed","title":"should return correct summary statistics","duration":1.6678329999999733,"failureMessages":[],"meta":{}},{"ancestorTitles":["TaskRegistry","cleanup"],"fullName":"TaskRegistry cleanup should remove old completed tasks","status":"passed","title":"should remove old completed tasks","duration":10.72954100000004,"failureMessages":[],"meta":{}},{"ancestorTitles":["Singleton Functions"],"fullName":"Singleton Functions getTaskRegistry should return singleton instance","status":"passed","title":"getTaskRegistry should return singleton instance","duration":0.07141699999999673,"failureMessages":[],"meta":{}},{"ancestorTitles":["Singleton Functions"],"fullName":"Singleton Functions resetTaskRegistry should clear the singleton","status":"passed","title":"resetTaskRegistry should clear the singleton","duration":0.3614159999999629,"failureMessages":[],"meta":{}}],"startTime":1767341562580,"endTime":1767341563008.3613,"status":"passed","message":"","name":"/Users/bangedorrunt/workspace/opencode-addons/src/orchestrator/task-registry.test.ts"},{"assertionResults":[{"ancestorTitles":["loadConfig"],"fullName":"loadConfig should return default config when file does not exist","status":"passed","title":"should return default config when file does not exist","duration":1.133958000000007,"failureMessages":[],"meta":{}},{"ancestorTitles":["loadConfig"],"fullName":"loadConfig should load and parse valid config file","status":"passed","title":"should load and parse valid config file","duration":0.5972089999999639,"failureMessages":[],"meta":{}},{"ancestorTitles":["loadConfig"],"fullName":"loadConfig should return default config when JSON is invalid","status":"passed","title":"should return default config when JSON is invalid","duration":0.3048339999999712,"failureMessages":[],"meta":{}},{"ancestorTitles":["loadConfig"],"fullName":"loadConfig should return default config when missing required models section","status":"passed","title":"should return default config when missing required models section","duration":0.21766700000000583,"failureMessages":[],"meta":{}},{"ancestorTitles":["loadConfig"],"fullName":"loadConfig should return default config when models section is empty","status":"passed","title":"should return default config when models section is empty","duration":0.21204199999999673,"failureMessages":[],"meta":{}},{"ancestorTitles":["loadConfig"],"fullName":"loadConfig should handle file read errors gracefully","status":"passed","title":"should handle file read errors gracefully","duration":0.364750000000015,"failureMessages":[],"meta":{}},{"ancestorTitles":["loadConfig"],"fullName":"loadConfig should support custom agent paths","status":"passed","title":"should support custom agent paths","duration":0.28454199999998764,"failureMessages":[],"meta":{}},{"ancestorTitles":["loadConfig"],"fullName":"loadConfig should preserve disable and forcedSkills fields from config file","status":"passed","title":"should preserve disable and forcedSkills fields from config file","duration":0.521665999999982,"failureMessages":[],"meta":{}},{"ancestorTitles":["saveConfig"],"fullName":"saveConfig should save config to file","status":"passed","title":"should save config to file","duration":0.28916599999996606,"failureMessages":[],"meta":{}},{"ancestorTitles":["saveConfig"],"fullName":"saveConfig should create directory if it does not exist","status":"passed","title":"should create directory if it does not exist","duration":0.4150830000000383,"failureMessages":[],"meta":{}},{"ancestorTitles":["saveConfig"],"fullName":"saveConfig should throw on invalid config","status":"passed","title":"should throw on invalid config","duration":0.33970799999997325,"failureMessages":[],"meta":{}},{"ancestorTitles":["configExists"],"fullName":"configExists should return false when file does not exist","status":"passed","title":"should return false when file does not exist","duration":0.07970899999997982,"failureMessages":[],"meta":{}},{"ancestorTitles":["configExists"],"fullName":"configExists should return true when file exists","status":"passed","title":"should return true when file exists","duration":0.1559169999999881,"failureMessages":[],"meta":{}},{"ancestorTitles":["loadConfigWithValidation"],"fullName":"loadConfigWithValidation should return config and validation result","status":"passed","title":"should return config and validation result","duration":0.2603330000000028,"failureMessages":[],"meta":{}},{"ancestorTitles":["loadConfigWithValidation"],"fullName":"loadConfigWithValidation should return validation errors for invalid config","status":"passed","title":"should return validation errors for invalid config","duration":0.23116700000002766,"failureMessages":[],"meta":{}},{"ancestorTitles":["loadConfigWithValidation"],"fullName":"loadConfigWithValidation should return valid validation for default config when file missing","status":"passed","title":"should return valid validation for default config when file missing","duration":0.08054099999998243,"failureMessages":[],"meta":{}},{"ancestorTitles":["getConfigDir"],"fullName":"getConfigDir should return platform-specific config directory","status":"passed","title":"should return platform-specific config directory","duration":0.058334000000002106,"failureMessages":[],"meta":{}},{"ancestorTitles":["getConfigDir"],"fullName":"getConfigDir should include homedir","status":"passed","title":"should include homedir","duration":0.07925000000000182,"failureMessages":[],"meta":{}},{"ancestorTitles":["getConfigPath"],"fullName":"getConfigPath should return full path to config file","status":"passed","title":"should return full path to config file","duration":0.06599999999997408,"failureMessages":[],"meta":{}}],"startTime":1767341562599,"endTime":1767341562605.2312,"status":"passed","message":"","name":"/Users/bangedorrunt/workspace/opencode-addons/src/opencode/config/loader.test.ts"},{"assertionResults":[{"ancestorTitles":["substituteModel","basic substitution"],"fullName":"substituteModel basic substitution should replace model line when override exists for planner","status":"passed","title":"should replace model line when override exists for planner","duration":0.653665999999987,"failureMessages":[],"meta":{}},{"ancestorTitles":["substituteModel","basic substitution"],"fullName":"substituteModel basic substitution should replace model line when override exists for worker","status":"passed","title":"should replace model line when override exists for worker","duration":0.08729199999999082,"failureMessages":[],"meta":{}},{"ancestorTitles":["substituteModel","basic substitution"],"fullName":"substituteModel basic substitution should replace model line when override exists for researcher","status":"passed","title":"should replace model line when override exists for researcher","duration":0.06262499999999704,"failureMessages":[],"meta":{}},{"ancestorTitles":["substituteModel","no substitution"],"fullName":"substituteModel no substitution should return original prompt when no override exists for agent","status":"passed","title":"should return original prompt when no override exists for agent","duration":0.08116699999999355,"failureMessages":[],"meta":{}},{"ancestorTitles":["substituteModel","no substitution"],"fullName":"substituteModel no substitution should preserve all other content when substituting model","status":"passed","title":"should preserve all other content when substituting model","duration":0.08720800000000395,"failureMessages":[],"meta":{}},{"ancestorTitles":["substituteModel","edge cases"],"fullName":"substituteModel edge cases should handle prompts with multiple model-like lines correctly","status":"passed","title":"should handle prompts with multiple model-like lines correctly","duration":0.05245800000000145,"failureMessages":[],"meta":{}},{"ancestorTitles":["substituteModel","edge cases"],"fullName":"substituteModel edge cases should handle model lines with extra whitespace","status":"passed","title":"should handle model lines with extra whitespace","duration":0.04574999999999818,"failureMessages":[],"meta":{}},{"ancestorTitles":["substituteModel","edge cases"],"fullName":"substituteModel edge cases should return original prompt if model line not found","status":"passed","title":"should return original prompt if model line not found","duration":0.03412499999998886,"failureMessages":[],"meta":{}},{"ancestorTitles":["substituteModel","real-world scenarios"],"fullName":"substituteModel real-world scenarios should work with actual worker.md prompt format","status":"passed","title":"should work with actual worker.md prompt format","duration":0.05441600000000335,"failureMessages":[],"meta":{}},{"ancestorTitles":["substituteModel","real-world scenarios"],"fullName":"substituteModel real-world scenarios should work with actual planner.md prompt format","status":"passed","title":"should work with actual planner.md prompt format","duration":0.07062500000000682,"failureMessages":[],"meta":{}},{"ancestorTitles":["substituteModel","real-world scenarios"],"fullName":"substituteModel real-world scenarios should work with actual researcher.md prompt format","status":"passed","title":"should work with actual researcher.md prompt format","duration":0.04216700000000628,"failureMessages":[],"meta":{}}],"startTime":1767341562807,"endTime":1767341562808.0872,"status":"passed","message":"","name":"/Users/bangedorrunt/workspace/opencode-addons/src/opencode/config/substitutor.test.ts"},{"assertionResults":[{"ancestorTitles":["SwarmToolAddonsConfig","type definitions"],"fullName":"SwarmToolAddonsConfig type definitions should allow creating a valid config with path-based model overrides","status":"passed","title":"should allow creating a valid config with path-based model overrides","duration":1.2993749999999977,"failureMessages":[],"meta":{}},{"ancestorTitles":["SwarmToolAddonsConfig","type definitions"],"fullName":"SwarmToolAddonsConfig type definitions should allow partial model config with optional fields","status":"passed","title":"should allow partial model config with optional fields","duration":0.11687499999999318,"failureMessages":[],"meta":{}},{"ancestorTitles":["SwarmToolAddonsConfig","type definitions"],"fullName":"SwarmToolAddonsConfig type definitions should allow optional top-level settings","status":"passed","title":"should allow optional top-level settings","duration":0.31374999999999886,"failureMessages":[],"meta":{}},{"ancestorTitles":["SwarmToolAddonsConfig","type definitions"],"fullName":"SwarmToolAddonsConfig type definitions should require models section","status":"passed","title":"should require models section","duration":0.191332999999986,"failureMessages":[],"meta":{}},{"ancestorTitles":["SwarmToolAddonsConfig","parseConfig"],"fullName":"SwarmToolAddonsConfig parseConfig should parse valid JSON config string","status":"passed","title":"should parse valid JSON config string","duration":0.3318749999999966,"failureMessages":[],"meta":{}},{"ancestorTitles":["SwarmToolAddonsConfig","parseConfig"],"fullName":"SwarmToolAddonsConfig parseConfig should throw on invalid JSON","status":"passed","title":"should throw on invalid JSON","duration":0.5244590000000073,"failureMessages":[],"meta":{}},{"ancestorTitles":["SwarmToolAddonsConfig","parseConfig"],"fullName":"SwarmToolAddonsConfig parseConfig should throw on missing models section","status":"passed","title":"should throw on missing models section","duration":0.1164579999999944,"failureMessages":[],"meta":{}},{"ancestorTitles":["SwarmToolAddonsConfig","parseConfig"],"fullName":"SwarmToolAddonsConfig parseConfig should throw on empty models section","status":"passed","title":"should throw on empty models section","duration":0.06983299999998849,"failureMessages":[],"meta":{}},{"ancestorTitles":["SwarmToolAddonsConfig","parseConfig"],"fullName":"SwarmToolAddonsConfig parseConfig should throw on missing model field","status":"passed","title":"should throw on missing model field","duration":0.07425000000000637,"failureMessages":[],"meta":{}},{"ancestorTitles":["SwarmToolAddonsConfig","validateConfig"],"fullName":"SwarmToolAddonsConfig validateConfig should validate complete config","status":"passed","title":"should validate complete config","duration":0.3138749999999959,"failureMessages":[],"meta":{}},{"ancestorTitles":["SwarmToolAddonsConfig","validateConfig"],"fullName":"SwarmToolAddonsConfig validateConfig should validate custom agent paths","status":"passed","title":"should validate custom agent paths","duration":0.06483399999999051,"failureMessages":[],"meta":{}},{"ancestorTitles":["SwarmToolAddonsConfig","validateConfig"],"fullName":"SwarmToolAddonsConfig validateConfig should return errors for invalid temperature values","status":"passed","title":"should return errors for invalid temperature values","duration":0.0635830000000226,"failureMessages":[],"meta":{}},{"ancestorTitles":["SwarmToolAddonsConfig","validateConfig"],"fullName":"SwarmToolAddonsConfig validateConfig should return errors for negative temperature","status":"passed","title":"should return errors for negative temperature","duration":0.041917000000012195,"failureMessages":[],"meta":{}},{"ancestorTitles":["SwarmToolAddonsConfig","validateConfig"],"fullName":"SwarmToolAddonsConfig validateConfig should validate logLevel if provided","status":"passed","title":"should validate logLevel if provided","duration":0.03637500000002092,"failureMessages":[],"meta":{}},{"ancestorTitles":["SwarmToolAddonsConfig","validateConfig"],"fullName":"SwarmToolAddonsConfig validateConfig should accept all valid log levels","status":"passed","title":"should accept all valid log levels","duration":0.07112500000002342,"failureMessages":[],"meta":{}},{"ancestorTitles":["SwarmToolAddonsConfig","validateConfig"],"fullName":"SwarmToolAddonsConfig validateConfig should return errors for empty model string","status":"passed","title":"should return errors for empty model string","duration":0.033165999999994256,"failureMessages":[],"meta":{}},{"ancestorTitles":["SwarmToolAddonsConfig","new fields: disable and forcedSkills"],"fullName":"SwarmToolAddonsConfig new fields: disable and forcedSkills should accept disable field in model config","status":"passed","title":"should accept disable field in model config","duration":0.052209000000004835,"failureMessages":[],"meta":{}},{"ancestorTitles":["SwarmToolAddonsConfig","new fields: disable and forcedSkills"],"fullName":"SwarmToolAddonsConfig new fields: disable and forcedSkills should accept forcedSkills field in model config","status":"passed","title":"should accept forcedSkills field in model config","duration":0.054166999999978316,"failureMessages":[],"meta":{}},{"ancestorTitles":["SwarmToolAddonsConfig","new fields: disable and forcedSkills"],"fullName":"SwarmToolAddonsConfig new fields: disable and forcedSkills should accept empty forcedSkills array","status":"passed","title":"should accept empty forcedSkills array","duration":0.03458400000002371,"failureMessages":[],"meta":{}},{"ancestorTitles":["SwarmToolAddonsConfig","new fields: disable and forcedSkills"],"fullName":"SwarmToolAddonsConfig new fields: disable and forcedSkills should accept all optional fields together","status":"passed","title":"should accept all optional fields together","duration":0.045417000000014696,"failureMessages":[],"meta":{}},{"ancestorTitles":["SwarmToolAddonsConfig","new fields: disable and forcedSkills"],"fullName":"SwarmToolAddonsConfig new fields: disable and forcedSkills should parse config with disable and forcedSkills from JSON","status":"passed","title":"should parse config with disable and forcedSkills from JSON","duration":0.04641699999999105,"failureMessages":[],"meta":{}},{"ancestorTitles":["SwarmToolAddonsConfig","new fields: disable and forcedSkills"],"fullName":"SwarmToolAddonsConfig new fields: disable and forcedSkills should preserve disable and forcedSkills when undefined","status":"passed","title":"should preserve disable and forcedSkills when undefined","duration":0.028416999999990367,"failureMessages":[],"meta":{}}],"startTime":1767341562807,"endTime":1767341562812.0464,"status":"passed","message":"","name":"/Users/bangedorrunt/workspace/opencode-addons/src/opencode/config/types.test.ts"},{"assertionResults":[{"ancestorTitles":["FileBasedLedger","initialization"],"fullName":"FileBasedLedger initialization should detect uninitialized state","status":"passed","title":"should detect uninitialized state","duration":4.026208999999994,"failureMessages":[],"meta":{}},{"ancestorTitles":["FileBasedLedger","initialization"],"fullName":"FileBasedLedger initialization should initialize directory structure","status":"passed","title":"should initialize directory structure","duration":10.704917000000023,"failureMessages":[],"meta":{}},{"ancestorTitles":["FileBasedLedger","initialization"],"fullName":"FileBasedLedger initialization should detect initialized state","status":"passed","title":"should detect initialized state","duration":13.224333000000001,"failureMessages":[],"meta":{}},{"ancestorTitles":["FileBasedLedger","epic operations"],"fullName":"FileBasedLedger epic operations should create a new epic","status":"passed","title":"should create a new epic","duration":14.469291999999996,"failureMessages":[],"meta":{}},{"ancestorTitles":["FileBasedLedger","epic operations"],"fullName":"FileBasedLedger epic operations should get active epic","status":"passed","title":"should get active epic","duration":20.705832999999984,"failureMessages":[],"meta":{}},{"ancestorTitles":["FileBasedLedger","epic operations"],"fullName":"FileBasedLedger epic operations should prevent creating epic when one exists","status":"passed","title":"should prevent creating epic when one exists","duration":28.10775000000001,"failureMessages":[],"meta":{}},{"ancestorTitles":["FileBasedLedger","epic operations"],"fullName":"FileBasedLedger epic operations should update epic status","status":"passed","title":"should update epic status","duration":68.032917,"failureMessages":[],"meta":{}},{"ancestorTitles":["FileBasedLedger","epic operations"],"fullName":"FileBasedLedger epic operations should archive epic","status":"passed","title":"should archive epic","duration":22.044208000000026,"failureMessages":[],"meta":{}},{"ancestorTitles":["FileBasedLedger","spec and plan operations"],"fullName":"FileBasedLedger spec and plan operations should read spec file","status":"passed","title":"should read spec file","duration":8.70308399999999,"failureMessages":[],"meta":{}},{"ancestorTitles":["FileBasedLedger","spec and plan operations"],"fullName":"FileBasedLedger spec and plan operations should write spec file","status":"passed","title":"should write spec file","duration":10.540500000000009,"failureMessages":[],"meta":{}},{"ancestorTitles":["FileBasedLedger","spec and plan operations"],"fullName":"FileBasedLedger spec and plan operations should read plan file","status":"passed","title":"should read plan file","duration":9.685708999999974,"failureMessages":[],"meta":{}},{"ancestorTitles":["FileBasedLedger","spec and plan operations"],"fullName":"FileBasedLedger spec and plan operations should write plan file","status":"passed","title":"should write plan file","duration":8.107624999999985,"failureMessages":[],"meta":{}},{"ancestorTitles":["FileBasedLedger","spec and plan operations"],"fullName":"FileBasedLedger spec and plan operations should update task status in plan","status":"passed","title":"should update task status in plan","duration":10.857374999999934,"failureMessages":[],"meta":{}},{"ancestorTitles":["FileBasedLedger","learnings"],"fullName":"FileBasedLedger learnings should add pattern learning","status":"passed","title":"should add pattern learning","duration":10.851583000000005,"failureMessages":[],"meta":{}},{"ancestorTitles":["FileBasedLedger","learnings"],"fullName":"FileBasedLedger learnings should add decision learning","status":"passed","title":"should add decision learning","duration":9.773874999999975,"failureMessages":[],"meta":{}},{"ancestorTitles":["FileBasedLedger","learnings"],"fullName":"FileBasedLedger learnings should update recent learnings in index","status":"passed","title":"should update recent learnings in index","duration":22.526541000000066,"failureMessages":[],"meta":{}},{"ancestorTitles":["FileBasedLedger","context operations"],"fullName":"FileBasedLedger context operations should read product context","status":"passed","title":"should read product context","duration":11.987124999999992,"failureMessages":[],"meta":{}},{"ancestorTitles":["FileBasedLedger","context operations"],"fullName":"FileBasedLedger context operations should update tech-stack context","status":"passed","title":"should update tech-stack context","duration":8.209916000000021,"failureMessages":[],"meta":{}},{"ancestorTitles":["FileBasedLedger","handoff"],"fullName":"FileBasedLedger handoff should create handoff","status":"passed","title":"should create handoff","duration":5.317583000000013,"failureMessages":[],"meta":{}},{"ancestorTitles":["FileBasedLedger","handoff"],"fullName":"FileBasedLedger handoff should clear handoff","status":"passed","title":"should clear handoff","duration":9.303125000000023,"failureMessages":[],"meta":{}},{"ancestorTitles":["FileBasedLedger","status"],"fullName":"FileBasedLedger status should return uninitialized status","status":"passed","title":"should return uninitialized status","duration":6.903541000000018,"failureMessages":[],"meta":{}},{"ancestorTitles":["FileBasedLedger","status"],"fullName":"FileBasedLedger status should return full status after init","status":"passed","title":"should return full status after init","duration":16.704000000000065,"failureMessages":[],"meta":{}}],"startTime":1767341562611,"endTime":1767341562943.704,"status":"passed","message":"","name":"/Users/bangedorrunt/workspace/opencode-addons/src/orchestrator/file-ledger/index.test.ts"},{"assertionResults":[{"ancestorTitles":["ledger-tools"],"fullName":"ledger-tools exposes Active Dialogue tools (v5.1)","status":"passed","title":"exposes Active Dialogue tools (v5.1)","duration":0.563666000000012,"failureMessages":[],"meta":{}}],"startTime":1767341563169,"endTime":1767341563169.5637,"status":"passed","message":"","name":"/Users/bangedorrunt/workspace/opencode-addons/src/orchestrator/tools/ledger-tools.test.ts"}]}