{"numTotalTestSuites":2,"numPassedTestSuites":2,"numFailedTestSuites":0,"numPendingTestSuites":0,"numTotalTests":8,"numPassedTests":8,"numFailedTests":0,"numPendingTests":0,"numTodoTests":0,"snapshot":{"added":0,"failure":false,"filesAdded":0,"filesRemoved":0,"filesRemovedList":[],"filesUnmatched":0,"filesUpdated":0,"matched":0,"total":0,"unchecked":0,"uncheckedKeysByFile":[],"unmatched":0,"updated":0,"didUpdate":false},"startTime":1767271958594,"success":true,"testResults":[{"assertionResults":[{"ancestorTitles":["Skill Agent Resolution Logic"],"fullName":"Skill Agent Resolution Logic should resolve agent using exact name","status":"passed","title":"should resolve agent using exact name","duration":0.6412919999999929,"failureMessages":[],"meta":{}},{"ancestorTitles":["Skill Agent Resolution Logic"],"fullName":"Skill Agent Resolution Logic should resolve agent with chief-of-staff prefix if not provided","status":"passed","title":"should resolve agent with chief-of-staff prefix if not provided","duration":0.0922920000000147,"failureMessages":[],"meta":{}},{"ancestorTitles":["Skill Agent Resolution Logic"],"fullName":"Skill Agent Resolution Logic should resolve agent with skill_name prefix","status":"passed","title":"should resolve agent with skill_name prefix","duration":0.06499999999999773,"failureMessages":[],"meta":{}},{"ancestorTitles":["Skill Agent Resolution Logic"],"fullName":"Skill Agent Resolution Logic should fallback to Explore if agent not found","status":"passed","title":"should fallback to Explore if agent not found","duration":0.062375000000002956,"failureMessages":[],"meta":{}},{"ancestorTitles":["Skill Agent Resolution Logic"],"fullName":"Skill Agent Resolution Logic should fallback to General if Explore not found","status":"passed","title":"should fallback to General if Explore not found","duration":0.06862499999999727,"failureMessages":[],"meta":{}},{"ancestorTitles":["Skill Agent Resolution Logic"],"fullName":"Skill Agent Resolution Logic should prioritize skill_name over chief-of-staff default even if CoS matches","status":"passed","title":"should prioritize skill_name over chief-of-staff default even if CoS matches","duration":0.06141700000000583,"failureMessages":[],"meta":{}},{"ancestorTitles":["Skill Agent Resolution Logic"],"fullName":"Skill Agent Resolution Logic should return null if no agent or fallback exists","status":"passed","title":"should return null if no agent or fallback exists","duration":0.048082999999991216,"failureMessages":[],"meta":{}},{"ancestorTitles":["Skill Agent Resolution Logic"],"fullName":"Skill Agent Resolution Logic should list all agents uniquely and sorted","status":"passed","title":"should list all agents uniquely and sorted","duration":0.24929199999999696,"failureMessages":[],"meta":{}}],"startTime":1767271958792,"endTime":1767271958793.2493,"status":"passed","message":"","name":"/Users/bangedorrunt/workspace/opencode-addons/src/orchestrator/skill-agent-resolution.test.ts"}]}