{"numTotalTestSuites":166,"numPassedTestSuites":166,"numFailedTestSuites":0,"numPendingTestSuites":0,"numTotalTests":304,"numPassedTests":304,"numFailedTests":0,"numPendingTests":0,"numTodoTests":0,"snapshot":{"added":0,"failure":false,"filesAdded":0,"filesRemoved":0,"filesRemovedList":[],"filesUnmatched":0,"filesUpdated":0,"matched":0,"total":0,"unchecked":0,"uncheckedKeysByFile":[],"unmatched":0,"updated":0,"didUpdate":false},"startTime":1767357245936,"success":true,"testResults":[{"assertionResults":[{"ancestorTitles":["Config Hook - Model Overrides","Command Model Override"],"fullName":"Config Hook - Model Overrides Command Model Override should apply user config model override to commands based on agent name","status":"passed","title":"should apply user config model override to commands based on agent name","duration":0.9454999999999814,"failureMessages":[],"meta":{}},{"ancestorTitles":["Config Hook - Model Overrides","Command Model Override"],"fullName":"Config Hook - Model Overrides Command Model Override should fall back to frontmatter model when no user override exists","status":"passed","title":"should fall back to frontmatter model when no user override exists","duration":0.13645800000000463,"failureMessages":[],"meta":{}},{"ancestorTitles":["Config Hook - Model Overrides","Command Model Override"],"fullName":"Config Hook - Model Overrides Command Model Override should use default model when no frontmatter model exists","status":"passed","title":"should use default model when no frontmatter model exists","duration":0.11729200000002038,"failureMessages":[],"meta":{}},{"ancestorTitles":["Config Hook - Model Overrides","Agent Model Override"],"fullName":"Config Hook - Model Overrides Agent Model Override should apply user config model override to skill-based agents","status":"passed","title":"should apply user config model override to skill-based agents","duration":0.12337500000001,"failureMessages":[],"meta":{}},{"ancestorTitles":["Config Hook - Model Overrides","Agent Model Override"],"fullName":"Config Hook - Model Overrides Agent Model Override should apply user config model override to chief-of-staff skills","status":"passed","title":"should apply user config model override to chief-of-staff skills","duration":0.14020800000000122,"failureMessages":[],"meta":{}},{"ancestorTitles":["Config Hook - Model Overrides","Native Agent Override"],"fullName":"Config Hook - Model Overrides Native Agent Override should override native OpenCode agents from user config","status":"passed","title":"should override native OpenCode agents from user config","duration":0.11420799999999076,"failureMessages":[],"meta":{}},{"ancestorTitles":["Config Hook - Model Overrides","Native Agent Override"],"fullName":"Config Hook - Model Overrides Native Agent Override should create new agent entry for native agents not in config","status":"passed","title":"should create new agent entry for native agents not in config","duration":0.07925000000000182,"failureMessages":[],"meta":{}},{"ancestorTitles":["Config Hook - Model Overrides","Native Agent Override"],"fullName":"Config Hook - Model Overrides Native Agent Override should skip disabled agents","status":"passed","title":"should skip disabled agents","duration":0.07458399999998733,"failureMessages":[],"meta":{}}],"startTime":1767357246451,"endTime":1767357246453.0793,"status":"passed","message":"","name":"/Users/bangedorrunt/workspace/opencode-addons/src/index.test.ts"},{"assertionResults":[{"ancestorTitles":["core","generateEventId"],"fullName":"core generateEventId should generate a unique ID with timestamp prefix","status":"passed","title":"should generate a unique ID with timestamp prefix","duration":0.9057500000000118,"failureMessages":[],"meta":{}},{"ancestorTitles":["core","generateCorrelationId"],"fullName":"core generateCorrelationId should generate a hex string","status":"passed","title":"should generate a hex string","duration":0.1002499999999884,"failureMessages":[],"meta":{}},{"ancestorTitles":["core","createEvent"],"fullName":"core createEvent should add id and timestamp to input","status":"passed","title":"should add id and timestamp to input","duration":0.18350000000000932,"failureMessages":[],"meta":{}},{"ancestorTitles":["core","createEvent"],"fullName":"core createEvent should preserve provided timestamp","status":"passed","title":"should preserve provided timestamp","duration":0.05408400000001734,"failureMessages":[],"meta":{}},{"ancestorTitles":["core","filterByType"],"fullName":"core filterByType should filter by single type","status":"passed","title":"should filter by single type","duration":0.33258299999999963,"failureMessages":[],"meta":{}},{"ancestorTitles":["core","filterByType"],"fullName":"core filterByType should filter by multiple types","status":"passed","title":"should filter by multiple types","duration":0.06866700000000492,"failureMessages":[],"meta":{}},{"ancestorTitles":["core","filterByStream"],"fullName":"core filterByStream should filter by stream_id","status":"passed","title":"should filter by stream_id","duration":0.08774999999999977,"failureMessages":[],"meta":{}},{"ancestorTitles":["core","filterByActor"],"fullName":"core filterByActor should filter by actor","status":"passed","title":"should filter by actor","duration":0.07270800000000577,"failureMessages":[],"meta":{}},{"ancestorTitles":["core","filterByTimeRange"],"fullName":"core filterByTimeRange should filter by since","status":"passed","title":"should filter by since","duration":0.08258299999999963,"failureMessages":[],"meta":{}},{"ancestorTitles":["core","filterByTimeRange"],"fullName":"core filterByTimeRange should filter by until","status":"passed","title":"should filter by until","duration":0.07133400000000734,"failureMessages":[],"meta":{}},{"ancestorTitles":["core","filterByTimeRange"],"fullName":"core filterByTimeRange should filter by range","status":"passed","title":"should filter by range","duration":0.048750000000012506,"failureMessages":[],"meta":{}},{"ancestorTitles":["core","applyFilter"],"fullName":"core applyFilter should apply multiple filters","status":"passed","title":"should apply multiple filters","duration":0.06512499999999477,"failureMessages":[],"meta":{}},{"ancestorTitles":["core","applyFilter"],"fullName":"core applyFilter should apply limit","status":"passed","title":"should apply limit","duration":0.0378340000000037,"failureMessages":[],"meta":{}},{"ancestorTitles":["core","extractPendingCheckpoints"],"fullName":"core extractPendingCheckpoints should extract pending checkpoints","status":"passed","title":"should extract pending checkpoints","duration":0.0907500000000141,"failureMessages":[],"meta":{}},{"ancestorTitles":["core","extractPendingCheckpoints"],"fullName":"core extractPendingCheckpoints should remove approved checkpoints","status":"passed","title":"should remove approved checkpoints","duration":0.04991699999999355,"failureMessages":[],"meta":{}},{"ancestorTitles":["core","isCheckpointExpired"],"fullName":"core isCheckpointExpired should return true for expired checkpoint","status":"passed","title":"should return true for expired checkpoint","duration":0.0417500000000075,"failureMessages":[],"meta":{}},{"ancestorTitles":["core","isCheckpointExpired"],"fullName":"core isCheckpointExpired should return false for non-expired checkpoint","status":"passed","title":"should return false for non-expired checkpoint","duration":0.02549999999999386,"failureMessages":[],"meta":{}},{"ancestorTitles":["core","isCheckpointExpired"],"fullName":"core isCheckpointExpired should return false if no expiry set","status":"passed","title":"should return false if no expiry set","duration":0.022333000000003267,"failureMessages":[],"meta":{}},{"ancestorTitles":["core","serialization"],"fullName":"core serialization should serialize and deserialize events","status":"passed","title":"should serialize and deserialize events","duration":0.06591699999998468,"failureMessages":[],"meta":{}},{"ancestorTitles":["core","serialization"],"fullName":"core serialization should return null for invalid JSON","status":"passed","title":"should return null for invalid JSON","duration":0.04529199999998923,"failureMessages":[],"meta":{}}],"startTime":1767357246198,"endTime":1767357246201.0908,"status":"passed","message":"","name":"/Users/bangedorrunt/workspace/opencode-addons/src/durable-stream/core.test.ts"},{"assertionResults":[{"ancestorTitles":["MemoryLaneStore"],"fullName":"MemoryLaneStore should initialize and store a memory","status":"passed","title":"should initialize and store a memory","duration":3.3103340000000117,"failureMessages":[],"meta":{}},{"ancestorTitles":["MemoryLaneStore"],"fullName":"MemoryLaneStore should find stored memories via semantic search","status":"passed","title":"should find stored memories via semantic search","duration":2.4862499999999272,"failureMessages":[],"meta":{}},{"ancestorTitles":["MemoryLaneStore"],"fullName":"MemoryLaneStore should filter by entities","status":"passed","title":"should filter by entities","duration":2.8876249999999573,"failureMessages":[],"meta":{}},{"ancestorTitles":["MemoryLaneStore"],"fullName":"MemoryLaneStore should apply feedback signals","status":"passed","title":"should apply feedback signals","duration":1.855374999999981,"failureMessages":[],"meta":{}}],"startTime":1767357246480,"endTime":1767357246489.8555,"status":"passed","message":"","name":"/Users/bangedorrunt/workspace/opencode-addons/src/memory-lane/memory-store.test.ts"},{"assertionResults":[{"ancestorTitles":["loadSkillAgents discovery and filtering"],"fullName":"loadSkillAgents discovery and filtering should NOT load root SKILL.md without agent: true","status":"passed","title":"should NOT load root SKILL.md without agent: true","duration":2.4627909999999815,"failureMessages":[],"meta":{}},{"ancestorTitles":["loadSkillAgents discovery and filtering"],"fullName":"loadSkillAgents discovery and filtering should load root SKILL.md WITH agent: true","status":"passed","title":"should load root SKILL.md WITH agent: true","duration":1.296166999999997,"failureMessages":[],"meta":{}},{"ancestorTitles":["loadSkillAgents discovery and filtering"],"fullName":"loadSkillAgents discovery and filtering should load nested agents regardless of agent: true flag","status":"passed","title":"should load nested agents regardless of agent: true flag","duration":1.3409580000000005,"failureMessages":[],"meta":{}}],"startTime":1767357246179,"endTime":1767357246184.341,"status":"passed","message":"","name":"/Users/bangedorrunt/workspace/opencode-addons/src/opencode/loader_discovery.test.ts"},{"assertionResults":[{"ancestorTitles":["Access Control","isChiefOfStaff"],"fullName":"Access Control isChiefOfStaff returns true for exact match","status":"passed","title":"returns true for exact match","duration":1.1896670000000142,"failureMessages":[],"meta":{}},{"ancestorTitles":["Access Control","isChiefOfStaff"],"fullName":"Access Control isChiefOfStaff returns true for hierarchical match","status":"passed","title":"returns true for hierarchical match","duration":0.13758300000000645,"failureMessages":[],"meta":{}},{"ancestorTitles":["Access Control","isChiefOfStaff"],"fullName":"Access Control isChiefOfStaff returns true for root user (empty string)","status":"passed","title":"returns true for root user (empty string)","duration":0.0852079999999944,"failureMessages":[],"meta":{}},{"ancestorTitles":["Access Control","isChiefOfStaff"],"fullName":"Access Control isChiefOfStaff returns false for other agents","status":"passed","title":"returns false for other agents","duration":0.11783399999998778,"failureMessages":[],"meta":{}},{"ancestorTitles":["Access Control","isProtectedAgent"],"fullName":"Access Control isProtectedAgent returns true for known protected agents","status":"passed","title":"returns true for known protected agents","duration":0.31491600000001085,"failureMessages":[],"meta":{}},{"ancestorTitles":["Access Control","isProtectedAgent"],"fullName":"Access Control isProtectedAgent returns true for hierarchical protected agents","status":"passed","title":"returns true for hierarchical protected agents","duration":0.06783300000000736,"failureMessages":[],"meta":{}},{"ancestorTitles":["Access Control","isProtectedAgent"],"fullName":"Access Control isProtectedAgent returns false for unknown agents","status":"passed","title":"returns false for unknown agents","duration":0.04337500000002592,"failureMessages":[],"meta":{}},{"ancestorTitles":["Access Control","canCallAgent"],"fullName":"Access Control canCallAgent allows Chief of Staff to call anyone","status":"passed","title":"allows Chief of Staff to call anyone","duration":0.06454199999998878,"failureMessages":[],"meta":{}},{"ancestorTitles":["Access Control","canCallAgent"],"fullName":"Access Control canCallAgent allows User to call anyone","status":"passed","title":"allows User to call anyone","duration":0.04291700000001697,"failureMessages":[],"meta":{}},{"ancestorTitles":["Access Control","canCallAgent"],"fullName":"Access Control canCallAgent prevents random agent from calling protected agent","status":"passed","title":"prevents random agent from calling protected agent","duration":0.1017089999999996,"failureMessages":[],"meta":{}},{"ancestorTitles":["Access Control","canCallAgent"],"fullName":"Access Control canCallAgent prevents random agent from calling protected sub-agent","status":"passed","title":"prevents random agent from calling protected sub-agent","duration":0.04712499999999409,"failureMessages":[],"meta":{}},{"ancestorTitles":["Access Control","canCallAgent"],"fullName":"Access Control canCallAgent allows calling non-protected agents","status":"passed","title":"allows calling non-protected agents","duration":0.028250000000014097,"failureMessages":[],"meta":{}},{"ancestorTitles":["Access Control","canCallAgent"],"fullName":"Access Control canCallAgent allows user to call native agents","status":"passed","title":"allows user to call native agents","duration":0.025167000000010376,"failureMessages":[],"meta":{}}],"startTime":1767357246414,"endTime":1767357246416.315,"status":"passed","message":"","name":"/Users/bangedorrunt/workspace/opencode-addons/src/orchestrator/access-control.test.ts"},{"assertionResults":[{"ancestorTitles":["CheckpointManager","initialize"],"fullName":"CheckpointManager initialize should initialize the stream","status":"passed","title":"should initialize the stream","duration":1.3112499999999727,"failureMessages":[],"meta":{}},{"ancestorTitles":["CheckpointManager","requestCheckpoint"],"fullName":"CheckpointManager requestCheckpoint should request a checkpoint from the stream","status":"passed","title":"should request a checkpoint from the stream","duration":0.8842499999999518,"failureMessages":[],"meta":{}},{"ancestorTitles":["CheckpointManager","requestCheckpoint"],"fullName":"CheckpointManager requestCheckpoint should timeout checkpoint if timeoutMs is provided","status":"passed","title":"should timeout checkpoint if timeoutMs is provided","duration":1.4227089999999976,"failureMessages":[],"meta":{}},{"ancestorTitles":["CheckpointManager","approveCheckpoint"],"fullName":"CheckpointManager approveCheckpoint should approve a checkpoint","status":"passed","title":"should approve a checkpoint","duration":0.174082999999996,"failureMessages":[],"meta":{}},{"ancestorTitles":["CheckpointManager","rejectCheckpoint"],"fullName":"CheckpointManager rejectCheckpoint should reject a checkpoint with reason","status":"passed","title":"should reject a checkpoint with reason","duration":0.15137500000003,"failureMessages":[],"meta":{}},{"ancestorTitles":["CheckpointManager","getPendingCheckpoints"],"fullName":"CheckpointManager getPendingCheckpoints should return pending checkpoints from stream","status":"passed","title":"should return pending checkpoints from stream","duration":0.14170899999999165,"failureMessages":[],"meta":{}},{"ancestorTitles":["CHECKPOINT_TEMPLATES","strategyValidation"],"fullName":"CHECKPOINT_TEMPLATES strategyValidation should create a strategy validation checkpoint","status":"passed","title":"should create a strategy validation checkpoint","duration":0.28204200000004676,"failureMessages":[],"meta":{}},{"ancestorTitles":["CHECKPOINT_TEMPLATES","codeReview"],"fullName":"CHECKPOINT_TEMPLATES codeReview should create a code review checkpoint","status":"passed","title":"should create a code review checkpoint","duration":0.07887499999998226,"failureMessages":[],"meta":{}},{"ancestorTitles":["CHECKPOINT_TEMPLATES","dangerousOperation"],"fullName":"CHECKPOINT_TEMPLATES dangerousOperation should create a dangerous operation checkpoint","status":"passed","title":"should create a dangerous operation checkpoint","duration":0.1322499999999991,"failureMessages":[],"meta":{}},{"ancestorTitles":["CHECKPOINT_TEMPLATES","designDecision"],"fullName":"CHECKPOINT_TEMPLATES designDecision should create a design decision checkpoint","status":"passed","title":"should create a design decision checkpoint","duration":0.08891699999998082,"failureMessages":[],"meta":{}},{"ancestorTitles":["CHECKPOINT_TEMPLATES","epicCompletion"],"fullName":"CHECKPOINT_TEMPLATES epicCompletion should create an epic completion checkpoint","status":"passed","title":"should create an epic completion checkpoint","duration":0.07445799999999281,"failureMessages":[],"meta":{}},{"ancestorTitles":["createCheckpointWorkflow"],"fullName":"createCheckpointWorkflow should create a workflow that handles checkpoint results","status":"passed","title":"should create a workflow that handles checkpoint results","duration":0.2993749999999977,"failureMessages":[],"meta":{}},{"ancestorTitles":["createCheckpointWorkflow"],"fullName":"createCheckpointWorkflow should call onRejected when checkpoint is rejected","status":"passed","title":"should call onRejected when checkpoint is rejected","duration":0.10637499999995725,"failureMessages":[],"meta":{}}],"startTime":1767357246260,"endTime":1767357246265.2993,"status":"passed","message":"","name":"/Users/bangedorrunt/workspace/opencode-addons/src/orchestrator/checkpoint.test.ts"},{"assertionResults":[{"ancestorTitles":["extractDialogueState","Strategy 1: Direct JSON parse"],"fullName":"extractDialogueState Strategy 1: Direct JSON parse should extract dialogue_state from a valid JSON object","status":"passed","title":"should extract dialogue_state from a valid JSON object","duration":0.7472919999999874,"failureMessages":[],"meta":{}},{"ancestorTitles":["extractDialogueState","Strategy 1: Direct JSON parse"],"fullName":"extractDialogueState Strategy 1: Direct JSON parse should recognize standalone dialogue_state object","status":"passed","title":"should recognize standalone dialogue_state object","duration":0.08020899999999642,"failureMessages":[],"meta":{}},{"ancestorTitles":["extractDialogueState","Strategy 1: Direct JSON parse"],"fullName":"extractDialogueState Strategy 1: Direct JSON parse should return null for JSON without blocking status","status":"passed","title":"should return null for JSON without blocking status","duration":0.11045799999999417,"failureMessages":[],"meta":{}},{"ancestorTitles":["extractDialogueState","Strategy 2: Markdown code blocks"],"fullName":"extractDialogueState Strategy 2: Markdown code blocks should extract from json code block","status":"passed","title":"should extract from json code block","duration":0.1214999999999975,"failureMessages":[],"meta":{}},{"ancestorTitles":["extractDialogueState","Strategy 2: Markdown code blocks"],"fullName":"extractDialogueState Strategy 2: Markdown code blocks should extract from unlabeled code block","status":"passed","title":"should extract from unlabeled code block","duration":0.06183299999997871,"failureMessages":[],"meta":{}},{"ancestorTitles":["extractDialogueState","Strategy 2: Markdown code blocks"],"fullName":"extractDialogueState Strategy 2: Markdown code blocks should try multiple code blocks until one matches","status":"passed","title":"should try multiple code blocks until one matches","duration":0.06529199999999946,"failureMessages":[],"meta":{}},{"ancestorTitles":["extractDialogueState","Strategy 3: Regex extraction"],"fullName":"extractDialogueState Strategy 3: Regex extraction should extract embedded dialogue_state from prose","status":"passed","title":"should extract embedded dialogue_state from prose","duration":0.07724999999999227,"failureMessages":[],"meta":{}},{"ancestorTitles":["extractDialogueState","Edge cases"],"fullName":"extractDialogueState Edge cases should return null for empty string","status":"passed","title":"should return null for empty string","duration":0.031167000000010603,"failureMessages":[],"meta":{}},{"ancestorTitles":["extractDialogueState","Edge cases"],"fullName":"extractDialogueState Edge cases should return null for null input","status":"passed","title":"should return null for null input","duration":0.03454199999998764,"failureMessages":[],"meta":{}},{"ancestorTitles":["extractDialogueState","Edge cases"],"fullName":"extractDialogueState Edge cases should return null for undefined input","status":"passed","title":"should return null for undefined input","duration":0.04516599999999471,"failureMessages":[],"meta":{}},{"ancestorTitles":["extractDialogueState","Edge cases"],"fullName":"extractDialogueState Edge cases should return null for plain text without JSON","status":"passed","title":"should return null for plain text without JSON","duration":0.03641599999997425,"failureMessages":[],"meta":{}},{"ancestorTitles":["extractDialogueState","Edge cases"],"fullName":"extractDialogueState Edge cases should return null for malformed JSON","status":"passed","title":"should return null for malformed JSON","duration":0.03491700000000719,"failureMessages":[],"meta":{}},{"ancestorTitles":["extractDialogueState","Blocking status recognition"],"fullName":"extractDialogueState Blocking status recognition should recognize needs_input as blocking","status":"passed","title":"should recognize needs_input as blocking","duration":0.06749999999999545,"failureMessages":[],"meta":{}},{"ancestorTitles":["extractDialogueState","Blocking status recognition"],"fullName":"extractDialogueState Blocking status recognition should recognize needs_approval as blocking","status":"passed","title":"should recognize needs_approval as blocking","duration":0.02841599999999289,"failureMessages":[],"meta":{}},{"ancestorTitles":["extractDialogueState","Blocking status recognition"],"fullName":"extractDialogueState Blocking status recognition should recognize needs_verification as blocking","status":"passed","title":"should recognize needs_verification as blocking","duration":0.026250000000004547,"failureMessages":[],"meta":{}},{"ancestorTitles":["extractDialogueState","Blocking status recognition"],"fullName":"extractDialogueState Blocking status recognition should NOT recognize approved as blocking","status":"passed","title":"should NOT recognize approved as blocking","duration":0.02629100000001472,"failureMessages":[],"meta":{}},{"ancestorTitles":["extractDialogueState","Blocking status recognition"],"fullName":"extractDialogueState Blocking status recognition should NOT recognize completed as blocking","status":"passed","title":"should NOT recognize completed as blocking","duration":0.025915999999995165,"failureMessages":[],"meta":{}}],"startTime":1767357246469,"endTime":1767357246470.1216,"status":"passed","message":"","name":"/Users/bangedorrunt/workspace/opencode-addons/src/orchestrator/dialogue-utils.test.ts"},{"assertionResults":[{"ancestorTitles":["EventDrivenLedger","initialize"],"fullName":"EventDrivenLedger initialize should initialize the stream on first call","status":"passed","title":"should initialize the stream on first call","duration":1.3448329999999942,"failureMessages":[],"meta":{}},{"ancestorTitles":["EventDrivenLedger","initialize"],"fullName":"EventDrivenLedger initialize should not reinitialize if already initialized","status":"passed","title":"should not reinitialize if already initialized","duration":0.24025000000000318,"failureMessages":[],"meta":{}},{"ancestorTitles":["EventDrivenLedger","emit"],"fullName":"EventDrivenLedger emit should emit event to stream","status":"passed","title":"should emit event to stream","duration":0.22683399999999665,"failureMessages":[],"meta":{}},{"ancestorTitles":["EventDrivenLedger","emit"],"fullName":"EventDrivenLedger emit should not emit if emitEvents is disabled","status":"passed","title":"should not emit if emitEvents is disabled","duration":19.828708000000006,"failureMessages":[],"meta":{}},{"ancestorTitles":["EventDrivenLedger","getEventHistory"],"fullName":"EventDrivenLedger getEventHistory should return event history","status":"passed","title":"should return event history","duration":0.4339170000000081,"failureMessages":[],"meta":{}},{"ancestorTitles":["EventDrivenLedger","getActiveIntents"],"fullName":"EventDrivenLedger getActiveIntents should return active intents from stream","status":"passed","title":"should return active intents from stream","duration":0.19241700000003448,"failureMessages":[],"meta":{}},{"ancestorTitles":["EventDrivenLedger","getPendingCheckpoints"],"fullName":"EventDrivenLedger getPendingCheckpoints should return pending checkpoints from stream","status":"passed","title":"should return pending checkpoints from stream","duration":0.16558299999996962,"failureMessages":[],"meta":{}},{"ancestorTitles":["createLedgerEventHandlers","onEpicCreated"],"fullName":"createLedgerEventHandlers onEpicCreated should emit epic created event","status":"passed","title":"should emit epic created event","duration":0.9161250000000223,"failureMessages":[],"meta":{}},{"ancestorTitles":["createLedgerEventHandlers","onTaskCreated"],"fullName":"createLedgerEventHandlers onTaskCreated should emit task created event","status":"passed","title":"should emit task created event","duration":0.18475000000000819,"failureMessages":[],"meta":{}},{"ancestorTitles":["createLedgerEventHandlers","onTaskCompleted"],"fullName":"createLedgerEventHandlers onTaskCompleted should emit task completed event","status":"passed","title":"should emit task completed event","duration":0.14320899999995618,"failureMessages":[],"meta":{}},{"ancestorTitles":["createLedgerEventHandlers","onTaskFailed"],"fullName":"createLedgerEventHandlers onTaskFailed should emit task failed event","status":"passed","title":"should emit task failed event","duration":0.11987499999997908,"failureMessages":[],"meta":{}},{"ancestorTitles":["createLedgerEventHandlers","onDirectiveAdded"],"fullName":"createLedgerEventHandlers onDirectiveAdded should emit directive added event","status":"passed","title":"should emit directive added event","duration":0.11704099999997197,"failureMessages":[],"meta":{}},{"ancestorTitles":["createLedgerEventHandlers","onAssumptionAdded"],"fullName":"createLedgerEventHandlers onAssumptionAdded should emit assumption added event","status":"passed","title":"should emit assumption added event","duration":0.09570899999999938,"failureMessages":[],"meta":{}},{"ancestorTitles":["createLedgerEventHandlers","onLearningExtracted"],"fullName":"createLedgerEventHandlers onLearningExtracted should emit learning extracted event","status":"passed","title":"should emit learning extracted event","duration":0.07845800000001191,"failureMessages":[],"meta":{}}],"startTime":1767357246257,"endTime":1767357246282.0957,"status":"passed","message":"","name":"/Users/bangedorrunt/workspace/opencode-addons/src/orchestrator/event-driven-ledger.test.ts"},{"assertionResults":[{"ancestorTitles":["HITL Utilities","formatPoll"],"fullName":"HITL Utilities formatPoll should format a simple poll with title and options","status":"passed","title":"should format a simple poll with title and options","duration":1.0717910000000188,"failureMessages":[],"meta":{}},{"ancestorTitles":["HITL Utilities","formatPoll"],"fullName":"HITL Utilities formatPoll should include description when provided","status":"passed","title":"should include description when provided","duration":0.06808300000000145,"failureMessages":[],"meta":{}},{"ancestorTitles":["HITL Utilities","formatPoll"],"fullName":"HITL Utilities formatPoll should include option descriptions","status":"passed","title":"should include option descriptions","duration":0.5476670000000183,"failureMessages":[],"meta":{}},{"ancestorTitles":["HITL Utilities","formatPoll"],"fullName":"HITL Utilities formatPoll should show free text instruction when allowed","status":"passed","title":"should show free text instruction when allowed","duration":0.09370900000001825,"failureMessages":[],"meta":{}},{"ancestorTitles":["HITL Utilities","formatPoll"],"fullName":"HITL Utilities formatPoll should NOT show free text instruction when not allowed","status":"passed","title":"should NOT show free text instruction when not allowed","duration":0.22024999999999295,"failureMessages":[],"meta":{}},{"ancestorTitles":["HITL Utilities","formatConfirmation"],"fullName":"HITL Utilities formatConfirmation should format confirmation with title and summary","status":"passed","title":"should format confirmation with title and summary","duration":0.08470800000000622,"failureMessages":[],"meta":{}},{"ancestorTitles":["HITL Utilities","formatInputRequest"],"fullName":"HITL Utilities formatInputRequest should format input request with title and prompt","status":"passed","title":"should format input request with title and prompt","duration":0.06329199999998991,"failureMessages":[],"meta":{}},{"ancestorTitles":["HITL Utilities","formatInputRequest"],"fullName":"HITL Utilities formatInputRequest should include hint when provided","status":"passed","title":"should include hint when provided","duration":0.03145799999998644,"failureMessages":[],"meta":{}},{"ancestorTitles":["HITL Utilities","formatInputRequest"],"fullName":"HITL Utilities formatInputRequest should NOT include hint section when not provided","status":"passed","title":"should NOT include hint section when not provided","duration":0.03729199999997945,"failureMessages":[],"meta":{}},{"ancestorTitles":["HITL Utilities","formatYieldMessage"],"fullName":"HITL Utilities formatYieldMessage should format yield message with agent name and reason","status":"passed","title":"should format yield message with agent name and reason","duration":0.09758399999998346,"failureMessages":[],"meta":{}},{"ancestorTitles":["HITL Utilities","formatYieldMessage"],"fullName":"HITL Utilities formatYieldMessage should include options when provided","status":"passed","title":"should include options when provided","duration":0.07775000000000887,"failureMessages":[],"meta":{}},{"ancestorTitles":["HITL Utilities","formatYieldMessage"],"fullName":"HITL Utilities formatYieldMessage should show appropriate instruction without options","status":"passed","title":"should show appropriate instruction without options","duration":0.029332999999979847,"failureMessages":[],"meta":{}},{"ancestorTitles":["HITL Utilities","formatYieldMessage"],"fullName":"HITL Utilities formatYieldMessage should show choose instruction with options","status":"passed","title":"should show choose instruction with options","duration":0.12983399999998824,"failureMessages":[],"meta":{}},{"ancestorTitles":["HITL Utilities","parseUserResponse"],"fullName":"HITL Utilities parseUserResponse should parse numeric input as option selection","status":"passed","title":"should parse numeric input as option selection","duration":0.14341699999999946,"failureMessages":[],"meta":{}},{"ancestorTitles":["HITL Utilities","parseUserResponse"],"fullName":"HITL Utilities parseUserResponse should parse second option","status":"passed","title":"should parse second option","duration":0.045834000000013475,"failureMessages":[],"meta":{}},{"ancestorTitles":["HITL Utilities","parseUserResponse"],"fullName":"HITL Utilities parseUserResponse should parse third option","status":"passed","title":"should parse third option","duration":0.03962500000000091,"failureMessages":[],"meta":{}},{"ancestorTitles":["HITL Utilities","parseUserResponse"],"fullName":"HITL Utilities parseUserResponse should handle whitespace around number","status":"passed","title":"should handle whitespace around number","duration":0.03412499999998886,"failureMessages":[],"meta":{}},{"ancestorTitles":["HITL Utilities","parseUserResponse"],"fullName":"HITL Utilities parseUserResponse should parse exact ID match (case-insensitive)","status":"passed","title":"should parse exact ID match (case-insensitive)","duration":0.041083000000014636,"failureMessages":[],"meta":{}},{"ancestorTitles":["HITL Utilities","parseUserResponse"],"fullName":"HITL Utilities parseUserResponse should parse lowercase ID match","status":"passed","title":"should parse lowercase ID match","duration":0.028874999999999318,"failureMessages":[],"meta":{}},{"ancestorTitles":["HITL Utilities","parseUserResponse"],"fullName":"HITL Utilities parseUserResponse should return free text for non-matching input","status":"passed","title":"should return free text for non-matching input","duration":0.035124999999993634,"failureMessages":[],"meta":{}},{"ancestorTitles":["HITL Utilities","parseUserResponse"],"fullName":"HITL Utilities parseUserResponse should return free text for out-of-range number","status":"passed","title":"should return free text for out-of-range number","duration":0.027291999999988548,"failureMessages":[],"meta":{}},{"ancestorTitles":["HITL Utilities","parseUserResponse"],"fullName":"HITL Utilities parseUserResponse should return free text for zero","status":"passed","title":"should return free text for zero","duration":0.027040999999996984,"failureMessages":[],"meta":{}},{"ancestorTitles":["HITL Utilities","parseUserResponse"],"fullName":"HITL Utilities parseUserResponse should return free text for negative number","status":"passed","title":"should return free text for negative number","duration":0.032250000000004775,"failureMessages":[],"meta":{}},{"ancestorTitles":["HITL Utilities","parseUserResponse"],"fullName":"HITL Utilities parseUserResponse should preserve raw_input in option response","status":"passed","title":"should preserve raw_input in option response","duration":0.02508299999999508,"failureMessages":[],"meta":{}}],"startTime":1767357246491,"endTime":1767357246494.1433,"status":"passed","message":"","name":"/Users/bangedorrunt/workspace/opencode-addons/src/orchestrator/hitl.test.ts"},{"assertionResults":[{"ancestorTitles":["LearningExtractor","initialize"],"fullName":"LearningExtractor initialize should initialize the stream","status":"passed","title":"should initialize the stream","duration":1.1990000000000123,"failureMessages":[],"meta":{}},{"ancestorTitles":["LearningExtractor","extractFromSession"],"fullName":"LearningExtractor extractFromSession should extract learnings from session events","status":"passed","title":"should extract learnings from session events","duration":0.6844590000000039,"failureMessages":[],"meta":{}},{"ancestorTitles":["LearningExtractor","extractFromSession"],"fullName":"LearningExtractor extractFromSession should extract corrections from events","status":"passed","title":"should extract corrections from events","duration":0.3311249999999859,"failureMessages":[],"meta":{}},{"ancestorTitles":["LearningExtractor","extractFromSession"],"fullName":"LearningExtractor extractFromSession should extract anti-patterns from failed agents","status":"passed","title":"should extract anti-patterns from failed agents","duration":0.3111250000000041,"failureMessages":[],"meta":{}},{"ancestorTitles":["LearningExtractor","extractFromSession"],"fullName":"LearningExtractor extractFromSession should extract preferences from approved checkpoints","status":"passed","title":"should extract preferences from approved checkpoints","duration":0.14249999999998408,"failureMessages":[],"meta":{}},{"ancestorTitles":["LearningExtractor","extractFromEvents"],"fullName":"LearningExtractor extractFromEvents should extract learnings from raw events array","status":"passed","title":"should extract learnings from raw events array","duration":0.11849999999998317,"failureMessages":[],"meta":{}},{"ancestorTitles":["LearningExtractor","startRealTimeExtraction"],"fullName":"LearningExtractor startRealTimeExtraction should subscribe to stream events","status":"passed","title":"should subscribe to stream events","duration":0.1386669999999981,"failureMessages":[],"meta":{}},{"ancestorTitles":["LearningExtractor","startRealTimeExtraction"],"fullName":"LearningExtractor startRealTimeExtraction should call handler when learning is extracted","status":"passed","title":"should call handler when learning is extracted","duration":0.14879200000001447,"failureMessages":[],"meta":{}},{"ancestorTitles":["LearningExtractor","stopRealTimeExtraction"],"fullName":"LearningExtractor stopRealTimeExtraction should stop real-time extraction","status":"passed","title":"should stop real-time extraction","duration":0.11808400000001029,"failureMessages":[],"meta":{}},{"ancestorTitles":["LearningExtractor","getExtractedLearnings"],"fullName":"LearningExtractor getExtractedLearnings should return extracted learnings","status":"passed","title":"should return extracted learnings","duration":0.11816700000002811,"failureMessages":[],"meta":{}},{"ancestorTitles":["LearningExtractor","clearLearnings"],"fullName":"LearningExtractor clearLearnings should clear extracted learnings","status":"passed","title":"should clear extracted learnings","duration":0.10650000000003956,"failureMessages":[],"meta":{}},{"ancestorTitles":["LearningExtractor","confidence filtering"],"fullName":"LearningExtractor confidence filtering should filter out learnings below minConfidence","status":"passed","title":"should filter out learnings below minConfidence","duration":0.13241600000003473,"failureMessages":[],"meta":{}},{"ancestorTitles":["LearningExtractor","confidence filtering"],"fullName":"LearningExtractor confidence filtering should respect maxLearnings limit","status":"passed","title":"should respect maxLearnings limit","duration":0.17283300000002555,"failureMessages":[],"meta":{}}],"startTime":1767357246257,"endTime":1767357246261.1729,"status":"passed","message":"","name":"/Users/bangedorrunt/workspace/opencode-addons/src/orchestrator/learning-extractor.test.ts"},{"assertionResults":[{"ancestorTitles":["Learning Extraction","extractLearningsFromResult"],"fullName":"Learning Extraction extractLearningsFromResult should extract pattern from \"Use X for Y\"","status":"passed","title":"should extract pattern from \"Use X for Y\"","duration":0.5855000000000246,"failureMessages":[],"meta":{}},{"ancestorTitles":["Learning Extraction","extractLearningsFromResult"],"fullName":"Learning Extraction extractLearningsFromResult should extract anti-pattern from \"Don't use X\"","status":"passed","title":"should extract anti-pattern from \"Don't use X\"","duration":0.1014589999999771,"failureMessages":[],"meta":{}},{"ancestorTitles":["Learning Extraction","extractLearningsFromResult"],"fullName":"Learning Extraction extractLearningsFromResult should extract decision from \"Chose X over Y\"","status":"passed","title":"should extract decision from \"Chose X over Y\"","duration":0.05816700000002584,"failureMessages":[],"meta":{}},{"ancestorTitles":["Learning Extraction","extractLearningsFromResult"],"fullName":"Learning Extraction extractLearningsFromResult should extract pattern from \"X works well\"","status":"passed","title":"should extract pattern from \"X works well\"","duration":0.05875000000003183,"failureMessages":[],"meta":{}},{"ancestorTitles":["Learning Extraction","extractLearningsFromResult"],"fullName":"Learning Extraction extractLearningsFromResult should extract anti-pattern from \"X causes Y\"","status":"passed","title":"should extract anti-pattern from \"X causes Y\"","duration":0.045958000000041466,"failureMessages":[],"meta":{}},{"ancestorTitles":["Learning Extraction","extractLearningsFromResult"],"fullName":"Learning Extraction extractLearningsFromResult should return empty for no recognizable patterns","status":"passed","title":"should return empty for no recognizable patterns","duration":0.0498749999999859,"failureMessages":[],"meta":{}},{"ancestorTitles":["Session Lifecycle Hooks","onSessionStart"],"fullName":"Session Lifecycle Hooks onSessionStart should return active epic info","status":"passed","title":"should return active epic info","duration":0.2814999999999941,"failureMessages":[],"meta":{}},{"ancestorTitles":["Session Lifecycle Hooks","onSessionStart"],"fullName":"Session Lifecycle Hooks onSessionStart should include recent learnings","status":"passed","title":"should include recent learnings","duration":0.3941250000000309,"failureMessages":[],"meta":{}},{"ancestorTitles":["Session Lifecycle Hooks","onTaskComplete"],"fullName":"Session Lifecycle Hooks onTaskComplete should update task status in ledger","status":"passed","title":"should update task status in ledger","duration":0.31799999999998363,"failureMessages":[],"meta":{}},{"ancestorTitles":["Session Lifecycle Hooks","onPreCompact"],"fullName":"Session Lifecycle Hooks onPreCompact should create handoff message","status":"passed","title":"should create handoff message","duration":0.15266599999995378,"failureMessages":[],"meta":{}},{"ancestorTitles":["Session Lifecycle Hooks","onSessionEnd"],"fullName":"Session Lifecycle Hooks onSessionEnd should archive epic on success","status":"passed","title":"should archive epic on success","duration":0.13954100000000835,"failureMessages":[],"meta":{}},{"ancestorTitles":["Format Session Context"],"fullName":"Format Session Context should format session start result as context","status":"passed","title":"should format session start result as context","duration":0.09224999999997863,"failureMessages":[],"meta":{}},{"ancestorTitles":["Format Session Context"],"fullName":"Format Session Context should indicate no active epic","status":"passed","title":"should indicate no active epic","duration":0.034958000000017364,"failureMessages":[],"meta":{}}],"startTime":1767357246254,"endTime":1767357246257.035,"status":"passed","message":"","name":"/Users/bangedorrunt/workspace/opencode-addons/src/orchestrator/ledger-hooks.test.ts"},{"assertionResults":[{"ancestorTitles":["Ledger Core Operations","createEpic"],"fullName":"Ledger Core Operations createEpic should create a new epic with unique ID","status":"passed","title":"should create a new epic with unique ID","duration":1.3622500000000173,"failureMessages":[],"meta":{}},{"ancestorTitles":["Ledger Core Operations","createEpic"],"fullName":"Ledger Core Operations createEpic should throw if epic already exists","status":"passed","title":"should throw if epic already exists","duration":0.3338749999999777,"failureMessages":[],"meta":{}},{"ancestorTitles":["Ledger Core Operations","createEpic"],"fullName":"Ledger Core Operations createEpic should update meta phase to DECOMPOSITION","status":"passed","title":"should update meta phase to DECOMPOSITION","duration":0.06262499999996862,"failureMessages":[],"meta":{}},{"ancestorTitles":["Ledger Core Operations","createTask"],"fullName":"Ledger Core Operations createTask should create a task within epic","status":"passed","title":"should create a task within epic","duration":0.20258300000000418,"failureMessages":[],"meta":{}},{"ancestorTitles":["Ledger Core Operations","createTask"],"fullName":"Ledger Core Operations createTask should create multiple tasks with sequential IDs","status":"passed","title":"should create multiple tasks with sequential IDs","duration":0.14820799999995415,"failureMessages":[],"meta":{}},{"ancestorTitles":["Ledger Core Operations","createTask"],"fullName":"Ledger Core Operations createTask should throw if no active epic","status":"passed","title":"should throw if no active epic","duration":0.36375000000003865,"failureMessages":[],"meta":{}},{"ancestorTitles":["Ledger Core Operations","createTask"],"fullName":"Ledger Core Operations createTask should throw if max tasks reached","status":"passed","title":"should throw if max tasks reached","duration":0.161166000000037,"failureMessages":[],"meta":{}},{"ancestorTitles":["Ledger Core Operations","createTask"],"fullName":"Ledger Core Operations createTask should support dependencies","status":"passed","title":"should support dependencies","duration":0.20879100000001927,"failureMessages":[],"meta":{}},{"ancestorTitles":["Ledger Core Operations","updateTaskStatus"],"fullName":"Ledger Core Operations updateTaskStatus should update task status to running","status":"passed","title":"should update task status to running","duration":0.15137500000003,"failureMessages":[],"meta":{}},{"ancestorTitles":["Ledger Core Operations","updateTaskStatus"],"fullName":"Ledger Core Operations updateTaskStatus should update task status to completed with result","status":"passed","title":"should update task status to completed with result","duration":0.10387500000001637,"failureMessages":[],"meta":{}},{"ancestorTitles":["Ledger Core Operations","updateTaskStatus"],"fullName":"Ledger Core Operations updateTaskStatus should update task status to failed with error","status":"passed","title":"should update task status to failed with error","duration":0.06158299999998462,"failureMessages":[],"meta":{}},{"ancestorTitles":["Ledger Core Operations","updateTaskStatus"],"fullName":"Ledger Core Operations updateTaskStatus should update meta tasksCompleted","status":"passed","title":"should update meta tasksCompleted","duration":0.04129100000000108,"failureMessages":[],"meta":{}},{"ancestorTitles":["Ledger Core Operations","addLearning"],"fullName":"Ledger Core Operations addLearning should add pattern learning","status":"passed","title":"should add pattern learning","duration":0.08724999999998317,"failureMessages":[],"meta":{}},{"ancestorTitles":["Ledger Core Operations","addLearning"],"fullName":"Ledger Core Operations addLearning should add anti-pattern learning","status":"passed","title":"should add anti-pattern learning","duration":0.06391600000000608,"failureMessages":[],"meta":{}},{"ancestorTitles":["Ledger Core Operations","addLearning"],"fullName":"Ledger Core Operations addLearning should add decision learning","status":"passed","title":"should add decision learning","duration":0.047416999999995824,"failureMessages":[],"meta":{}},{"ancestorTitles":["Ledger Core Operations","addLearning"],"fullName":"Ledger Core Operations addLearning should add preference learning","status":"passed","title":"should add preference learning","duration":0.04574999999999818,"failureMessages":[],"meta":{}},{"ancestorTitles":["Ledger Core Operations","surfaceLearnings"],"fullName":"Ledger Core Operations surfaceLearnings should return recent learnings","status":"passed","title":"should return recent learnings","duration":0.31208300000002964,"failureMessages":[],"meta":{}},{"ancestorTitles":["Ledger Core Operations","surfaceLearnings"],"fullName":"Ledger Core Operations surfaceLearnings should respect limit parameter","status":"passed","title":"should respect limit parameter","duration":0.09795800000000554,"failureMessages":[],"meta":{}},{"ancestorTitles":["Ledger Markdown Parser"],"fullName":"Ledger Markdown Parser should parse empty ledger","status":"passed","title":"should parse empty ledger","duration":0.3112080000000219,"failureMessages":[],"meta":{}},{"ancestorTitles":["Ledger Markdown Parser"],"fullName":"Ledger Markdown Parser should treat \"*No active dialogue*\" as no active dialogue","status":"passed","title":"should treat \"*No active dialogue*\" as no active dialogue","duration":0.2669169999999781,"failureMessages":[],"meta":{}},{"ancestorTitles":["Ledger Markdown Parser"],"fullName":"Ledger Markdown Parser should round-trip an active dialogue section","status":"passed","title":"should round-trip an active dialogue section","duration":0.41958400000004303,"failureMessages":[],"meta":{}},{"ancestorTitles":["Ledger Markdown Parser"],"fullName":"Ledger Markdown Parser should parse ledger with epic and tasks","status":"passed","title":"should parse ledger with epic and tasks","duration":0.1093330000000492,"failureMessages":[],"meta":{}},{"ancestorTitles":["Ledger Markdown Renderer"],"fullName":"Ledger Markdown Renderer should render ledger to markdown","status":"passed","title":"should render ledger to markdown","duration":0.07999999999998408,"failureMessages":[],"meta":{}},{"ancestorTitles":["Ledger Markdown Renderer"],"fullName":"Ledger Markdown Renderer should render learnings section","status":"passed","title":"should render learnings section","duration":0.04574999999999818,"failureMessages":[],"meta":{}},{"ancestorTitles":["Epic Operations","archiveEpic"],"fullName":"Epic Operations archiveEpic should archive completed epic","status":"passed","title":"should archive completed epic","duration":0.1508330000000342,"failureMessages":[],"meta":{}},{"ancestorTitles":["Epic Operations","archiveEpic"],"fullName":"Epic Operations archiveEpic should limit archive to 5 entries","status":"passed","title":"should limit archive to 5 entries","duration":0.12079199999999446,"failureMessages":[],"meta":{}},{"ancestorTitles":["Epic Operations","getProgress"],"fullName":"Epic Operations getProgress should return progress percentage","status":"passed","title":"should return progress percentage","duration":0.09254199999998036,"failureMessages":[],"meta":{}},{"ancestorTitles":["Epic Operations","getProgress"],"fullName":"Epic Operations getProgress should return N/A for no tasks","status":"passed","title":"should return N/A for no tasks","duration":0.04504100000002609,"failureMessages":[],"meta":{}},{"ancestorTitles":["Epic Operations","createHandoff"],"fullName":"Epic Operations createHandoff should create handoff section","status":"passed","title":"should create handoff section","duration":0.11770799999999326,"failureMessages":[],"meta":{}}],"startTime":1767357246256,"endTime":1767357246262.151,"status":"passed","message":"","name":"/Users/bangedorrunt/workspace/opencode-addons/src/orchestrator/ledger.test.ts"},{"assertionResults":[{"ancestorTitles":["TaskObserver","start/stop"],"fullName":"TaskObserver start/stop should start and stop observation","status":"passed","title":"should start and stop observation","duration":1.117999999999995,"failureMessages":[],"meta":{}},{"ancestorTitles":["TaskObserver","checkNow"],"fullName":"TaskObserver checkNow should perform a observation check","status":"passed","title":"should perform a observation check","duration":0.2939169999999649,"failureMessages":[],"meta":{}},{"ancestorTitles":["TaskObserver","timeout handling"],"fullName":"TaskObserver timeout handling should detect and retry timed-out tasks","status":"passed","title":"should detect and retry timed-out tasks","duration":101.202042,"failureMessages":[],"meta":{}},{"ancestorTitles":["TaskObserver","timeout handling"],"fullName":"TaskObserver timeout handling should mark as failed after max retries","status":"passed","title":"should mark as failed after max retries","duration":101.89195800000005,"failureMessages":[],"meta":{}},{"ancestorTitles":["TaskObserver","stuck task handling"],"fullName":"TaskObserver stuck task handling should detect stuck tasks with stale heartbeats","status":"passed","title":"should detect stuck tasks with stale heartbeats","duration":100.89374999999995,"failureMessages":[],"meta":{}},{"ancestorTitles":["TaskObserver","completion detection"],"fullName":"TaskObserver completion detection should fetch result when session is idle","status":"passed","title":"should fetch result when session is idle","duration":0.28350000000000364,"failureMessages":[],"meta":{}},{"ancestorTitles":["TaskObserver","stats"],"fullName":"TaskObserver stats should track observation statistics","status":"passed","title":"should track observation statistics","duration":0.13216699999998127,"failureMessages":[],"meta":{}},{"ancestorTitles":["Singleton Functions"],"fullName":"Singleton Functions getTaskObserver should return singleton instance","status":"passed","title":"getTaskObserver should return singleton instance","duration":0.1418749999999136,"failureMessages":[],"meta":{}}],"startTime":1767357246266,"endTime":1767357246572.2834,"status":"passed","message":"","name":"/Users/bangedorrunt/workspace/opencode-addons/src/orchestrator/observer.test.ts"},{"assertionResults":[{"ancestorTitles":["Session Coordination - waitForSessionCompletion"],"fullName":"Session Coordination - waitForSessionCompletion should resolve immediately if event is already in history (Race Condition Fix)","status":"passed","title":"should resolve immediately if event is already in history (Race Condition Fix)","duration":16.088625000000093,"failureMessages":[],"meta":{}},{"ancestorTitles":["Session Coordination - waitForSessionCompletion"],"fullName":"Session Coordination - waitForSessionCompletion should resolve when event is emitted after waiting (Event Subscription)","status":"passed","title":"should resolve when event is emitted after waiting (Event Subscription)","duration":58.295582999999965,"failureMessages":[],"meta":{}},{"ancestorTitles":["Session Coordination - waitForSessionCompletion"],"fullName":"Session Coordination - waitForSessionCompletion should handle failure events correctly","status":"passed","title":"should handle failure events correctly","duration":52.786834,"failureMessages":[],"meta":{}},{"ancestorTitles":["Session Coordination - waitForSessionCompletion"],"fullName":"Session Coordination - waitForSessionCompletion should timeout if no event is received","status":"passed","title":"should timeout if no event is received","duration":101.09479199999998,"failureMessages":[],"meta":{}},{"ancestorTitles":["Session Coordination - waitForSessionCompletion"],"fullName":"Session Coordination - waitForSessionCompletion should resolve on lifecycle.session.idle and fetch result","status":"passed","title":"should resolve on lifecycle.session.idle and fetch result","duration":53.62758300000007,"failureMessages":[],"meta":{}}],"startTime":1767357246518,"endTime":1767357246799.6277,"status":"passed","message":"","name":"/Users/bangedorrunt/workspace/opencode-addons/src/orchestrator/session-coordination.test.ts"},{"assertionResults":[{"ancestorTitles":["Session Strategy","AGENT_SESSION_CONFIG"],"fullName":"Session Strategy AGENT_SESSION_CONFIG should have 8 active agents configured","status":"passed","title":"should have 8 active agents configured","duration":0.5956249999999841,"failureMessages":[],"meta":{}},{"ancestorTitles":["Session Strategy","AGENT_SESSION_CONFIG"],"fullName":"Session Strategy AGENT_SESSION_CONFIG should have correct session modes","status":"passed","title":"should have correct session modes","duration":0.17695800000001327,"failureMessages":[],"meta":{}},{"ancestorTitles":["Session Strategy","getSessionMode"],"fullName":"Session Strategy getSessionMode should return correct mode for known agents","status":"passed","title":"should return correct mode for known agents","duration":0.06866700000000492,"failureMessages":[],"meta":{}},{"ancestorTitles":["Session Strategy","getSessionMode"],"fullName":"Session Strategy getSessionMode should normalize agent names with prefix","status":"passed","title":"should normalize agent names with prefix","duration":0.047708000000000084,"failureMessages":[],"meta":{}},{"ancestorTitles":["Session Strategy","getSessionMode"],"fullName":"Session Strategy getSessionMode should default to child for unknown agents","status":"passed","title":"should default to child for unknown agents","duration":0.03758400000000961,"failureMessages":[],"meta":{}},{"ancestorTitles":["Session Strategy","requiresContext"],"fullName":"Session Strategy requiresContext should return true for context-requiring agents","status":"passed","title":"should return true for context-requiring agents","duration":0.061666999999999916,"failureMessages":[],"meta":{}},{"ancestorTitles":["Session Strategy","requiresContext"],"fullName":"Session Strategy requiresContext should return false for quick lookup agents","status":"passed","title":"should return false for quick lookup agents","duration":0.03737499999999727,"failureMessages":[],"meta":{}},{"ancestorTitles":["Session Strategy","buildHandoffContext"],"fullName":"Session Strategy buildHandoffContext should extract directives from LEDGER","status":"passed","title":"should extract directives from LEDGER","duration":0.4380419999999958,"failureMessages":[],"meta":{}},{"ancestorTitles":["Session Strategy","buildHandoffContext"],"fullName":"Session Strategy buildHandoffContext should extract decisions from epic context","status":"passed","title":"should extract decisions from epic context","duration":0.0850420000000156,"failureMessages":[],"meta":{}},{"ancestorTitles":["Session Strategy","buildHandoffContext"],"fullName":"Session Strategy buildHandoffContext should build plan summary from epic","status":"passed","title":"should build plan summary from epic","duration":0.0660000000000025,"failureMessages":[],"meta":{}},{"ancestorTitles":["Session Strategy","buildHandoffContext"],"fullName":"Session Strategy buildHandoffContext should collect affected files from tasks","status":"passed","title":"should collect affected files from tasks","duration":0.07154100000002472,"failureMessages":[],"meta":{}},{"ancestorTitles":["Session Strategy","buildHandoffContext"],"fullName":"Session Strategy buildHandoffContext should include recent learnings","status":"passed","title":"should include recent learnings","duration":0.05212500000001796,"failureMessages":[],"meta":{}},{"ancestorTitles":["Session Strategy","prepareChildSessionPrompt"],"fullName":"Session Strategy prepareChildSessionPrompt should prepend context header to prompt","status":"passed","title":"should prepend context header to prompt","duration":0.09999999999999432,"failureMessages":[],"meta":{}},{"ancestorTitles":["Session Strategy","prepareChildSessionPrompt"],"fullName":"Session Strategy prepareChildSessionPrompt should include all context sections","status":"passed","title":"should include all context sections","duration":0.061916999999994005,"failureMessages":[],"meta":{}}],"startTime":1767357246458,"endTime":1767357246460.1,"status":"passed","message":"","name":"/Users/bangedorrunt/workspace/opencode-addons/src/orchestrator/session-strategy.test.ts"},{"assertionResults":[{"ancestorTitles":["SignalBuffer"],"fullName":"SignalBuffer should enqueue and check signals","status":"passed","title":"should enqueue and check signals","duration":2.6450000000000102,"failureMessages":[],"meta":{}},{"ancestorTitles":["SignalBuffer"],"fullName":"SignalBuffer should flush signals in FIFO order","status":"passed","title":"should flush signals in FIFO order","duration":0.24154100000001222,"failureMessages":[],"meta":{}},{"ancestorTitles":["SignalBuffer"],"fullName":"SignalBuffer should handle multiple sessions independently","status":"passed","title":"should handle multiple sessions independently","duration":0.11733300000000213,"failureMessages":[],"meta":{}}],"startTime":1767357246590,"endTime":1767357246593.2415,"status":"passed","message":"","name":"/Users/bangedorrunt/workspace/opencode-addons/src/orchestrator/signal-buffer.test.ts"},{"assertionResults":[{"ancestorTitles":["Skill Agent Resolution Logic"],"fullName":"Skill Agent Resolution Logic should resolve agent using exact name","status":"passed","title":"should resolve agent using exact name","duration":0.7217500000000143,"failureMessages":[],"meta":{}},{"ancestorTitles":["Skill Agent Resolution Logic"],"fullName":"Skill Agent Resolution Logic should resolve agent with chief-of-staff prefix if not provided","status":"passed","title":"should resolve agent with chief-of-staff prefix if not provided","duration":0.09229199999998627,"failureMessages":[],"meta":{}},{"ancestorTitles":["Skill Agent Resolution Logic"],"fullName":"Skill Agent Resolution Logic should resolve agent with skill_name prefix","status":"passed","title":"should resolve agent with skill_name prefix","duration":0.06816599999999085,"failureMessages":[],"meta":{}},{"ancestorTitles":["Skill Agent Resolution Logic"],"fullName":"Skill Agent Resolution Logic should fallback to Explore if agent not found","status":"passed","title":"should fallback to Explore if agent not found","duration":0.0689999999999884,"failureMessages":[],"meta":{}},{"ancestorTitles":["Skill Agent Resolution Logic"],"fullName":"Skill Agent Resolution Logic should fallback to General if Explore not found","status":"passed","title":"should fallback to General if Explore not found","duration":0.06850000000000023,"failureMessages":[],"meta":{}},{"ancestorTitles":["Skill Agent Resolution Logic"],"fullName":"Skill Agent Resolution Logic should prioritize skill_name over chief-of-staff default even if CoS matches","status":"passed","title":"should prioritize skill_name over chief-of-staff default even if CoS matches","duration":0.0625829999999894,"failureMessages":[],"meta":{}},{"ancestorTitles":["Skill Agent Resolution Logic"],"fullName":"Skill Agent Resolution Logic should return null if no agent or fallback exists","status":"passed","title":"should return null if no agent or fallback exists","duration":0.0610409999999888,"failureMessages":[],"meta":{}},{"ancestorTitles":["Skill Agent Resolution Logic"],"fullName":"Skill Agent Resolution Logic should list all agents uniquely and sorted","status":"passed","title":"should list all agents uniquely and sorted","duration":0.2867080000000044,"failureMessages":[],"meta":{}}],"startTime":1767357246480,"endTime":1767357246481.2866,"status":"passed","message":"","name":"/Users/bangedorrunt/workspace/opencode-addons/src/orchestrator/skill-agent-resolution.test.ts"},{"assertionResults":[{"ancestorTitles":["TaskRegistry","register"],"fullName":"TaskRegistry register should register a new task with pending status","status":"passed","title":"should register a new task with pending status","duration":0.7425840000000221,"failureMessages":[],"meta":{}},{"ancestorTitles":["TaskRegistry","register"],"fullName":"TaskRegistry register should use ledgerTaskId as task ID if provided","status":"passed","title":"should use ledgerTaskId as task ID if provided","duration":0.08979099999999107,"failureMessages":[],"meta":{}},{"ancestorTitles":["TaskRegistry","updateStatus"],"fullName":"TaskRegistry updateStatus should update task status","status":"passed","title":"should update task status","duration":0.13520799999997735,"failureMessages":[],"meta":{}},{"ancestorTitles":["TaskRegistry","updateStatus"],"fullName":"TaskRegistry updateStatus should set startedAt when status changes to running","status":"passed","title":"should set startedAt when status changes to running","duration":0.05720800000000281,"failureMessages":[],"meta":{}},{"ancestorTitles":["TaskRegistry","heartbeat"],"fullName":"TaskRegistry heartbeat should update lastHeartbeat timestamp","status":"passed","title":"should update lastHeartbeat timestamp","duration":0.08354099999996834,"failureMessages":[],"meta":{}},{"ancestorTitles":["TaskRegistry","getTimedOutTasks"],"fullName":"TaskRegistry getTimedOutTasks should return tasks that exceeded timeout","status":"passed","title":"should return tasks that exceeded timeout","duration":152.53837500000003,"failureMessages":[],"meta":{}},{"ancestorTitles":["TaskRegistry","getTimedOutTasks"],"fullName":"TaskRegistry getTimedOutTasks should not return non-running tasks","status":"passed","title":"should not return non-running tasks","duration":150.67016699999994,"failureMessages":[],"meta":{}},{"ancestorTitles":["TaskRegistry","getStuckTasks"],"fullName":"TaskRegistry getStuckTasks should return tasks with stale heartbeats","status":"passed","title":"should return tasks with stale heartbeats","duration":100.31766700000003,"failureMessages":[],"meta":{}},{"ancestorTitles":["TaskRegistry","getStuckTasks"],"fullName":"TaskRegistry getStuckTasks should not return tasks with recent heartbeats","status":"passed","title":"should not return tasks with recent heartbeats","duration":0.10174999999992451,"failureMessages":[],"meta":{}},{"ancestorTitles":["TaskRegistry","incrementRetry"],"fullName":"TaskRegistry incrementRetry should increment retry count","status":"passed","title":"should increment retry count","duration":0.1299579999999878,"failureMessages":[],"meta":{}},{"ancestorTitles":["TaskRegistry","getSummary"],"fullName":"TaskRegistry getSummary should return correct summary statistics","status":"passed","title":"should return correct summary statistics","duration":0.12945799999999963,"failureMessages":[],"meta":{}},{"ancestorTitles":["TaskRegistry","cleanup"],"fullName":"TaskRegistry cleanup should remove old completed tasks","status":"passed","title":"should remove old completed tasks","duration":10.322750000000042,"failureMessages":[],"meta":{}},{"ancestorTitles":["Singleton Functions"],"fullName":"Singleton Functions getTaskRegistry should return singleton instance","status":"passed","title":"getTaskRegistry should return singleton instance","duration":0.0739170000000513,"failureMessages":[],"meta":{}},{"ancestorTitles":["Singleton Functions"],"fullName":"Singleton Functions resetTaskRegistry should clear the singleton","status":"passed","title":"resetTaskRegistry should clear the singleton","duration":0.34179200000005494,"failureMessages":[],"meta":{}}],"startTime":1767357246243,"endTime":1767357246658.3418,"status":"passed","message":"","name":"/Users/bangedorrunt/workspace/opencode-addons/src/orchestrator/task-registry.test.ts"},{"assertionResults":[{"ancestorTitles":["loadConfig"],"fullName":"loadConfig should return default config when file does not exist","status":"passed","title":"should return default config when file does not exist","duration":1.0425829999999792,"failureMessages":[],"meta":{}},{"ancestorTitles":["loadConfig"],"fullName":"loadConfig should load and parse valid config file","status":"passed","title":"should load and parse valid config file","duration":0.5810000000000173,"failureMessages":[],"meta":{}},{"ancestorTitles":["loadConfig"],"fullName":"loadConfig should return default config when JSON is invalid","status":"passed","title":"should return default config when JSON is invalid","duration":0.27662499999996726,"failureMessages":[],"meta":{}},{"ancestorTitles":["loadConfig"],"fullName":"loadConfig should return default config when missing required models section","status":"passed","title":"should return default config when missing required models section","duration":0.22050000000001546,"failureMessages":[],"meta":{}},{"ancestorTitles":["loadConfig"],"fullName":"loadConfig should return default config when models section is empty","status":"passed","title":"should return default config when models section is empty","duration":0.20304199999998218,"failureMessages":[],"meta":{}},{"ancestorTitles":["loadConfig"],"fullName":"loadConfig should handle file read errors gracefully","status":"passed","title":"should handle file read errors gracefully","duration":0.3422080000000278,"failureMessages":[],"meta":{}},{"ancestorTitles":["loadConfig"],"fullName":"loadConfig should support custom agent paths","status":"passed","title":"should support custom agent paths","duration":0.24874999999997272,"failureMessages":[],"meta":{}},{"ancestorTitles":["loadConfig"],"fullName":"loadConfig should preserve disable and forcedSkills fields from config file","status":"passed","title":"should preserve disable and forcedSkills fields from config file","duration":0.48475000000001955,"failureMessages":[],"meta":{}},{"ancestorTitles":["saveConfig"],"fullName":"saveConfig should save config to file","status":"passed","title":"should save config to file","duration":0.28391700000003084,"failureMessages":[],"meta":{}},{"ancestorTitles":["saveConfig"],"fullName":"saveConfig should create directory if it does not exist","status":"passed","title":"should create directory if it does not exist","duration":0.4000000000000341,"failureMessages":[],"meta":{}},{"ancestorTitles":["saveConfig"],"fullName":"saveConfig should throw on invalid config","status":"passed","title":"should throw on invalid config","duration":0.3441670000000272,"failureMessages":[],"meta":{}},{"ancestorTitles":["configExists"],"fullName":"configExists should return false when file does not exist","status":"passed","title":"should return false when file does not exist","duration":0.07425000000000637,"failureMessages":[],"meta":{}},{"ancestorTitles":["configExists"],"fullName":"configExists should return true when file exists","status":"passed","title":"should return true when file exists","duration":0.16429200000004585,"failureMessages":[],"meta":{}},{"ancestorTitles":["loadConfigWithValidation"],"fullName":"loadConfigWithValidation should return config and validation result","status":"passed","title":"should return config and validation result","duration":0.24308300000001282,"failureMessages":[],"meta":{}},{"ancestorTitles":["loadConfigWithValidation"],"fullName":"loadConfigWithValidation should return validation errors for invalid config","status":"passed","title":"should return validation errors for invalid config","duration":0.21770900000001348,"failureMessages":[],"meta":{}},{"ancestorTitles":["loadConfigWithValidation"],"fullName":"loadConfigWithValidation should return valid validation for default config when file missing","status":"passed","title":"should return valid validation for default config when file missing","duration":0.07562500000000227,"failureMessages":[],"meta":{}},{"ancestorTitles":["getConfigDir"],"fullName":"getConfigDir should return platform-specific config directory","status":"passed","title":"should return platform-specific config directory","duration":0.056708000000014636,"failureMessages":[],"meta":{}},{"ancestorTitles":["getConfigDir"],"fullName":"getConfigDir should include homedir","status":"passed","title":"should include homedir","duration":0.07908300000002555,"failureMessages":[],"meta":{}},{"ancestorTitles":["getConfigPath"],"fullName":"getConfigPath should return full path to config file","status":"passed","title":"should return full path to config file","duration":0.06320800000003146,"failureMessages":[],"meta":{}}],"startTime":1767357246251,"endTime":1767357246256.2432,"status":"passed","message":"","name":"/Users/bangedorrunt/workspace/opencode-addons/src/opencode/config/loader.test.ts"},{"assertionResults":[{"ancestorTitles":["substituteModel","basic substitution"],"fullName":"substituteModel basic substitution should replace model line when override exists for planner","status":"passed","title":"should replace model line when override exists for planner","duration":0.6472499999999854,"failureMessages":[],"meta":{}},{"ancestorTitles":["substituteModel","basic substitution"],"fullName":"substituteModel basic substitution should replace model line when override exists for worker","status":"passed","title":"should replace model line when override exists for worker","duration":0.08287500000000136,"failureMessages":[],"meta":{}},{"ancestorTitles":["substituteModel","basic substitution"],"fullName":"substituteModel basic substitution should replace model line when override exists for researcher","status":"passed","title":"should replace model line when override exists for researcher","duration":0.2000420000000247,"failureMessages":[],"meta":{}},{"ancestorTitles":["substituteModel","no substitution"],"fullName":"substituteModel no substitution should return original prompt when no override exists for agent","status":"passed","title":"should return original prompt when no override exists for agent","duration":0.08145799999999781,"failureMessages":[],"meta":{}},{"ancestorTitles":["substituteModel","no substitution"],"fullName":"substituteModel no substitution should preserve all other content when substituting model","status":"passed","title":"should preserve all other content when substituting model","duration":0.08683399999998187,"failureMessages":[],"meta":{}},{"ancestorTitles":["substituteModel","edge cases"],"fullName":"substituteModel edge cases should handle prompts with multiple model-like lines correctly","status":"passed","title":"should handle prompts with multiple model-like lines correctly","duration":0.05299999999999727,"failureMessages":[],"meta":{}},{"ancestorTitles":["substituteModel","edge cases"],"fullName":"substituteModel edge cases should handle model lines with extra whitespace","status":"passed","title":"should handle model lines with extra whitespace","duration":0.04454199999997854,"failureMessages":[],"meta":{}},{"ancestorTitles":["substituteModel","edge cases"],"fullName":"substituteModel edge cases should return original prompt if model line not found","status":"passed","title":"should return original prompt if model line not found","duration":0.03504100000000676,"failureMessages":[],"meta":{}},{"ancestorTitles":["substituteModel","real-world scenarios"],"fullName":"substituteModel real-world scenarios should work with actual worker.md prompt format","status":"passed","title":"should work with actual worker.md prompt format","duration":0.054957999999999174,"failureMessages":[],"meta":{}},{"ancestorTitles":["substituteModel","real-world scenarios"],"fullName":"substituteModel real-world scenarios should work with actual planner.md prompt format","status":"passed","title":"should work with actual planner.md prompt format","duration":0.07245900000000915,"failureMessages":[],"meta":{}},{"ancestorTitles":["substituteModel","real-world scenarios"],"fullName":"substituteModel real-world scenarios should work with actual researcher.md prompt format","status":"passed","title":"should work with actual researcher.md prompt format","duration":0.04170899999999733,"failureMessages":[],"meta":{}}],"startTime":1767357246471,"endTime":1767357246473.087,"status":"passed","message":"","name":"/Users/bangedorrunt/workspace/opencode-addons/src/opencode/config/substitutor.test.ts"},{"assertionResults":[{"ancestorTitles":["SwarmToolAddonsConfig","type definitions"],"fullName":"SwarmToolAddonsConfig type definitions should allow creating a valid config with path-based model overrides","status":"passed","title":"should allow creating a valid config with path-based model overrides","duration":0.5511250000000132,"failureMessages":[],"meta":{}},{"ancestorTitles":["SwarmToolAddonsConfig","type definitions"],"fullName":"SwarmToolAddonsConfig type definitions should allow partial model config with optional fields","status":"passed","title":"should allow partial model config with optional fields","duration":0.07612499999999045,"failureMessages":[],"meta":{}},{"ancestorTitles":["SwarmToolAddonsConfig","type definitions"],"fullName":"SwarmToolAddonsConfig type definitions should allow optional top-level settings","status":"passed","title":"should allow optional top-level settings","duration":0.061166000000014265,"failureMessages":[],"meta":{}},{"ancestorTitles":["SwarmToolAddonsConfig","type definitions"],"fullName":"SwarmToolAddonsConfig type definitions should allow defaultAgent field","status":"passed","title":"should allow defaultAgent field","duration":0.04579200000000583,"failureMessages":[],"meta":{}},{"ancestorTitles":["SwarmToolAddonsConfig","type definitions"],"fullName":"SwarmToolAddonsConfig type definitions should require models section","status":"passed","title":"should require models section","duration":0.03433300000000372,"failureMessages":[],"meta":{}},{"ancestorTitles":["SwarmToolAddonsConfig","parseConfig"],"fullName":"SwarmToolAddonsConfig parseConfig should parse valid JSON config string","status":"passed","title":"should parse valid JSON config string","duration":0.18820900000000051,"failureMessages":[],"meta":{}},{"ancestorTitles":["SwarmToolAddonsConfig","parseConfig"],"fullName":"SwarmToolAddonsConfig parseConfig should throw on invalid JSON","status":"passed","title":"should throw on invalid JSON","duration":0.3373749999999802,"failureMessages":[],"meta":{}},{"ancestorTitles":["SwarmToolAddonsConfig","parseConfig"],"fullName":"SwarmToolAddonsConfig parseConfig should throw on missing models section","status":"passed","title":"should throw on missing models section","duration":0.09524999999999295,"failureMessages":[],"meta":{}},{"ancestorTitles":["SwarmToolAddonsConfig","parseConfig"],"fullName":"SwarmToolAddonsConfig parseConfig should throw on empty models section","status":"passed","title":"should throw on empty models section","duration":0.28633400000001075,"failureMessages":[],"meta":{}},{"ancestorTitles":["SwarmToolAddonsConfig","parseConfig"],"fullName":"SwarmToolAddonsConfig parseConfig should throw on missing model field","status":"passed","title":"should throw on missing model field","duration":0.116375000000005,"failureMessages":[],"meta":{}},{"ancestorTitles":["SwarmToolAddonsConfig","validateConfig"],"fullName":"SwarmToolAddonsConfig validateConfig should validate complete config","status":"passed","title":"should validate complete config","duration":0.32091699999998013,"failureMessages":[],"meta":{}},{"ancestorTitles":["SwarmToolAddonsConfig","validateConfig"],"fullName":"SwarmToolAddonsConfig validateConfig should validate custom agent paths","status":"passed","title":"should validate custom agent paths","duration":0.14658299999999258,"failureMessages":[],"meta":{}},{"ancestorTitles":["SwarmToolAddonsConfig","validateConfig"],"fullName":"SwarmToolAddonsConfig validateConfig should return errors for invalid temperature values","status":"passed","title":"should return errors for invalid temperature values","duration":0.07570799999999167,"failureMessages":[],"meta":{}},{"ancestorTitles":["SwarmToolAddonsConfig","validateConfig"],"fullName":"SwarmToolAddonsConfig validateConfig should return errors for negative temperature","status":"passed","title":"should return errors for negative temperature","duration":0.04216699999997786,"failureMessages":[],"meta":{}},{"ancestorTitles":["SwarmToolAddonsConfig","validateConfig"],"fullName":"SwarmToolAddonsConfig validateConfig should validate logLevel if provided","status":"passed","title":"should validate logLevel if provided","duration":0.037332999999989624,"failureMessages":[],"meta":{}},{"ancestorTitles":["SwarmToolAddonsConfig","validateConfig"],"fullName":"SwarmToolAddonsConfig validateConfig should accept all valid log levels","status":"passed","title":"should accept all valid log levels","duration":0.08458300000000918,"failureMessages":[],"meta":{}},{"ancestorTitles":["SwarmToolAddonsConfig","validateConfig"],"fullName":"SwarmToolAddonsConfig validateConfig should return errors for empty model string","status":"passed","title":"should return errors for empty model string","duration":0.057125000000013415,"failureMessages":[],"meta":{}},{"ancestorTitles":["SwarmToolAddonsConfig","validateConfig"],"fullName":"SwarmToolAddonsConfig validateConfig should validate defaultAgent if provided","status":"passed","title":"should validate defaultAgent if provided","duration":0.03420800000000668,"failureMessages":[],"meta":{}},{"ancestorTitles":["SwarmToolAddonsConfig","validateConfig"],"fullName":"SwarmToolAddonsConfig validateConfig should return errors for empty defaultAgent","status":"passed","title":"should return errors for empty defaultAgent","duration":0.04291599999999107,"failureMessages":[],"meta":{}},{"ancestorTitles":["SwarmToolAddonsConfig","new fields: disable and forcedSkills"],"fullName":"SwarmToolAddonsConfig new fields: disable and forcedSkills should accept disable field in model config","status":"passed","title":"should accept disable field in model config","duration":0.044458999999989146,"failureMessages":[],"meta":{}},{"ancestorTitles":["SwarmToolAddonsConfig","new fields: disable and forcedSkills"],"fullName":"SwarmToolAddonsConfig new fields: disable and forcedSkills should accept forcedSkills field in model config","status":"passed","title":"should accept forcedSkills field in model config","duration":0.06329100000002086,"failureMessages":[],"meta":{}},{"ancestorTitles":["SwarmToolAddonsConfig","new fields: disable and forcedSkills"],"fullName":"SwarmToolAddonsConfig new fields: disable and forcedSkills should accept empty forcedSkills array","status":"passed","title":"should accept empty forcedSkills array","duration":0.03895799999997962,"failureMessages":[],"meta":{}},{"ancestorTitles":["SwarmToolAddonsConfig","new fields: disable and forcedSkills"],"fullName":"SwarmToolAddonsConfig new fields: disable and forcedSkills should accept all optional fields together","status":"passed","title":"should accept all optional fields together","duration":0.05583400000000438,"failureMessages":[],"meta":{}},{"ancestorTitles":["SwarmToolAddonsConfig","new fields: disable and forcedSkills"],"fullName":"SwarmToolAddonsConfig new fields: disable and forcedSkills should parse config with disable and forcedSkills from JSON","status":"passed","title":"should parse config with disable and forcedSkills from JSON","duration":0.047291000000001304,"failureMessages":[],"meta":{}},{"ancestorTitles":["SwarmToolAddonsConfig","new fields: disable and forcedSkills"],"fullName":"SwarmToolAddonsConfig new fields: disable and forcedSkills should preserve disable and forcedSkills when undefined","status":"passed","title":"should preserve disable and forcedSkills when undefined","duration":0.030041999999980362,"failureMessages":[],"meta":{}},{"ancestorTitles":["SwarmToolAddonsConfig","getDefaultConfig"],"fullName":"SwarmToolAddonsConfig getDefaultConfig should return default configuration with all required fields","status":"passed","title":"should return default configuration with all required fields","duration":0.07304199999998673,"failureMessages":[],"meta":{}},{"ancestorTitles":["SwarmToolAddonsConfig","getDefaultConfig"],"fullName":"SwarmToolAddonsConfig getDefaultConfig should include all agent models in default config","status":"passed","title":"should include all agent models in default config","duration":0.07154199999999378,"failureMessages":[],"meta":{}},{"ancestorTitles":["SwarmToolAddonsConfig","getDefaultConfig"],"fullName":"SwarmToolAddonsConfig getDefaultConfig should have model field for each agent","status":"passed","title":"should have model field for each agent","duration":0.16058300000000258,"failureMessages":[],"meta":{}}],"startTime":1767357246377,"endTime":1767357246380.1606,"status":"passed","message":"","name":"/Users/bangedorrunt/workspace/opencode-addons/src/opencode/config/types.test.ts"},{"assertionResults":[{"ancestorTitles":["FileBasedLedger","initialization"],"fullName":"FileBasedLedger initialization should detect uninitialized state","status":"passed","title":"should detect uninitialized state","duration":2.5604999999999905,"failureMessages":[],"meta":{}},{"ancestorTitles":["FileBasedLedger","initialization"],"fullName":"FileBasedLedger initialization should initialize directory structure","status":"passed","title":"should initialize directory structure","duration":16.21041699999995,"failureMessages":[],"meta":{}},{"ancestorTitles":["FileBasedLedger","initialization"],"fullName":"FileBasedLedger initialization should detect initialized state","status":"passed","title":"should detect initialized state","duration":11.024249999999995,"failureMessages":[],"meta":{}},{"ancestorTitles":["FileBasedLedger","epic operations"],"fullName":"FileBasedLedger epic operations should create a new epic","status":"passed","title":"should create a new epic","duration":11.966000000000008,"failureMessages":[],"meta":{}},{"ancestorTitles":["FileBasedLedger","epic operations"],"fullName":"FileBasedLedger epic operations should get active epic","status":"passed","title":"should get active epic","duration":13.494042000000036,"failureMessages":[],"meta":{}},{"ancestorTitles":["FileBasedLedger","epic operations"],"fullName":"FileBasedLedger epic operations should prevent creating epic when one exists","status":"passed","title":"should prevent creating epic when one exists","duration":11.405665999999997,"failureMessages":[],"meta":{}},{"ancestorTitles":["FileBasedLedger","epic operations"],"fullName":"FileBasedLedger epic operations should update epic status","status":"passed","title":"should update epic status","duration":38.527625,"failureMessages":[],"meta":{}},{"ancestorTitles":["FileBasedLedger","epic operations"],"fullName":"FileBasedLedger epic operations should archive epic","status":"passed","title":"should archive epic","duration":35.029583,"failureMessages":[],"meta":{}},{"ancestorTitles":["FileBasedLedger","spec and plan operations"],"fullName":"FileBasedLedger spec and plan operations should read spec file","status":"passed","title":"should read spec file","duration":49.89412500000003,"failureMessages":[],"meta":{}},{"ancestorTitles":["FileBasedLedger","spec and plan operations"],"fullName":"FileBasedLedger spec and plan operations should write spec file","status":"passed","title":"should write spec file","duration":20.99041699999998,"failureMessages":[],"meta":{}},{"ancestorTitles":["FileBasedLedger","spec and plan operations"],"fullName":"FileBasedLedger spec and plan operations should read plan file","status":"passed","title":"should read plan file","duration":10.601333000000068,"failureMessages":[],"meta":{}},{"ancestorTitles":["FileBasedLedger","spec and plan operations"],"fullName":"FileBasedLedger spec and plan operations should write plan file","status":"passed","title":"should write plan file","duration":11.515499999999975,"failureMessages":[],"meta":{}},{"ancestorTitles":["FileBasedLedger","spec and plan operations"],"fullName":"FileBasedLedger spec and plan operations should update task status in plan","status":"passed","title":"should update task status in plan","duration":15.313999999999965,"failureMessages":[],"meta":{}},{"ancestorTitles":["FileBasedLedger","learnings"],"fullName":"FileBasedLedger learnings should add pattern learning","status":"passed","title":"should add pattern learning","duration":7.172167000000059,"failureMessages":[],"meta":{}},{"ancestorTitles":["FileBasedLedger","learnings"],"fullName":"FileBasedLedger learnings should add decision learning","status":"passed","title":"should add decision learning","duration":8.258417000000009,"failureMessages":[],"meta":{}},{"ancestorTitles":["FileBasedLedger","learnings"],"fullName":"FileBasedLedger learnings should update recent learnings in index","status":"passed","title":"should update recent learnings in index","duration":8.554832999999917,"failureMessages":[],"meta":{}},{"ancestorTitles":["FileBasedLedger","context operations"],"fullName":"FileBasedLedger context operations should read product context","status":"passed","title":"should read product context","duration":5.945416000000023,"failureMessages":[],"meta":{}},{"ancestorTitles":["FileBasedLedger","context operations"],"fullName":"FileBasedLedger context operations should update tech-stack context","status":"passed","title":"should update tech-stack context","duration":9.553875000000062,"failureMessages":[],"meta":{}},{"ancestorTitles":["FileBasedLedger","handoff"],"fullName":"FileBasedLedger handoff should create handoff","status":"passed","title":"should create handoff","duration":6.32487500000002,"failureMessages":[],"meta":{}},{"ancestorTitles":["FileBasedLedger","handoff"],"fullName":"FileBasedLedger handoff should clear handoff","status":"passed","title":"should clear handoff","duration":8.79995800000006,"failureMessages":[],"meta":{}},{"ancestorTitles":["FileBasedLedger","status"],"fullName":"FileBasedLedger status should return uninitialized status","status":"passed","title":"should return uninitialized status","duration":0.5557080000000951,"failureMessages":[],"meta":{}},{"ancestorTitles":["FileBasedLedger","status"],"fullName":"FileBasedLedger status should return full status after init","status":"passed","title":"should return full status after init","duration":15.091583000000014,"failureMessages":[],"meta":{}}],"startTime":1767357246249,"endTime":1767357246568.0916,"status":"passed","message":"","name":"/Users/bangedorrunt/workspace/opencode-addons/src/orchestrator/file-ledger/index.test.ts"},{"assertionResults":[{"ancestorTitles":["ledger-tools"],"fullName":"ledger-tools exposes Active Dialogue tools (v5.1)","status":"passed","title":"exposes Active Dialogue tools (v5.1)","duration":0.5937079999999924,"failureMessages":[],"meta":{}}],"startTime":1767357246749,"endTime":1767357246749.5938,"status":"passed","message":"","name":"/Users/bangedorrunt/workspace/opencode-addons/src/orchestrator/tools/ledger-tools.test.ts"}]}