{"numTotalTestSuites":142,"numPassedTestSuites":140,"numFailedTestSuites":2,"numPendingTestSuites":0,"numTotalTests":237,"numPassedTests":235,"numFailedTests":2,"numPendingTests":0,"numTodoTests":0,"snapshot":{"added":0,"failure":false,"filesAdded":0,"filesRemoved":0,"filesRemovedList":[],"filesUnmatched":0,"filesUpdated":0,"matched":0,"total":0,"unchecked":0,"uncheckedKeysByFile":[],"unmatched":0,"updated":0,"didUpdate":false},"startTime":1767319183969,"success":false,"testResults":[{"assertionResults":[{"ancestorTitles":["core","generateEventId"],"fullName":"core generateEventId should generate a unique ID with timestamp prefix","status":"passed","title":"should generate a unique ID with timestamp prefix","duration":1.148083999999983,"failureMessages":[],"meta":{}},{"ancestorTitles":["core","generateCorrelationId"],"fullName":"core generateCorrelationId should generate a hex string","status":"passed","title":"should generate a hex string","duration":0.14829199999999787,"failureMessages":[],"meta":{}},{"ancestorTitles":["core","createEvent"],"fullName":"core createEvent should add id and timestamp to input","status":"passed","title":"should add id and timestamp to input","duration":0.20095800000001418,"failureMessages":[],"meta":{}},{"ancestorTitles":["core","createEvent"],"fullName":"core createEvent should preserve provided timestamp","status":"passed","title":"should preserve provided timestamp","duration":0.05937500000001705,"failureMessages":[],"meta":{}},{"ancestorTitles":["core","filterByType"],"fullName":"core filterByType should filter by single type","status":"passed","title":"should filter by single type","duration":0.37725000000000364,"failureMessages":[],"meta":{}},{"ancestorTitles":["core","filterByType"],"fullName":"core filterByType should filter by multiple types","status":"passed","title":"should filter by multiple types","duration":0.07533300000000054,"failureMessages":[],"meta":{}},{"ancestorTitles":["core","filterByStream"],"fullName":"core filterByStream should filter by stream_id","status":"passed","title":"should filter by stream_id","duration":0.08645799999999326,"failureMessages":[],"meta":{}},{"ancestorTitles":["core","filterByActor"],"fullName":"core filterByActor should filter by actor","status":"passed","title":"should filter by actor","duration":0.0726669999999956,"failureMessages":[],"meta":{}},{"ancestorTitles":["core","filterByTimeRange"],"fullName":"core filterByTimeRange should filter by since","status":"passed","title":"should filter by since","duration":0.07537500000000819,"failureMessages":[],"meta":{}},{"ancestorTitles":["core","filterByTimeRange"],"fullName":"core filterByTimeRange should filter by until","status":"passed","title":"should filter by until","duration":0.06258300000001782,"failureMessages":[],"meta":{}},{"ancestorTitles":["core","filterByTimeRange"],"fullName":"core filterByTimeRange should filter by range","status":"passed","title":"should filter by range","duration":0.053375000000016826,"failureMessages":[],"meta":{}},{"ancestorTitles":["core","applyFilter"],"fullName":"core applyFilter should apply multiple filters","status":"passed","title":"should apply multiple filters","duration":0.07195799999999508,"failureMessages":[],"meta":{}},{"ancestorTitles":["core","applyFilter"],"fullName":"core applyFilter should apply limit","status":"passed","title":"should apply limit","duration":0.05429200000000378,"failureMessages":[],"meta":{}},{"ancestorTitles":["core","extractPendingCheckpoints"],"fullName":"core extractPendingCheckpoints should extract pending checkpoints","status":"passed","title":"should extract pending checkpoints","duration":0.09483299999999417,"failureMessages":[],"meta":{}},{"ancestorTitles":["core","extractPendingCheckpoints"],"fullName":"core extractPendingCheckpoints should remove approved checkpoints","status":"passed","title":"should remove approved checkpoints","duration":0.05258399999999597,"failureMessages":[],"meta":{}},{"ancestorTitles":["core","isCheckpointExpired"],"fullName":"core isCheckpointExpired should return true for expired checkpoint","status":"passed","title":"should return true for expired checkpoint","duration":0.04545899999999392,"failureMessages":[],"meta":{}},{"ancestorTitles":["core","isCheckpointExpired"],"fullName":"core isCheckpointExpired should return false for non-expired checkpoint","status":"passed","title":"should return false for non-expired checkpoint","duration":0.027291999999988548,"failureMessages":[],"meta":{}},{"ancestorTitles":["core","isCheckpointExpired"],"fullName":"core isCheckpointExpired should return false if no expiry set","status":"passed","title":"should return false if no expiry set","duration":0.02479199999999082,"failureMessages":[],"meta":{}},{"ancestorTitles":["core","serialization"],"fullName":"core serialization should serialize and deserialize events","status":"passed","title":"should serialize and deserialize events","duration":0.08029199999998582,"failureMessages":[],"meta":{}},{"ancestorTitles":["core","serialization"],"fullName":"core serialization should return null for invalid JSON","status":"passed","title":"should return null for invalid JSON","duration":0.04983300000000668,"failureMessages":[],"meta":{}}],"startTime":1767319184532,"endTime":1767319184535.0947,"status":"passed","message":"","name":"/Users/bangedorrunt/workspace/opencode-addons/src/durable-stream/core.test.ts"},{"assertionResults":[{"ancestorTitles":[],"fullName":"Agent Lifecycle: Spawning & Status","status":"passed","title":"Agent Lifecycle: Spawning & Status","duration":0.9807079999999928,"failureMessages":[],"meta":{"evalite":{"results":[{"input":{"agent":"executor","prompt":"Task 1","timeoutMs":1000},"result":{"taskId":"task_mjw87m49_3cyj","status":"pending"},"scores":[1],"duration":1}],"duration":1,"traces":[]}}},{"ancestorTitles":[],"fullName":"Agent Lifecycle: Timeouts & Stuck Detection","status":"passed","title":"Agent Lifecycle: Timeouts & Stuck Detection","duration":0.22866700000002993,"failureMessages":[],"meta":{"evalite":{"results":[{"input":{"name":"Detect timed out task","taskSetup":{"status":"running","startedAt":1767319179314,"timeoutMs":2000},"expectedTimeout":true},"result":{"timedOut":true,"stuck":false},"scores":[1],"duration":0},{"input":{"name":"Detect stuck task (no heartbeat)","taskSetup":{"status":"running","lastHeartbeat":1767319144314,"timeoutMs":60000},"expectedStuck":true},"result":{"timedOut":false,"stuck":true},"scores":[1],"duration":0}],"duration":0,"traces":[]}}},{"ancestorTitles":[],"fullName":"Agent Lifecycle: Retries","status":"passed","title":"Agent Lifecycle: Retries","duration":0.13266699999996945,"failureMessages":[],"meta":{"evalite":{"results":[{"input":{"name":"Retry on failure","initialRetryCount":0,"maxRetries":2,"status":"failed","expectedCanRetry":true},"result":{"canRetry":true},"scores":[1],"duration":0},{"input":{"name":"Exhausted retries","initialRetryCount":2,"maxRetries":2,"status":"failed","expectedCanRetry":false},"result":{"canRetry":false},"scores":[1],"duration":0}],"duration":0,"traces":[]}}}],"startTime":1767319184313,"endTime":1767319184314.2288,"status":"passed","message":"","name":"/Users/bangedorrunt/workspace/opencode-addons/src/evals/agent_lifecycle.eval.ts"},{"assertionResults":[{"ancestorTitles":[],"fullName":"Checkpoint Templates","status":"failed","title":"Checkpoint Templates","duration":4.050457999999992,"failureMessages":["TypeError: opts.data is not a function\n    at file:///Users/bangedorrunt/workspace/opencode-addons/node_modules/evalite/src/index.ts:50:29\n    at file:///Users/bangedorrunt/workspace/opencode-addons/node_modules/@vitest/runner/dist/chunk-hooks.js:155:11\n    at file:///Users/bangedorrunt/workspace/opencode-addons/node_modules/@vitest/runner/dist/chunk-hooks.js:752:26\n    at file:///Users/bangedorrunt/workspace/opencode-addons/node_modules/@vitest/runner/dist/chunk-hooks.js:1897:20\n    at new Promise (<anonymous>)\n    at runWithTimeout (file:///Users/bangedorrunt/workspace/opencode-addons/node_modules/@vitest/runner/dist/chunk-hooks.js:1863:10)\n    at runTest (file:///Users/bangedorrunt/workspace/opencode-addons/node_modules/@vitest/runner/dist/chunk-hooks.js:1574:12)\n    at processTicksAndRejections (node:internal/process/task_queues:103:5)\n    at runSuite (file:///Users/bangedorrunt/workspace/opencode-addons/node_modules/@vitest/runner/dist/chunk-hooks.js:1729:8)\n    at runFiles (file:///Users/bangedorrunt/workspace/opencode-addons/node_modules/@vitest/runner/dist/chunk-hooks.js:1787:3)"],"meta":{}}],"startTime":1767319184327,"endTime":1767319184331.0505,"status":"failed","message":"","name":"/Users/bangedorrunt/workspace/opencode-addons/src/evals/checkpoints.eval.ts"},{"assertionResults":[{"ancestorTitles":[],"fullName":"Chief-of-Staff: Strategic Orchestration (Real LLM)","status":"passed","title":"Chief-of-Staff: Strategic Orchestration (Real LLM)","duration":2.9777500000000146,"failureMessages":[],"meta":{"evalite":{"results":[{"input":{"name":"Governance Check","text":"Deploy the application to AWS","context":"No directives exist for cloud provider or environment."},"result":"**Reasoning:**\n\nThe user has provided a clear directive: \"Deploy the application to AWS.\" However, my governance protocol requires a directive for the deployment *environment*. Since no such directive exists in the current context, I must establish it before proceeding with the deployment. I will present a strategic poll to gather this missing information from the user.\n\n**Strategic Poll: Deployment Environment**\nNo directive found for the target deployment environment. Please select one:\n\n(1) **Staging**: For testing, QA, and pre-production validation.\n(2) **Production**: For live, public-facing applications.\n(3) **Development**: For early-stage testing and feature work.\n\n_Reply '1', '2', '3', or describe your preferred environment (e.g., \"UAT environment for user acceptance testing\")._","scores":[1],"duration":2},{"input":{"name":"Task Parallelization","text":"Add a search bar to the header and create a new FAQ page","context":"Directives: Framework: React, Styling: Tailwind."},"result":{"agent_name":"chief-of-staff/oracle","prompt":{"type":"DECOMPOSE_REQUEST","request":"Add a search bar to the header and create a new FAQ page","context":{"directives":{"framework":"React","styling":"Tailwind"},"assumptions":["Search bar will initially be a UI-only component without backend integration or client-side filtering logic.","FAQ page will contain placeholder content and be styled with Tailwind.","Routing for the FAQ page will be `/faq`.","Navigation link for the FAQ page will be added to the main header navigation."]},"epic_title":"Implement Header Search Bar UI and FAQ Page","tasks":[{"id":"epic.1","title":"Implement Header Search Bar UI","description":"Create and style a basic search input field and potentially an icon within the existing header, using React and Tailwind. Focus on UI integration, not functionality.","agent":"executor","dependencies":[]},{"id":"epic.2","title":"Create FAQ Page Component","description":"Develop a new React component for the FAQ page, including a basic structure with placeholder content, styled with Tailwind.","agent":"executor","dependencies":[]},{"id":"epic.3","title":"Configure FAQ Page Routing","description":"Set up the necessary routing configuration to make the new FAQ page accessible at `/faq`.","agent":"executor","dependencies":["epic.2"]},{"id":"epic.4","title":"Add FAQ Page Navigation Link","description":"Integrate a link to the newly created FAQ page into the application's header or main navigation, pointing to `/faq`.","agent":"executor","dependencies":["epic.2","epic.3"]}],"execution_strategy":{"mode":"mixed","waves":[["epic.1","epic.2"],["epic.3"],["epic.4"]]}},"async":false},"scores":[1],"duration":0}],"duration":2,"traces":[]}}}],"startTime":1767319184631,"endTime":1767319184633.9778,"status":"passed","message":"","name":"/Users/bangedorrunt/workspace/opencode-addons/src/evals/chief_of_staff.eval.ts"},{"assertionResults":[{"ancestorTitles":[],"fullName":"Deadlock Detection: Task Dependencies","status":"passed","title":"Deadlock Detection: Task Dependencies","duration":0.5916249999999934,"failureMessages":[],"meta":{"evalite":{"results":[{"input":{"name":"No dependencies","tasks":[{"id":"t1","dependencies":[]},{"id":"t2","dependencies":[]}]},"result":false,"scores":[0],"duration":0,"expected":false},{"input":{"name":"Sequential dependencies","tasks":[{"id":"t1","dependencies":[]},{"id":"t2","dependencies":["t1"]},{"id":"t3","dependencies":["t2"]}]},"result":false,"scores":[0],"duration":0,"expected":false},{"input":{"name":"Direct cycle","tasks":[{"id":"t1","dependencies":["t2"]},{"id":"t2","dependencies":["t1"]}]},"result":true,"scores":[0],"duration":0,"expected":true},{"input":{"name":"Indirect cycle","tasks":[{"id":"t1","dependencies":["t2"]},{"id":"t2","dependencies":["t3"]},{"id":"t3","dependencies":["t1"]}]},"result":true,"scores":[0],"duration":0,"expected":true},{"input":{"name":"Self dependency","tasks":[{"id":"t1","dependencies":["t1"]}]},"result":true,"scores":[0],"duration":0,"expected":true},{"input":{"name":"Complex acyclic","tasks":[{"id":"t1","dependencies":[]},{"id":"t2","dependencies":["t1"]},{"id":"t3","dependencies":["t1"]},{"id":"t4","dependencies":["t2","t3"]}]},"result":false,"scores":[0],"duration":0,"expected":false}],"duration":0,"traces":[]}}},{"ancestorTitles":[],"fullName":"Deadlock Detection: Resource Collisions","status":"passed","title":"Deadlock Detection: Resource Collisions","duration":0.11916700000000446,"failureMessages":[],"meta":{"evalite":{"results":[{"input":{"name":"No collisions","tasks":[{"id":"t1","affectsFiles":["file1.ts"]},{"id":"t2","affectsFiles":["file2.ts"]}]},"result":false,"scores":[0],"duration":0,"expected":false},{"input":{"name":"Direct collision","tasks":[{"id":"t1","affectsFiles":["file1.ts","shared.ts"]},{"id":"t2","affectsFiles":["file2.ts","shared.ts"]}]},"result":true,"scores":[0],"duration":0,"expected":true},{"input":{"name":"Multiple collisions","tasks":[{"id":"t1","affectsFiles":["a.ts","b.ts"]},{"id":"t2","affectsFiles":["b.ts","c.ts"]},{"id":"t3","affectsFiles":["a.ts","d.ts"]}]},"result":true,"scores":[0],"duration":0,"expected":true}],"duration":0,"traces":[]}}}],"startTime":1767319184765,"endTime":1767319184766.1191,"status":"passed","message":"","name":"/Users/bangedorrunt/workspace/opencode-addons/src/evals/deadlock.eval.ts"},{"assertionResults":[{"ancestorTitles":[],"fullName":"Interviewer: HITL Dialogue System (Real LLM)","status":"passed","title":"Interviewer: HITL Dialogue System (Real LLM)","duration":1.7159580000000005,"failureMessages":[],"meta":{"evalite":{"results":[{"input":{"name":"Initial Ambiguity","text":"I want to integrate a payment system"},"result":{"dialogue_state":{"status":"needs_input","turn":1,"message_to_user":"I can certainly help with integrating a payment system. To ensure I build exactly what you need, please clarify the following aspects using the strategic polls below:","pending_questions":["**Strategic Poll: Payment Gateway**\nWhich payment gateway would you prefer to integrate?\n(1) Stripe: Popular, developer-friendly, good for various payment types.\n(2) PayPal: Widely recognized, good for standard online payments.\n(3) Braintree: Flexible, offers diverse payment methods (cards, PayPal, Venmo).\n(4) Or specify another payment gateway (e.g., 'Square', 'Adyen', 'Custom').\n\n**Strategic Poll: Payment Types**\nWhat kind of payments do you need to handle?\n(1) One-time payments: For single purchases.\n(2) Subscriptions: For recurring billing.\n(3) Both one-time and subscriptions.\n(4) Or specify other payment types (e.g., 'in-app purchases', 'donations', 'invoice payments').","Please reply with your choices, e.g., 'Gateway: 1, Type: 3' or 'Stripe for one-time payments'."],"accumulated_direction":{"goals":[],"constraints":[],"preferences":[],"decisions":[]}},"output":null},"scores":[1],"duration":1},{"input":{"name":"Approval Detection","text":"Yes, proceed with Stripe","prevState":{"status":"needs_approval","turn":2,"message_to_user":"Should I use Stripe for payments?","history":[{"role":"user","content":"integrate payment"},{"role":"assistant","content":"Which provider?"}]}},"result":{"dialogue_state":{"status":"approved","turn":3,"message_to_user":"Great! I've noted that you want to proceed with Stripe for payments. I will now hand this over with the clarified direction.","pending_questions":[],"accumulated_direction":{"goals":[],"constraints":[],"preferences":["Stripe for payment integration"],"decisions":["Payment Provider: Stripe"]}},"output":{"clarifications_resolved":true,"explicit_direction":{"payment_provider":"Stripe"},"assumptions_avoided":["Assumed payment provider might be PayPal, Square, etc."]}},"scores":[1],"duration":0}],"duration":1,"traces":[]}}}],"startTime":1767319184808,"endTime":1767319184809.716,"status":"passed","message":"","name":"/Users/bangedorrunt/workspace/opencode-addons/src/evals/hitl_dialogue.eval.ts"},{"assertionResults":[{"ancestorTitles":[],"fullName":"Oracle Agent: Real LLM Reasoning (v4.1)","status":"passed","title":"Oracle Agent: Real LLM Reasoning (v4.1)","duration":2.226083000000017,"failureMessages":[],"meta":{"evalite":{"results":[{"input":{"text":"Add a login page with Google Auth and a user profile settings page","expectedMode":"parallel"},"result":{"epic":{"title":"Implement User Authentication and Profile Management","request":"Add a login page with Google Auth and a user profile settings page","rationale":"This decomposition separates core authentication logic from user profile management, allowing for parallel development of independent backend and frontend components where possible, while respecting critical dependencies like session management."},"tasks":[{"title":"Setup Backend Google OAuth & Routes","agent":"executor","dependencies":[],"affects_files":[".env","src/server/auth/google.ts","src/server/routes/auth.ts","src/server/middleware/errorHandler.ts"],"complexity":"medium","description":"Configure Google OAuth credentials, implement backend routes for initiating Google login and handling the callback redirect, ensuring secure token exchange and error handling.","durable_intent":"auth-google-backend-setup"},{"title":"Define User Model & Session Management","agent":"executor","dependencies":[],"affects_files":["src/server/models/User.ts","src/server/db/schema.ts","src/server/session/manager.ts","src/server/middleware/auth.ts"],"complexity":"medium","description":"Create the user data model (e.g., for storing Google profile info) and implement robust session management (e.g., JWTs or secure cookies) for authenticated users. Develop authentication middleware for protecting routes.","durable_intent":"user-session-model-definition"},{"title":"Develop Frontend Login Page with Google Auth","agent":"executor","dependencies":["Setup Backend Google OAuth & Routes","Define User Model & Session Management"],"affects_files":["src/client/pages/LoginPage.tsx","src/client/components/GoogleAuthButton.tsx","src/client/api/auth.ts","src/client/hooks/useAuth.ts"],"complexity":"medium","description":"Build the frontend UI for the login page, including a 'Sign in with Google' button. Implement client-side logic to initiate the Google OAuth flow and handle successful authentication redirects, storing session information securely.","durable_intent":"login-page-frontend"},{"title":"Create User Profile Backend API","agent":"executor","dependencies":["Define User Model & Session Management"],"affects_files":["src/server/routes/profile.ts","src/server/controllers/profile.ts","src/server/validators/profile.ts"],"complexity":"medium","description":"Develop protected backend API endpoints for fetching an authenticated user's profile data and updating it. Include input validation and authorization checks.","durable_intent":"user-profile-backend-api"},{"title":"Build Frontend User Profile Settings Page","agent":"executor","dependencies":["Create User Profile Backend API"],"affects_files":["src/client/pages/ProfilePage.tsx","src/client/components/ProfileForm.tsx","src/client/api/profile.ts","src/client/hooks/useProfile.ts"],"complexity":"medium","description":"Design and implement the frontend UI for the user profile settings page. Integrate with the profile backend API to display current user information and allow users to update their details.","durable_intent":"profile-settings-frontend"}],"execution_strategy":{"mode":"mixed","rationale":"Tasks 1 (Backend Google OAuth) and 2 (User Model & Session) can run in parallel as they address distinct but foundational backend concerns. Task 3 (Login FE) can then run in parallel with Task 4 (Profile API) as soon as their respective backend dependencies (1 & 2) are met. Task 5 (Profile FE) must wait for Task 4. This maximizes parallelism while respecting essential dependencies.","risk_assessment":"MEDIUM"},"assumptions_made":[{"choice":"Standard RESTful API with Node.js/Express backend","rationale":"Common practice for web applications, offering clear separation of concerns."},{"choice":"React (or similar SPA framework) for frontend","rationale":"Implied by typical page-based requests involving dynamic UI interactions and API integration."}]},"scores":[1,0],"duration":2},{"input":{"text":"Refactor the database schema for orders and update all existing queries to match","expectedMode":"sequential"},"result":{"epic":{"title":"Refactor Order Database Schema and Update Queries","request":"Refactor the database schema for orders and update all existing queries to match","rationale":"This decomposition ensures a systematic approach to a critical database refactoring task, prioritizing schema definition, model updates, data integrity, and application-level query adjustments, followed by thorough testing. The sequential nature minimizes risks associated with schema changes."},"tasks":[{"title":"Design New Order Schema and Generate Migration Script","agent":"executor","dependencies":[],"affects_files":["db/migrations/*","src/schemas/order.ts"],"complexity":"high","description":"Analyze the existing 'orders' schema, propose a new, optimized schema design, and generate the necessary database migration script (e.g., SQL DDL or ORM migration files) to apply these changes.","durable_intent":"db-schema-refactor-init"},{"title":"Update ORM Models/Database Entities for Orders","agent":"executor","dependencies":["Design New Order Schema and Generate Migration Script"],"affects_files":["src/models/order.ts","src/types/order.ts"],"complexity":"medium","description":"Modify the application's ORM models, entities, or data access layer definitions to align with the newly designed 'orders' schema. This includes updating field names, types, relationships, and any derived properties.","durable_intent":"orm-entity-update"},{"title":"Implement Data Transformation Script (if necessary)","agent":"executor","dependencies":["Design New Order Schema and Generate Migration Script"],"affects_files":["db/migrations/data_transform_*.sql"],"complexity":"high","description":"If the schema changes involve data restructuring (e.g., splitting columns, merging data, type conversions), implement a data migration script to transform existing data in the 'orders' table to fit the new schema while preserving data integrity.","durable_intent":"db-data-transform"},{"title":"Locate and Update Order-Related Application Queries","agent":"executor","dependencies":["Update ORM Models/Database Entities for Orders","Implement Data Transformation Script (if necessary)"],"affects_files":["src/services/order.ts","src/repositories/order.ts","src/controllers/order.ts","src/routes/api/order.ts"],"complexity":"high","description":"Identify all application code segments that interact with the 'orders' data (raw SQL queries, ORM calls, repository methods). Update these queries and associated logic to conform to the new schema and model changes, ensuring correct data access and manipulation.","durable_intent":"app-queries-update"},{"title":"Comprehensive Integration and End-to-End Testing","agent":"executor","dependencies":["Locate and Update Order-Related Application Queries"],"affects_files":["tests/integration/order.test.ts","tests/e2e/order.test.ts"],"complexity":"high","description":"Develop and execute a thorough suite of integration and end-to-end tests to verify that all order-related functionalities (creation, retrieval, update, deletion, reporting, payment processing) work flawlessly with the new database schema and updated application queries.","durable_intent":"full-order-testing"}],"execution_strategy":{"mode":"sequential","rationale":"Each task in this decomposition has direct dependencies on the completion of previous tasks. Schema definition must precede model updates, which must precede query updates. Data transformation must be prepared alongside schema changes to ensure data integrity before application logic is fully switched over. Comprehensive testing can only occur once all previous steps are complete.","risk_assessment":"NONE"},"assumptions_made":[{"choice":"An ORM (Object-Relational Mapper) or similar entity mapping layer is in use.","rationale":"Common practice in modern applications, facilitating the 'Update ORM Models/Database Entities' task. If not, this task would focus solely on raw entity definitions or schema types."},{"choice":"Database migrations are managed through scripts (e.g., SQL files or ORM migration tools).","rationale":"Standard practice for version control and applying database changes systematically."},{"choice":"Data transformation might be required.","rationale":"Schema refactoring often involves changes that necessitate transforming existing data to fit the new structure. This task is included as a common and critical component."}]},"scores":[1,0],"duration":0}],"duration":2,"traces":[]}}}],"startTime":1767319184632,"endTime":1767319184634.226,"status":"passed","message":"","name":"/Users/bangedorrunt/workspace/opencode-addons/src/evals/oracle.eval.ts"},{"assertionResults":[{"ancestorTitles":[],"fullName":"SDD Workflow: Oracle Decomposition","status":"failed","title":"SDD Workflow: Oracle Decomposition","duration":2.7938749999999573,"failureMessages":["TypeError: Cannot destructure property 'expected' of 'undefined' as it is undefined.\n    at /Users/bangedorrunt/workspace/opencode-addons/src/evals/sdd_workflow.eval.ts:61:16\n    at file:///Users/bangedorrunt/workspace/opencode-addons/node_modules/evalite/src/index.ts:24:15\n    at Array.map (<anonymous>)\n    at runTask (file:///Users/bangedorrunt/workspace/opencode-addons/node_modules/evalite/src/index.ts:22:17)\n    at processTicksAndRejections (node:internal/process/task_queues:103:5)\n    at file:///Users/bangedorrunt/workspace/opencode-addons/node_modules/evalite/src/index.ts:54:46\n    at async Promise.all (index 0)\n    at file:///Users/bangedorrunt/workspace/opencode-addons/node_modules/evalite/src/index.ts:52:21\n    at file:///Users/bangedorrunt/workspace/opencode-addons/node_modules/@vitest/runner/dist/chunk-hooks.js:752:20"],"meta":{}}],"startTime":1767319184262,"endTime":1767319184264.794,"status":"failed","message":"","name":"/Users/bangedorrunt/workspace/opencode-addons/src/evals/sdd_workflow.eval.ts"},{"assertionResults":[{"ancestorTitles":["MemoryLaneStore"],"fullName":"MemoryLaneStore should initialize and store a memory","status":"passed","title":"should initialize and store a memory","duration":6.283084000000031,"failureMessages":[],"meta":{}},{"ancestorTitles":["MemoryLaneStore"],"fullName":"MemoryLaneStore should find stored memories via semantic search","status":"passed","title":"should find stored memories via semantic search","duration":6.775082999999995,"failureMessages":[],"meta":{}},{"ancestorTitles":["MemoryLaneStore"],"fullName":"MemoryLaneStore should filter by entities","status":"passed","title":"should filter by entities","duration":5.409833000000049,"failureMessages":[],"meta":{}},{"ancestorTitles":["MemoryLaneStore"],"fullName":"MemoryLaneStore should apply feedback signals","status":"passed","title":"should apply feedback signals","duration":4.430958000000032,"failureMessages":[],"meta":{}}],"startTime":1767319184661,"endTime":1767319184684.431,"status":"passed","message":"","name":"/Users/bangedorrunt/workspace/opencode-addons/src/memory-lane/memory-store.test.ts"},{"assertionResults":[{"ancestorTitles":["Access Control","isChiefOfStaff"],"fullName":"Access Control isChiefOfStaff returns true for exact match","status":"passed","title":"returns true for exact match","duration":0.5390830000000051,"failureMessages":[],"meta":{}},{"ancestorTitles":["Access Control","isChiefOfStaff"],"fullName":"Access Control isChiefOfStaff returns true for hierarchical match","status":"passed","title":"returns true for hierarchical match","duration":0.06491699999997991,"failureMessages":[],"meta":{}},{"ancestorTitles":["Access Control","isChiefOfStaff"],"fullName":"Access Control isChiefOfStaff returns true for root user (empty string)","status":"passed","title":"returns true for root user (empty string)","duration":0.04824999999999591,"failureMessages":[],"meta":{}},{"ancestorTitles":["Access Control","isChiefOfStaff"],"fullName":"Access Control isChiefOfStaff returns false for other agents","status":"passed","title":"returns false for other agents","duration":0.06050000000001887,"failureMessages":[],"meta":{}},{"ancestorTitles":["Access Control","isProtectedAgent"],"fullName":"Access Control isProtectedAgent returns true for known protected agents","status":"passed","title":"returns true for known protected agents","duration":0.0654999999999859,"failureMessages":[],"meta":{}},{"ancestorTitles":["Access Control","isProtectedAgent"],"fullName":"Access Control isProtectedAgent returns true for hierarchical protected agents","status":"passed","title":"returns true for hierarchical protected agents","duration":0.04425000000000523,"failureMessages":[],"meta":{}},{"ancestorTitles":["Access Control","isProtectedAgent"],"fullName":"Access Control isProtectedAgent returns false for unknown agents","status":"passed","title":"returns false for unknown agents","duration":0.035415999999997894,"failureMessages":[],"meta":{}},{"ancestorTitles":["Access Control","canCallAgent"],"fullName":"Access Control canCallAgent allows Chief of Staff to call anyone","status":"passed","title":"allows Chief of Staff to call anyone","duration":0.059750000000008185,"failureMessages":[],"meta":{}},{"ancestorTitles":["Access Control","canCallAgent"],"fullName":"Access Control canCallAgent allows User to call anyone","status":"passed","title":"allows User to call anyone","duration":0.045958000000013044,"failureMessages":[],"meta":{}},{"ancestorTitles":["Access Control","canCallAgent"],"fullName":"Access Control canCallAgent prevents random agent from calling protected agent","status":"passed","title":"prevents random agent from calling protected agent","duration":0.10058399999999779,"failureMessages":[],"meta":{}},{"ancestorTitles":["Access Control","canCallAgent"],"fullName":"Access Control canCallAgent prevents random agent from calling protected sub-agent","status":"passed","title":"prevents random agent from calling protected sub-agent","duration":0.04145800000000577,"failureMessages":[],"meta":{}},{"ancestorTitles":["Access Control","canCallAgent"],"fullName":"Access Control canCallAgent allows calling non-protected agents","status":"passed","title":"allows calling non-protected agents","duration":0.03408300000000963,"failureMessages":[],"meta":{}},{"ancestorTitles":["Access Control","canCallAgent"],"fullName":"Access Control canCallAgent allows user to call native agents","status":"passed","title":"allows user to call native agents","duration":0.02816699999999628,"failureMessages":[],"meta":{}}],"startTime":1767319184570,"endTime":1767319184572.0415,"status":"passed","message":"","name":"/Users/bangedorrunt/workspace/opencode-addons/src/orchestrator/access-control.test.ts"},{"assertionResults":[{"ancestorTitles":["CheckpointManager","initialize"],"fullName":"CheckpointManager initialize should initialize the stream","status":"passed","title":"should initialize the stream","duration":1.6741250000000036,"failureMessages":[],"meta":{}},{"ancestorTitles":["CheckpointManager","requestCheckpoint"],"fullName":"CheckpointManager requestCheckpoint should request a checkpoint from the stream","status":"passed","title":"should request a checkpoint from the stream","duration":0.8996670000000222,"failureMessages":[],"meta":{}},{"ancestorTitles":["CheckpointManager","requestCheckpoint"],"fullName":"CheckpointManager requestCheckpoint should timeout checkpoint if timeoutMs is provided","status":"passed","title":"should timeout checkpoint if timeoutMs is provided","duration":3.126875000000041,"failureMessages":[],"meta":{}},{"ancestorTitles":["CheckpointManager","approveCheckpoint"],"fullName":"CheckpointManager approveCheckpoint should approve a checkpoint","status":"passed","title":"should approve a checkpoint","duration":0.25325000000003683,"failureMessages":[],"meta":{}},{"ancestorTitles":["CheckpointManager","rejectCheckpoint"],"fullName":"CheckpointManager rejectCheckpoint should reject a checkpoint with reason","status":"passed","title":"should reject a checkpoint with reason","duration":0.18808400000000347,"failureMessages":[],"meta":{}},{"ancestorTitles":["CheckpointManager","getPendingCheckpoints"],"fullName":"CheckpointManager getPendingCheckpoints should return pending checkpoints from stream","status":"passed","title":"should return pending checkpoints from stream","duration":0.2955000000000041,"failureMessages":[],"meta":{}},{"ancestorTitles":["CHECKPOINT_TEMPLATES","strategyValidation"],"fullName":"CHECKPOINT_TEMPLATES strategyValidation should create a strategy validation checkpoint","status":"passed","title":"should create a strategy validation checkpoint","duration":0.33312499999999545,"failureMessages":[],"meta":{}},{"ancestorTitles":["CHECKPOINT_TEMPLATES","codeReview"],"fullName":"CHECKPOINT_TEMPLATES codeReview should create a code review checkpoint","status":"passed","title":"should create a code review checkpoint","duration":0.09358299999996689,"failureMessages":[],"meta":{}},{"ancestorTitles":["CHECKPOINT_TEMPLATES","dangerousOperation"],"fullName":"CHECKPOINT_TEMPLATES dangerousOperation should create a dangerous operation checkpoint","status":"passed","title":"should create a dangerous operation checkpoint","duration":0.15991599999995287,"failureMessages":[],"meta":{}},{"ancestorTitles":["CHECKPOINT_TEMPLATES","designDecision"],"fullName":"CHECKPOINT_TEMPLATES designDecision should create a design decision checkpoint","status":"passed","title":"should create a design decision checkpoint","duration":0.09170800000003965,"failureMessages":[],"meta":{}},{"ancestorTitles":["CHECKPOINT_TEMPLATES","epicCompletion"],"fullName":"CHECKPOINT_TEMPLATES epicCompletion should create an epic completion checkpoint","status":"passed","title":"should create an epic completion checkpoint","duration":0.07200000000000273,"failureMessages":[],"meta":{}},{"ancestorTitles":["createCheckpointWorkflow"],"fullName":"createCheckpointWorkflow should create a workflow that handles checkpoint results","status":"passed","title":"should create a workflow that handles checkpoint results","duration":0.3551249999999868,"failureMessages":[],"meta":{}},{"ancestorTitles":["createCheckpointWorkflow"],"fullName":"createCheckpointWorkflow should call onRejected when checkpoint is rejected","status":"passed","title":"should call onRejected when checkpoint is rejected","duration":0.10608400000000984,"failureMessages":[],"meta":{}}],"startTime":1767319184328,"endTime":1767319184336.1062,"status":"passed","message":"","name":"/Users/bangedorrunt/workspace/opencode-addons/src/orchestrator/checkpoint.test.ts"},{"assertionResults":[{"ancestorTitles":["extractDialogueState","Strategy 1: Direct JSON parse"],"fullName":"extractDialogueState Strategy 1: Direct JSON parse should extract dialogue_state from a valid JSON object","status":"passed","title":"should extract dialogue_state from a valid JSON object","duration":1.3716249999999945,"failureMessages":[],"meta":{}},{"ancestorTitles":["extractDialogueState","Strategy 1: Direct JSON parse"],"fullName":"extractDialogueState Strategy 1: Direct JSON parse should recognize standalone dialogue_state object","status":"passed","title":"should recognize standalone dialogue_state object","duration":0.19637499999998909,"failureMessages":[],"meta":{}},{"ancestorTitles":["extractDialogueState","Strategy 1: Direct JSON parse"],"fullName":"extractDialogueState Strategy 1: Direct JSON parse should return null for JSON without blocking status","status":"passed","title":"should return null for JSON without blocking status","duration":0.15024999999999977,"failureMessages":[],"meta":{}},{"ancestorTitles":["extractDialogueState","Strategy 2: Markdown code blocks"],"fullName":"extractDialogueState Strategy 2: Markdown code blocks should extract from json code block","status":"passed","title":"should extract from json code block","duration":0.147625000000005,"failureMessages":[],"meta":{}},{"ancestorTitles":["extractDialogueState","Strategy 2: Markdown code blocks"],"fullName":"extractDialogueState Strategy 2: Markdown code blocks should extract from unlabeled code block","status":"passed","title":"should extract from unlabeled code block","duration":0.07099999999999795,"failureMessages":[],"meta":{}},{"ancestorTitles":["extractDialogueState","Strategy 2: Markdown code blocks"],"fullName":"extractDialogueState Strategy 2: Markdown code blocks should try multiple code blocks until one matches","status":"passed","title":"should try multiple code blocks until one matches","duration":0.06908300000000622,"failureMessages":[],"meta":{}},{"ancestorTitles":["extractDialogueState","Strategy 3: Regex extraction"],"fullName":"extractDialogueState Strategy 3: Regex extraction should extract embedded dialogue_state from prose","status":"passed","title":"should extract embedded dialogue_state from prose","duration":0.08599999999998431,"failureMessages":[],"meta":{}},{"ancestorTitles":["extractDialogueState","Edge cases"],"fullName":"extractDialogueState Edge cases should return null for empty string","status":"passed","title":"should return null for empty string","duration":0.03216599999998948,"failureMessages":[],"meta":{}},{"ancestorTitles":["extractDialogueState","Edge cases"],"fullName":"extractDialogueState Edge cases should return null for null input","status":"passed","title":"should return null for null input","duration":0.03816599999998971,"failureMessages":[],"meta":{}},{"ancestorTitles":["extractDialogueState","Edge cases"],"fullName":"extractDialogueState Edge cases should return null for undefined input","status":"passed","title":"should return null for undefined input","duration":0.046750000000002956,"failureMessages":[],"meta":{}},{"ancestorTitles":["extractDialogueState","Edge cases"],"fullName":"extractDialogueState Edge cases should return null for plain text without JSON","status":"passed","title":"should return null for plain text without JSON","duration":0.043666999999999234,"failureMessages":[],"meta":{}},{"ancestorTitles":["extractDialogueState","Edge cases"],"fullName":"extractDialogueState Edge cases should return null for malformed JSON","status":"passed","title":"should return null for malformed JSON","duration":0.039292000000017424,"failureMessages":[],"meta":{}},{"ancestorTitles":["extractDialogueState","Blocking status recognition"],"fullName":"extractDialogueState Blocking status recognition should recognize needs_input as blocking","status":"passed","title":"should recognize needs_input as blocking","duration":0.07195900000002098,"failureMessages":[],"meta":{}},{"ancestorTitles":["extractDialogueState","Blocking status recognition"],"fullName":"extractDialogueState Blocking status recognition should recognize needs_approval as blocking","status":"passed","title":"should recognize needs_approval as blocking","duration":0.028250000000014097,"failureMessages":[],"meta":{}},{"ancestorTitles":["extractDialogueState","Blocking status recognition"],"fullName":"extractDialogueState Blocking status recognition should recognize needs_verification as blocking","status":"passed","title":"should recognize needs_verification as blocking","duration":0.02549999999999386,"failureMessages":[],"meta":{}},{"ancestorTitles":["extractDialogueState","Blocking status recognition"],"fullName":"extractDialogueState Blocking status recognition should NOT recognize approved as blocking","status":"passed","title":"should NOT recognize approved as blocking","duration":0.025624999999990905,"failureMessages":[],"meta":{}},{"ancestorTitles":["extractDialogueState","Blocking status recognition"],"fullName":"extractDialogueState Blocking status recognition should NOT recognize completed as blocking","status":"passed","title":"should NOT recognize completed as blocking","duration":0.027665999999982205,"failureMessages":[],"meta":{}}],"startTime":1767319184565,"endTime":1767319184568.072,"status":"passed","message":"","name":"/Users/bangedorrunt/workspace/opencode-addons/src/orchestrator/dialogue-utils.test.ts"},{"assertionResults":[{"ancestorTitles":["EventDrivenLedger","initialize"],"fullName":"EventDrivenLedger initialize should initialize the stream on first call","status":"passed","title":"should initialize the stream on first call","duration":2.079666999999972,"failureMessages":[],"meta":{}},{"ancestorTitles":["EventDrivenLedger","initialize"],"fullName":"EventDrivenLedger initialize should not reinitialize if already initialized","status":"passed","title":"should not reinitialize if already initialized","duration":0.2958749999999668,"failureMessages":[],"meta":{}},{"ancestorTitles":["EventDrivenLedger","emit"],"fullName":"EventDrivenLedger emit should emit event to stream","status":"passed","title":"should emit event to stream","duration":0.2571249999999736,"failureMessages":[],"meta":{}},{"ancestorTitles":["EventDrivenLedger","emit"],"fullName":"EventDrivenLedger emit should not emit if emitEvents is disabled","status":"passed","title":"should not emit if emitEvents is disabled","duration":21.264333000000022,"failureMessages":[],"meta":{}},{"ancestorTitles":["EventDrivenLedger","getEventHistory"],"fullName":"EventDrivenLedger getEventHistory should return event history","status":"passed","title":"should return event history","duration":0.5073750000000246,"failureMessages":[],"meta":{}},{"ancestorTitles":["EventDrivenLedger","getActiveIntents"],"fullName":"EventDrivenLedger getActiveIntents should return active intents from stream","status":"passed","title":"should return active intents from stream","duration":0.23162500000000819,"failureMessages":[],"meta":{}},{"ancestorTitles":["EventDrivenLedger","getPendingCheckpoints"],"fullName":"EventDrivenLedger getPendingCheckpoints should return pending checkpoints from stream","status":"passed","title":"should return pending checkpoints from stream","duration":0.21487500000000637,"failureMessages":[],"meta":{}},{"ancestorTitles":["createLedgerEventHandlers","onEpicCreated"],"fullName":"createLedgerEventHandlers onEpicCreated should emit epic created event","status":"passed","title":"should emit epic created event","duration":0.89387499999998,"failureMessages":[],"meta":{}},{"ancestorTitles":["createLedgerEventHandlers","onTaskCreated"],"fullName":"createLedgerEventHandlers onTaskCreated should emit task created event","status":"passed","title":"should emit task created event","duration":0.17849999999998545,"failureMessages":[],"meta":{}},{"ancestorTitles":["createLedgerEventHandlers","onTaskCompleted"],"fullName":"createLedgerEventHandlers onTaskCompleted should emit task completed event","status":"passed","title":"should emit task completed event","duration":0.1518750000000182,"failureMessages":[],"meta":{}},{"ancestorTitles":["createLedgerEventHandlers","onTaskFailed"],"fullName":"createLedgerEventHandlers onTaskFailed should emit task failed event","status":"passed","title":"should emit task failed event","duration":0.11608300000000327,"failureMessages":[],"meta":{}},{"ancestorTitles":["createLedgerEventHandlers","onDirectiveAdded"],"fullName":"createLedgerEventHandlers onDirectiveAdded should emit directive added event","status":"passed","title":"should emit directive added event","duration":0.09591699999998582,"failureMessages":[],"meta":{}},{"ancestorTitles":["createLedgerEventHandlers","onAssumptionAdded"],"fullName":"createLedgerEventHandlers onAssumptionAdded should emit assumption added event","status":"passed","title":"should emit assumption added event","duration":0.09537499999999,"failureMessages":[],"meta":{}},{"ancestorTitles":["createLedgerEventHandlers","onLearningExtracted"],"fullName":"createLedgerEventHandlers onLearningExtracted should emit learning extracted event","status":"passed","title":"should emit learning extracted event","duration":0.08741700000001629,"failureMessages":[],"meta":{}}],"startTime":1767319184328,"endTime":1767319184355.0955,"status":"passed","message":"","name":"/Users/bangedorrunt/workspace/opencode-addons/src/orchestrator/event-driven-ledger.test.ts"},{"assertionResults":[{"ancestorTitles":["LearningExtractor","initialize"],"fullName":"LearningExtractor initialize should initialize the stream","status":"passed","title":"should initialize the stream","duration":2.466540999999978,"failureMessages":[],"meta":{}},{"ancestorTitles":["LearningExtractor","extractFromSession"],"fullName":"LearningExtractor extractFromSession should extract learnings from session events","status":"passed","title":"should extract learnings from session events","duration":1.0070420000000126,"failureMessages":[],"meta":{}},{"ancestorTitles":["LearningExtractor","extractFromSession"],"fullName":"LearningExtractor extractFromSession should extract corrections from events","status":"passed","title":"should extract corrections from events","duration":0.3732909999999947,"failureMessages":[],"meta":{}},{"ancestorTitles":["LearningExtractor","extractFromSession"],"fullName":"LearningExtractor extractFromSession should extract anti-patterns from failed agents","status":"passed","title":"should extract anti-patterns from failed agents","duration":0.34412499999999113,"failureMessages":[],"meta":{}},{"ancestorTitles":["LearningExtractor","extractFromSession"],"fullName":"LearningExtractor extractFromSession should extract preferences from approved checkpoints","status":"passed","title":"should extract preferences from approved checkpoints","duration":0.15000000000000568,"failureMessages":[],"meta":{}},{"ancestorTitles":["LearningExtractor","extractFromEvents"],"fullName":"LearningExtractor extractFromEvents should extract learnings from raw events array","status":"passed","title":"should extract learnings from raw events array","duration":0.12991699999997763,"failureMessages":[],"meta":{}},{"ancestorTitles":["LearningExtractor","startRealTimeExtraction"],"fullName":"LearningExtractor startRealTimeExtraction should subscribe to stream events","status":"passed","title":"should subscribe to stream events","duration":0.15245799999999576,"failureMessages":[],"meta":{}},{"ancestorTitles":["LearningExtractor","startRealTimeExtraction"],"fullName":"LearningExtractor startRealTimeExtraction should call handler when learning is extracted","status":"passed","title":"should call handler when learning is extracted","duration":0.6662080000000117,"failureMessages":[],"meta":{}},{"ancestorTitles":["LearningExtractor","stopRealTimeExtraction"],"fullName":"LearningExtractor stopRealTimeExtraction should stop real-time extraction","status":"passed","title":"should stop real-time extraction","duration":0.5139169999999922,"failureMessages":[],"meta":{}},{"ancestorTitles":["LearningExtractor","getExtractedLearnings"],"fullName":"LearningExtractor getExtractedLearnings should return extracted learnings","status":"passed","title":"should return extracted learnings","duration":0.21820800000000418,"failureMessages":[],"meta":{}},{"ancestorTitles":["LearningExtractor","clearLearnings"],"fullName":"LearningExtractor clearLearnings should clear extracted learnings","status":"passed","title":"should clear extracted learnings","duration":0.1382080000000201,"failureMessages":[],"meta":{}},{"ancestorTitles":["LearningExtractor","confidence filtering"],"fullName":"LearningExtractor confidence filtering should filter out learnings below minConfidence","status":"passed","title":"should filter out learnings below minConfidence","duration":0.13941700000000878,"failureMessages":[],"meta":{}},{"ancestorTitles":["LearningExtractor","confidence filtering"],"fullName":"LearningExtractor confidence filtering should respect maxLearnings limit","status":"passed","title":"should respect maxLearnings limit","duration":0.20699999999999363,"failureMessages":[],"meta":{}}],"startTime":1767319184532,"endTime":1767319184538.2183,"status":"passed","message":"","name":"/Users/bangedorrunt/workspace/opencode-addons/src/orchestrator/learning-extractor.test.ts"},{"assertionResults":[{"ancestorTitles":["Learning Extraction","extractLearningsFromResult"],"fullName":"Learning Extraction extractLearningsFromResult should extract pattern from \"Use X for Y\"","status":"passed","title":"should extract pattern from \"Use X for Y\"","duration":0.7645410000000084,"failureMessages":[],"meta":{}},{"ancestorTitles":["Learning Extraction","extractLearningsFromResult"],"fullName":"Learning Extraction extractLearningsFromResult should extract anti-pattern from \"Don't use X\"","status":"passed","title":"should extract anti-pattern from \"Don't use X\"","duration":0.11179199999997991,"failureMessages":[],"meta":{}},{"ancestorTitles":["Learning Extraction","extractLearningsFromResult"],"fullName":"Learning Extraction extractLearningsFromResult should extract decision from \"Chose X over Y\"","status":"passed","title":"should extract decision from \"Chose X over Y\"","duration":0.059540999999967426,"failureMessages":[],"meta":{}},{"ancestorTitles":["Learning Extraction","extractLearningsFromResult"],"fullName":"Learning Extraction extractLearningsFromResult should extract pattern from \"X works well\"","status":"passed","title":"should extract pattern from \"X works well\"","duration":0.06625000000002501,"failureMessages":[],"meta":{}},{"ancestorTitles":["Learning Extraction","extractLearningsFromResult"],"fullName":"Learning Extraction extractLearningsFromResult should extract anti-pattern from \"X causes Y\"","status":"passed","title":"should extract anti-pattern from \"X causes Y\"","duration":0.0483340000000112,"failureMessages":[],"meta":{}},{"ancestorTitles":["Learning Extraction","extractLearningsFromResult"],"fullName":"Learning Extraction extractLearningsFromResult should return empty for no recognizable patterns","status":"passed","title":"should return empty for no recognizable patterns","duration":0.04970900000000711,"failureMessages":[],"meta":{}},{"ancestorTitles":["Session Lifecycle Hooks","onSessionStart"],"fullName":"Session Lifecycle Hooks onSessionStart should return active epic info","status":"passed","title":"should return active epic info","duration":0.8818749999999795,"failureMessages":[],"meta":{}},{"ancestorTitles":["Session Lifecycle Hooks","onSessionStart"],"fullName":"Session Lifecycle Hooks onSessionStart should include recent learnings","status":"passed","title":"should include recent learnings","duration":0.5146670000000313,"failureMessages":[],"meta":{}},{"ancestorTitles":["Session Lifecycle Hooks","onTaskComplete"],"fullName":"Session Lifecycle Hooks onTaskComplete should update task status in ledger","status":"passed","title":"should update task status in ledger","duration":0.7973329999999805,"failureMessages":[],"meta":{}},{"ancestorTitles":["Session Lifecycle Hooks","onPreCompact"],"fullName":"Session Lifecycle Hooks onPreCompact should create handoff message","status":"passed","title":"should create handoff message","duration":0.3845410000000129,"failureMessages":[],"meta":{}},{"ancestorTitles":["Session Lifecycle Hooks","onSessionEnd"],"fullName":"Session Lifecycle Hooks onSessionEnd should archive epic on success","status":"passed","title":"should archive epic on success","duration":0.24404200000003584,"failureMessages":[],"meta":{}},{"ancestorTitles":["Format Session Context"],"fullName":"Format Session Context should format session start result as context","status":"passed","title":"should format session start result as context","duration":0.11358300000000554,"failureMessages":[],"meta":{}},{"ancestorTitles":["Format Session Context"],"fullName":"Format Session Context should indicate no active epic","status":"passed","title":"should indicate no active epic","duration":0.037499999999965894,"failureMessages":[],"meta":{}}],"startTime":1767319184314,"endTime":1767319184318.2441,"status":"passed","message":"","name":"/Users/bangedorrunt/workspace/opencode-addons/src/orchestrator/ledger-hooks.test.ts"},{"assertionResults":[{"ancestorTitles":["Ledger Core Operations","createEpic"],"fullName":"Ledger Core Operations createEpic should create a new epic with unique ID","status":"passed","title":"should create a new epic with unique ID","duration":2.142417000000023,"failureMessages":[],"meta":{}},{"ancestorTitles":["Ledger Core Operations","createEpic"],"fullName":"Ledger Core Operations createEpic should throw if epic already exists","status":"passed","title":"should throw if epic already exists","duration":0.4127080000000092,"failureMessages":[],"meta":{}},{"ancestorTitles":["Ledger Core Operations","createEpic"],"fullName":"Ledger Core Operations createEpic should update meta phase to DECOMPOSITION","status":"passed","title":"should update meta phase to DECOMPOSITION","duration":0.10420800000002828,"failureMessages":[],"meta":{}},{"ancestorTitles":["Ledger Core Operations","createTask"],"fullName":"Ledger Core Operations createTask should create a task within epic","status":"passed","title":"should create a task within epic","duration":0.268333000000041,"failureMessages":[],"meta":{}},{"ancestorTitles":["Ledger Core Operations","createTask"],"fullName":"Ledger Core Operations createTask should create multiple tasks with sequential IDs","status":"passed","title":"should create multiple tasks with sequential IDs","duration":0.2919170000000122,"failureMessages":[],"meta":{}},{"ancestorTitles":["Ledger Core Operations","createTask"],"fullName":"Ledger Core Operations createTask should throw if no active epic","status":"passed","title":"should throw if no active epic","duration":0.13987500000001774,"failureMessages":[],"meta":{}},{"ancestorTitles":["Ledger Core Operations","createTask"],"fullName":"Ledger Core Operations createTask should throw if max tasks reached","status":"passed","title":"should throw if max tasks reached","duration":0.17445800000001555,"failureMessages":[],"meta":{}},{"ancestorTitles":["Ledger Core Operations","createTask"],"fullName":"Ledger Core Operations createTask should support dependencies","status":"passed","title":"should support dependencies","duration":0.23674999999997226,"failureMessages":[],"meta":{}},{"ancestorTitles":["Ledger Core Operations","updateTaskStatus"],"fullName":"Ledger Core Operations updateTaskStatus should update task status to running","status":"passed","title":"should update task status to running","duration":0.18370799999996734,"failureMessages":[],"meta":{}},{"ancestorTitles":["Ledger Core Operations","updateTaskStatus"],"fullName":"Ledger Core Operations updateTaskStatus should update task status to completed with result","status":"passed","title":"should update task status to completed with result","duration":0.14416599999998425,"failureMessages":[],"meta":{}},{"ancestorTitles":["Ledger Core Operations","updateTaskStatus"],"fullName":"Ledger Core Operations updateTaskStatus should update task status to failed with error","status":"passed","title":"should update task status to failed with error","duration":0.10416600000002063,"failureMessages":[],"meta":{}},{"ancestorTitles":["Ledger Core Operations","updateTaskStatus"],"fullName":"Ledger Core Operations updateTaskStatus should update meta tasksCompleted","status":"passed","title":"should update meta tasksCompleted","duration":0.07875000000001364,"failureMessages":[],"meta":{}},{"ancestorTitles":["Ledger Core Operations","addLearning"],"fullName":"Ledger Core Operations addLearning should add pattern learning","status":"passed","title":"should add pattern learning","duration":0.11520899999999301,"failureMessages":[],"meta":{}},{"ancestorTitles":["Ledger Core Operations","addLearning"],"fullName":"Ledger Core Operations addLearning should add anti-pattern learning","status":"passed","title":"should add anti-pattern learning","duration":0.08249999999998181,"failureMessages":[],"meta":{}},{"ancestorTitles":["Ledger Core Operations","addLearning"],"fullName":"Ledger Core Operations addLearning should add decision learning","status":"passed","title":"should add decision learning","duration":0.07049999999998136,"failureMessages":[],"meta":{}},{"ancestorTitles":["Ledger Core Operations","addLearning"],"fullName":"Ledger Core Operations addLearning should add preference learning","status":"passed","title":"should add preference learning","duration":0.06283299999995506,"failureMessages":[],"meta":{}},{"ancestorTitles":["Ledger Core Operations","surfaceLearnings"],"fullName":"Ledger Core Operations surfaceLearnings should return recent learnings","status":"passed","title":"should return recent learnings","duration":0.16862500000002,"failureMessages":[],"meta":{}},{"ancestorTitles":["Ledger Core Operations","surfaceLearnings"],"fullName":"Ledger Core Operations surfaceLearnings should respect limit parameter","status":"passed","title":"should respect limit parameter","duration":0.09541600000000017,"failureMessages":[],"meta":{}},{"ancestorTitles":["Ledger Markdown Parser"],"fullName":"Ledger Markdown Parser should parse empty ledger","status":"passed","title":"should parse empty ledger","duration":0.24808400000000574,"failureMessages":[],"meta":{}},{"ancestorTitles":["Ledger Markdown Parser"],"fullName":"Ledger Markdown Parser should parse ledger with epic and tasks","status":"passed","title":"should parse ledger with epic and tasks","duration":0.1054589999999962,"failureMessages":[],"meta":{}},{"ancestorTitles":["Ledger Markdown Renderer"],"fullName":"Ledger Markdown Renderer should render ledger to markdown","status":"passed","title":"should render ledger to markdown","duration":0.24750000000000227,"failureMessages":[],"meta":{}},{"ancestorTitles":["Ledger Markdown Renderer"],"fullName":"Ledger Markdown Renderer should render learnings section","status":"passed","title":"should render learnings section","duration":0.06516600000003336,"failureMessages":[],"meta":{}},{"ancestorTitles":["Epic Operations","archiveEpic"],"fullName":"Epic Operations archiveEpic should archive completed epic","status":"passed","title":"should archive completed epic","duration":0.16587499999997135,"failureMessages":[],"meta":{}},{"ancestorTitles":["Epic Operations","archiveEpic"],"fullName":"Epic Operations archiveEpic should limit archive to 5 entries","status":"passed","title":"should limit archive to 5 entries","duration":0.21183299999995597,"failureMessages":[],"meta":{}},{"ancestorTitles":["Epic Operations","getProgress"],"fullName":"Epic Operations getProgress should return progress percentage","status":"passed","title":"should return progress percentage","duration":0.1323749999999677,"failureMessages":[],"meta":{}},{"ancestorTitles":["Epic Operations","getProgress"],"fullName":"Epic Operations getProgress should return N/A for no tasks","status":"passed","title":"should return N/A for no tasks","duration":0.07224999999999682,"failureMessages":[],"meta":{}},{"ancestorTitles":["Epic Operations","createHandoff"],"fullName":"Epic Operations createHandoff should create handoff section","status":"passed","title":"should create handoff section","duration":0.1462500000000091,"failureMessages":[],"meta":{}}],"startTime":1767319184314,"endTime":1767319184320.212,"status":"passed","message":"","name":"/Users/bangedorrunt/workspace/opencode-addons/src/orchestrator/ledger.test.ts"},{"assertionResults":[{"ancestorTitles":["TaskObserver","start/stop"],"fullName":"TaskObserver start/stop should start and stop observation","status":"passed","title":"should start and stop observation","duration":2.766124999999988,"failureMessages":[],"meta":{}},{"ancestorTitles":["TaskObserver","checkNow"],"fullName":"TaskObserver checkNow should perform a observation check","status":"passed","title":"should perform a observation check","duration":0.35149999999998727,"failureMessages":[],"meta":{}},{"ancestorTitles":["TaskObserver","timeout handling"],"fullName":"TaskObserver timeout handling should detect and retry timed-out tasks","status":"passed","title":"should detect and retry timed-out tasks","duration":103.45304200000004,"failureMessages":[],"meta":{}},{"ancestorTitles":["TaskObserver","timeout handling"],"fullName":"TaskObserver timeout handling should mark as failed after max retries","status":"passed","title":"should mark as failed after max retries","duration":110.09500000000003,"failureMessages":[],"meta":{}},{"ancestorTitles":["TaskObserver","stuck task handling"],"fullName":"TaskObserver stuck task handling should detect stuck tasks with stale heartbeats","status":"passed","title":"should detect stuck tasks with stale heartbeats","duration":102.80670899999996,"failureMessages":[],"meta":{}},{"ancestorTitles":["TaskObserver","completion detection"],"fullName":"TaskObserver completion detection should fetch result when session is idle","status":"passed","title":"should fetch result when session is idle","duration":4.08404100000007,"failureMessages":[],"meta":{}},{"ancestorTitles":["TaskObserver","stats"],"fullName":"TaskObserver stats should track observation statistics","status":"passed","title":"should track observation statistics","duration":0.23916700000006585,"failureMessages":[],"meta":{}},{"ancestorTitles":["Singleton Functions"],"fullName":"Singleton Functions getTaskObserver should return singleton instance","status":"passed","title":"getTaskObserver should return singleton instance","duration":0.20337500000005093,"failureMessages":[],"meta":{}}],"startTime":1767319184334,"endTime":1767319184658.2393,"status":"passed","message":"","name":"/Users/bangedorrunt/workspace/opencode-addons/src/orchestrator/observer.test.ts"},{"assertionResults":[{"ancestorTitles":["Session Coordination - waitForSessionCompletion"],"fullName":"Session Coordination - waitForSessionCompletion should resolve immediately if event is already in history (Race Condition Fix)","status":"passed","title":"should resolve immediately if event is already in history (Race Condition Fix)","duration":28.732541999999967,"failureMessages":[],"meta":{}},{"ancestorTitles":["Session Coordination - waitForSessionCompletion"],"fullName":"Session Coordination - waitForSessionCompletion should resolve when event is emitted after waiting (Event Subscription)","status":"passed","title":"should resolve when event is emitted after waiting (Event Subscription)","duration":64.32566700000007,"failureMessages":[],"meta":{}},{"ancestorTitles":["Session Coordination - waitForSessionCompletion"],"fullName":"Session Coordination - waitForSessionCompletion should handle failure events correctly","status":"passed","title":"should handle failure events correctly","duration":52.52812499999993,"failureMessages":[],"meta":{}},{"ancestorTitles":["Session Coordination - waitForSessionCompletion"],"fullName":"Session Coordination - waitForSessionCompletion should timeout if no event is received","status":"passed","title":"should timeout if no event is received","duration":101.91929200000004,"failureMessages":[],"meta":{}},{"ancestorTitles":["Session Coordination - waitForSessionCompletion"],"fullName":"Session Coordination - waitForSessionCompletion should resolve on lifecycle.session.idle and fetch result","status":"passed","title":"should resolve on lifecycle.session.idle and fetch result","duration":53.92483399999992,"failureMessages":[],"meta":{}}],"startTime":1767319184683,"endTime":1767319184984.9248,"status":"passed","message":"","name":"/Users/bangedorrunt/workspace/opencode-addons/src/orchestrator/session-coordination.test.ts"},{"assertionResults":[{"ancestorTitles":["SignalBuffer"],"fullName":"SignalBuffer should enqueue and check signals","status":"passed","title":"should enqueue and check signals","duration":1.3832499999999754,"failureMessages":[],"meta":{}},{"ancestorTitles":["SignalBuffer"],"fullName":"SignalBuffer should flush signals in FIFO order","status":"passed","title":"should flush signals in FIFO order","duration":0.31212500000000887,"failureMessages":[],"meta":{}},{"ancestorTitles":["SignalBuffer"],"fullName":"SignalBuffer should handle multiple sessions independently","status":"passed","title":"should handle multiple sessions independently","duration":0.21104200000002038,"failureMessages":[],"meta":{}}],"startTime":1767319184570,"endTime":1767319184572.312,"status":"passed","message":"","name":"/Users/bangedorrunt/workspace/opencode-addons/src/orchestrator/signal-buffer.test.ts"},{"assertionResults":[{"ancestorTitles":["Skill Agent Resolution Logic"],"fullName":"Skill Agent Resolution Logic should resolve agent using exact name","status":"passed","title":"should resolve agent using exact name","duration":0.742999999999995,"failureMessages":[],"meta":{}},{"ancestorTitles":["Skill Agent Resolution Logic"],"fullName":"Skill Agent Resolution Logic should resolve agent with chief-of-staff prefix if not provided","status":"passed","title":"should resolve agent with chief-of-staff prefix if not provided","duration":0.10495900000000802,"failureMessages":[],"meta":{}},{"ancestorTitles":["Skill Agent Resolution Logic"],"fullName":"Skill Agent Resolution Logic should resolve agent with skill_name prefix","status":"passed","title":"should resolve agent with skill_name prefix","duration":0.07687500000000114,"failureMessages":[],"meta":{}},{"ancestorTitles":["Skill Agent Resolution Logic"],"fullName":"Skill Agent Resolution Logic should fallback to Explore if agent not found","status":"passed","title":"should fallback to Explore if agent not found","duration":0.07370799999998212,"failureMessages":[],"meta":{}},{"ancestorTitles":["Skill Agent Resolution Logic"],"fullName":"Skill Agent Resolution Logic should fallback to General if Explore not found","status":"passed","title":"should fallback to General if Explore not found","duration":0.0810419999999965,"failureMessages":[],"meta":{}},{"ancestorTitles":["Skill Agent Resolution Logic"],"fullName":"Skill Agent Resolution Logic should prioritize skill_name over chief-of-staff default even if CoS matches","status":"passed","title":"should prioritize skill_name over chief-of-staff default even if CoS matches","duration":0.06545799999997826,"failureMessages":[],"meta":{}},{"ancestorTitles":["Skill Agent Resolution Logic"],"fullName":"Skill Agent Resolution Logic should return null if no agent or fallback exists","status":"passed","title":"should return null if no agent or fallback exists","duration":0.06220899999999574,"failureMessages":[],"meta":{}},{"ancestorTitles":["Skill Agent Resolution Logic"],"fullName":"Skill Agent Resolution Logic should list all agents uniquely and sorted","status":"passed","title":"should list all agents uniquely and sorted","duration":0.3003750000000025,"failureMessages":[],"meta":{}}],"startTime":1767319184763,"endTime":1767319184765.3003,"status":"passed","message":"","name":"/Users/bangedorrunt/workspace/opencode-addons/src/orchestrator/skill-agent-resolution.test.ts"},{"assertionResults":[{"ancestorTitles":["TaskRegistry","register"],"fullName":"TaskRegistry register should register a new task with pending status","status":"passed","title":"should register a new task with pending status","duration":1.2557500000000346,"failureMessages":[],"meta":{}},{"ancestorTitles":["TaskRegistry","register"],"fullName":"TaskRegistry register should use ledgerTaskId as task ID if provided","status":"passed","title":"should use ledgerTaskId as task ID if provided","duration":0.14141700000004676,"failureMessages":[],"meta":{}},{"ancestorTitles":["TaskRegistry","updateStatus"],"fullName":"TaskRegistry updateStatus should update task status","status":"passed","title":"should update task status","duration":0.23729100000002745,"failureMessages":[],"meta":{}},{"ancestorTitles":["TaskRegistry","updateStatus"],"fullName":"TaskRegistry updateStatus should set startedAt when status changes to running","status":"passed","title":"should set startedAt when status changes to running","duration":0.12341599999996333,"failureMessages":[],"meta":{}},{"ancestorTitles":["TaskRegistry","heartbeat"],"fullName":"TaskRegistry heartbeat should update lastHeartbeat timestamp","status":"passed","title":"should update lastHeartbeat timestamp","duration":0.1279999999999859,"failureMessages":[],"meta":{}},{"ancestorTitles":["TaskRegistry","getTimedOutTasks"],"fullName":"TaskRegistry getTimedOutTasks should return tasks that exceeded timeout","status":"passed","title":"should return tasks that exceeded timeout","duration":155.23429099999998,"failureMessages":[],"meta":{}},{"ancestorTitles":["TaskRegistry","getTimedOutTasks"],"fullName":"TaskRegistry getTimedOutTasks should not return non-running tasks","status":"passed","title":"should not return non-running tasks","duration":151.99849999999998,"failureMessages":[],"meta":{}},{"ancestorTitles":["TaskRegistry","getStuckTasks"],"fullName":"TaskRegistry getStuckTasks should return tasks with stale heartbeats","status":"passed","title":"should return tasks with stale heartbeats","duration":101.98374999999999,"failureMessages":[],"meta":{}},{"ancestorTitles":["TaskRegistry","getStuckTasks"],"fullName":"TaskRegistry getStuckTasks should not return tasks with recent heartbeats","status":"passed","title":"should not return tasks with recent heartbeats","duration":0.31695799999999963,"failureMessages":[],"meta":{}},{"ancestorTitles":["TaskRegistry","incrementRetry"],"fullName":"TaskRegistry incrementRetry should increment retry count","status":"passed","title":"should increment retry count","duration":0.29416700000001583,"failureMessages":[],"meta":{}},{"ancestorTitles":["TaskRegistry","getSummary"],"fullName":"TaskRegistry getSummary should return correct summary statistics","status":"passed","title":"should return correct summary statistics","duration":0.21237500000006548,"failureMessages":[],"meta":{}},{"ancestorTitles":["TaskRegistry","cleanup"],"fullName":"TaskRegistry cleanup should remove old completed tasks","status":"passed","title":"should remove old completed tasks","duration":12.790166999999997,"failureMessages":[],"meta":{}},{"ancestorTitles":["Singleton Functions"],"fullName":"Singleton Functions getTaskRegistry should return singleton instance","status":"passed","title":"getTaskRegistry should return singleton instance","duration":0.10316699999998491,"failureMessages":[],"meta":{}},{"ancestorTitles":["Singleton Functions"],"fullName":"Singleton Functions resetTaskRegistry should clear the singleton","status":"passed","title":"resetTaskRegistry should clear the singleton","duration":1.1244580000000042,"failureMessages":[],"meta":{}}],"startTime":1767319184298,"endTime":1767319184725.1245,"status":"passed","message":"","name":"/Users/bangedorrunt/workspace/opencode-addons/src/orchestrator/task-registry.test.ts"},{"assertionResults":[{"ancestorTitles":["loadSkillAgents discovery and filtering"],"fullName":"loadSkillAgents discovery and filtering should NOT load root SKILL.md without agent: true","status":"passed","title":"should NOT load root SKILL.md without agent: true","duration":4.888374999999996,"failureMessages":[],"meta":{}},{"ancestorTitles":["loadSkillAgents discovery and filtering"],"fullName":"loadSkillAgents discovery and filtering should load root SKILL.md WITH agent: true","status":"passed","title":"should load root SKILL.md WITH agent: true","duration":1.7673340000000053,"failureMessages":[],"meta":{}},{"ancestorTitles":["loadSkillAgents discovery and filtering"],"fullName":"loadSkillAgents discovery and filtering should load nested agents regardless of agent: true flag","status":"passed","title":"should load nested agents regardless of agent: true flag","duration":2.015542000000039,"failureMessages":[],"meta":{}}],"startTime":1767319184297,"endTime":1767319184306.0156,"status":"passed","message":"","name":"/Users/bangedorrunt/workspace/opencode-addons/src/opencode/loader_discovery.test.ts"},{"assertionResults":[{"ancestorTitles":["loadConfig"],"fullName":"loadConfig should return default config when file does not exist","status":"passed","title":"should return default config when file does not exist","duration":1.3142500000000155,"failureMessages":[],"meta":{}},{"ancestorTitles":["loadConfig"],"fullName":"loadConfig should load and parse valid config file","status":"passed","title":"should load and parse valid config file","duration":0.883624999999995,"failureMessages":[],"meta":{}},{"ancestorTitles":["loadConfig"],"fullName":"loadConfig should return default config when JSON is invalid","status":"passed","title":"should return default config when JSON is invalid","duration":0.4616250000000264,"failureMessages":[],"meta":{}},{"ancestorTitles":["loadConfig"],"fullName":"loadConfig should return default config when missing required models section","status":"passed","title":"should return default config when missing required models section","duration":0.2668750000000273,"failureMessages":[],"meta":{}},{"ancestorTitles":["loadConfig"],"fullName":"loadConfig should return default config when models section is empty","status":"passed","title":"should return default config when models section is empty","duration":0.2351250000000391,"failureMessages":[],"meta":{}},{"ancestorTitles":["loadConfig"],"fullName":"loadConfig should handle file read errors gracefully","status":"passed","title":"should handle file read errors gracefully","duration":0.3648330000000328,"failureMessages":[],"meta":{}},{"ancestorTitles":["loadConfig"],"fullName":"loadConfig should support custom agent paths","status":"passed","title":"should support custom agent paths","duration":0.3170830000000251,"failureMessages":[],"meta":{}},{"ancestorTitles":["loadConfig"],"fullName":"loadConfig should preserve disable and forcedSkills fields from config file","status":"passed","title":"should preserve disable and forcedSkills fields from config file","duration":0.5499170000000504,"failureMessages":[],"meta":{}},{"ancestorTitles":["saveConfig"],"fullName":"saveConfig should save config to file","status":"passed","title":"should save config to file","duration":0.35275000000001455,"failureMessages":[],"meta":{}},{"ancestorTitles":["saveConfig"],"fullName":"saveConfig should create directory if it does not exist","status":"passed","title":"should create directory if it does not exist","duration":0.4005840000000376,"failureMessages":[],"meta":{}},{"ancestorTitles":["saveConfig"],"fullName":"saveConfig should throw on invalid config","status":"passed","title":"should throw on invalid config","duration":0.3595420000000331,"failureMessages":[],"meta":{}},{"ancestorTitles":["configExists"],"fullName":"configExists should return false when file does not exist","status":"passed","title":"should return false when file does not exist","duration":0.07950000000005275,"failureMessages":[],"meta":{}},{"ancestorTitles":["configExists"],"fullName":"configExists should return true when file exists","status":"passed","title":"should return true when file exists","duration":0.17504100000002154,"failureMessages":[],"meta":{}},{"ancestorTitles":["loadConfigWithValidation"],"fullName":"loadConfigWithValidation should return config and validation result","status":"passed","title":"should return config and validation result","duration":0.2765829999999596,"failureMessages":[],"meta":{}},{"ancestorTitles":["loadConfigWithValidation"],"fullName":"loadConfigWithValidation should return validation errors for invalid config","status":"passed","title":"should return validation errors for invalid config","duration":0.2589590000000044,"failureMessages":[],"meta":{}},{"ancestorTitles":["loadConfigWithValidation"],"fullName":"loadConfigWithValidation should return valid validation for default config when file missing","status":"passed","title":"should return valid validation for default config when file missing","duration":0.08100000000001728,"failureMessages":[],"meta":{}},{"ancestorTitles":["getConfigDir"],"fullName":"getConfigDir should return platform-specific config directory","status":"passed","title":"should return platform-specific config directory","duration":0.05704200000002402,"failureMessages":[],"meta":{}},{"ancestorTitles":["getConfigDir"],"fullName":"getConfigDir should include homedir","status":"passed","title":"should include homedir","duration":0.07875000000001364,"failureMessages":[],"meta":{}},{"ancestorTitles":["getConfigPath"],"fullName":"getConfigPath should return full path to config file","status":"passed","title":"should return full path to config file","duration":0.06433299999997644,"failureMessages":[],"meta":{}}],"startTime":1767319184302,"endTime":1767319184309.081,"status":"passed","message":"","name":"/Users/bangedorrunt/workspace/opencode-addons/src/opencode/config/loader.test.ts"},{"assertionResults":[{"ancestorTitles":["substituteModel","basic substitution"],"fullName":"substituteModel basic substitution should replace model line when override exists for planner","status":"passed","title":"should replace model line when override exists for planner","duration":0.6348749999999939,"failureMessages":[],"meta":{}},{"ancestorTitles":["substituteModel","basic substitution"],"fullName":"substituteModel basic substitution should replace model line when override exists for worker","status":"passed","title":"should replace model line when override exists for worker","duration":0.08499999999997954,"failureMessages":[],"meta":{}},{"ancestorTitles":["substituteModel","basic substitution"],"fullName":"substituteModel basic substitution should replace model line when override exists for researcher","status":"passed","title":"should replace model line when override exists for researcher","duration":0.06041700000000105,"failureMessages":[],"meta":{}},{"ancestorTitles":["substituteModel","no substitution"],"fullName":"substituteModel no substitution should return original prompt when no override exists for agent","status":"passed","title":"should return original prompt when no override exists for agent","duration":0.07774999999998045,"failureMessages":[],"meta":{}},{"ancestorTitles":["substituteModel","no substitution"],"fullName":"substituteModel no substitution should preserve all other content when substituting model","status":"passed","title":"should preserve all other content when substituting model","duration":0.08299999999999841,"failureMessages":[],"meta":{}},{"ancestorTitles":["substituteModel","edge cases"],"fullName":"substituteModel edge cases should handle prompts with multiple model-like lines correctly","status":"passed","title":"should handle prompts with multiple model-like lines correctly","duration":0.05108300000000554,"failureMessages":[],"meta":{}},{"ancestorTitles":["substituteModel","edge cases"],"fullName":"substituteModel edge cases should handle model lines with extra whitespace","status":"passed","title":"should handle model lines with extra whitespace","duration":0.04358300000001236,"failureMessages":[],"meta":{}},{"ancestorTitles":["substituteModel","edge cases"],"fullName":"substituteModel edge cases should return original prompt if model line not found","status":"passed","title":"should return original prompt if model line not found","duration":0.031709000000006426,"failureMessages":[],"meta":{}},{"ancestorTitles":["substituteModel","real-world scenarios"],"fullName":"substituteModel real-world scenarios should work with actual worker.md prompt format","status":"passed","title":"should work with actual worker.md prompt format","duration":0.05270899999999301,"failureMessages":[],"meta":{}},{"ancestorTitles":["substituteModel","real-world scenarios"],"fullName":"substituteModel real-world scenarios should work with actual planner.md prompt format","status":"passed","title":"should work with actual planner.md prompt format","duration":0.07066699999998605,"failureMessages":[],"meta":{}},{"ancestorTitles":["substituteModel","real-world scenarios"],"fullName":"substituteModel real-world scenarios should work with actual researcher.md prompt format","status":"passed","title":"should work with actual researcher.md prompt format","duration":0.04116700000000151,"failureMessages":[],"meta":{}}],"startTime":1767319184588,"endTime":1767319184589.083,"status":"passed","message":"","name":"/Users/bangedorrunt/workspace/opencode-addons/src/opencode/config/substitutor.test.ts"},{"assertionResults":[{"ancestorTitles":["SwarmToolAddonsConfig","type definitions"],"fullName":"SwarmToolAddonsConfig type definitions should allow creating a valid config with path-based model overrides","status":"passed","title":"should allow creating a valid config with path-based model overrides","duration":0.554000000000002,"failureMessages":[],"meta":{}},{"ancestorTitles":["SwarmToolAddonsConfig","type definitions"],"fullName":"SwarmToolAddonsConfig type definitions should allow partial model config with optional fields","status":"passed","title":"should allow partial model config with optional fields","duration":0.07679200000001174,"failureMessages":[],"meta":{}},{"ancestorTitles":["SwarmToolAddonsConfig","type definitions"],"fullName":"SwarmToolAddonsConfig type definitions should allow optional top-level settings","status":"passed","title":"should allow optional top-level settings","duration":0.0625,"failureMessages":[],"meta":{}},{"ancestorTitles":["SwarmToolAddonsConfig","type definitions"],"fullName":"SwarmToolAddonsConfig type definitions should require models section","status":"passed","title":"should require models section","duration":0.04529199999998923,"failureMessages":[],"meta":{}},{"ancestorTitles":["SwarmToolAddonsConfig","parseConfig"],"fullName":"SwarmToolAddonsConfig parseConfig should parse valid JSON config string","status":"passed","title":"should parse valid JSON config string","duration":0.11320800000001441,"failureMessages":[],"meta":{}},{"ancestorTitles":["SwarmToolAddonsConfig","parseConfig"],"fullName":"SwarmToolAddonsConfig parseConfig should throw on invalid JSON","status":"passed","title":"should throw on invalid JSON","duration":0.324957999999981,"failureMessages":[],"meta":{}},{"ancestorTitles":["SwarmToolAddonsConfig","parseConfig"],"fullName":"SwarmToolAddonsConfig parseConfig should throw on missing models section","status":"passed","title":"should throw on missing models section","duration":0.0822080000000085,"failureMessages":[],"meta":{}},{"ancestorTitles":["SwarmToolAddonsConfig","parseConfig"],"fullName":"SwarmToolAddonsConfig parseConfig should throw on empty models section","status":"passed","title":"should throw on empty models section","duration":0.060875000000010004,"failureMessages":[],"meta":{}},{"ancestorTitles":["SwarmToolAddonsConfig","parseConfig"],"fullName":"SwarmToolAddonsConfig parseConfig should throw on missing model field","status":"passed","title":"should throw on missing model field","duration":0.06783299999997894,"failureMessages":[],"meta":{}},{"ancestorTitles":["SwarmToolAddonsConfig","validateConfig"],"fullName":"SwarmToolAddonsConfig validateConfig should validate complete config","status":"passed","title":"should validate complete config","duration":0.29316700000001106,"failureMessages":[],"meta":{}},{"ancestorTitles":["SwarmToolAddonsConfig","validateConfig"],"fullName":"SwarmToolAddonsConfig validateConfig should validate custom agent paths","status":"passed","title":"should validate custom agent paths","duration":0.060875000000010004,"failureMessages":[],"meta":{}},{"ancestorTitles":["SwarmToolAddonsConfig","validateConfig"],"fullName":"SwarmToolAddonsConfig validateConfig should return errors for invalid temperature values","status":"passed","title":"should return errors for invalid temperature values","duration":0.0615839999999821,"failureMessages":[],"meta":{}},{"ancestorTitles":["SwarmToolAddonsConfig","validateConfig"],"fullName":"SwarmToolAddonsConfig validateConfig should return errors for negative temperature","status":"passed","title":"should return errors for negative temperature","duration":0.041500000000013415,"failureMessages":[],"meta":{}},{"ancestorTitles":["SwarmToolAddonsConfig","validateConfig"],"fullName":"SwarmToolAddonsConfig validateConfig should validate logLevel if provided","status":"passed","title":"should validate logLevel if provided","duration":0.03529100000000085,"failureMessages":[],"meta":{}},{"ancestorTitles":["SwarmToolAddonsConfig","validateConfig"],"fullName":"SwarmToolAddonsConfig validateConfig should accept all valid log levels","status":"passed","title":"should accept all valid log levels","duration":0.063083000000006,"failureMessages":[],"meta":{}},{"ancestorTitles":["SwarmToolAddonsConfig","validateConfig"],"fullName":"SwarmToolAddonsConfig validateConfig should return errors for empty model string","status":"passed","title":"should return errors for empty model string","duration":0.035459000000003016,"failureMessages":[],"meta":{}},{"ancestorTitles":["SwarmToolAddonsConfig","new fields: disable and forcedSkills"],"fullName":"SwarmToolAddonsConfig new fields: disable and forcedSkills should accept disable field in model config","status":"passed","title":"should accept disable field in model config","duration":0.04854199999999764,"failureMessages":[],"meta":{}},{"ancestorTitles":["SwarmToolAddonsConfig","new fields: disable and forcedSkills"],"fullName":"SwarmToolAddonsConfig new fields: disable and forcedSkills should accept forcedSkills field in model config","status":"passed","title":"should accept forcedSkills field in model config","duration":0.06270800000001486,"failureMessages":[],"meta":{}},{"ancestorTitles":["SwarmToolAddonsConfig","new fields: disable and forcedSkills"],"fullName":"SwarmToolAddonsConfig new fields: disable and forcedSkills should accept empty forcedSkills array","status":"passed","title":"should accept empty forcedSkills array","duration":0.03437500000001137,"failureMessages":[],"meta":{}},{"ancestorTitles":["SwarmToolAddonsConfig","new fields: disable and forcedSkills"],"fullName":"SwarmToolAddonsConfig new fields: disable and forcedSkills should accept all optional fields together","status":"passed","title":"should accept all optional fields together","duration":0.046875,"failureMessages":[],"meta":{}},{"ancestorTitles":["SwarmToolAddonsConfig","new fields: disable and forcedSkills"],"fullName":"SwarmToolAddonsConfig new fields: disable and forcedSkills should parse config with disable and forcedSkills from JSON","status":"passed","title":"should parse config with disable and forcedSkills from JSON","duration":0.04691700000000765,"failureMessages":[],"meta":{}},{"ancestorTitles":["SwarmToolAddonsConfig","new fields: disable and forcedSkills"],"fullName":"SwarmToolAddonsConfig new fields: disable and forcedSkills should preserve disable and forcedSkills when undefined","status":"passed","title":"should preserve disable and forcedSkills when undefined","duration":0.02791700000000219,"failureMessages":[],"meta":{}}],"startTime":1767319184554,"endTime":1767319184556.2932,"status":"passed","message":"","name":"/Users/bangedorrunt/workspace/opencode-addons/src/opencode/config/types.test.ts"}]}