{"numTotalTestSuites":7,"numPassedTestSuites":5,"numFailedTestSuites":2,"numPendingTestSuites":0,"numTotalTests":10,"numPassedTests":8,"numFailedTests":2,"numPendingTests":0,"numTodoTests":0,"snapshot":{"added":0,"failure":false,"filesAdded":0,"filesRemoved":0,"filesRemovedList":[],"filesUnmatched":0,"filesUpdated":0,"matched":0,"total":0,"unchecked":0,"uncheckedKeysByFile":[],"unmatched":0,"updated":0,"didUpdate":false},"startTime":1767320433775,"success":false,"testResults":[{"assertionResults":[{"ancestorTitles":[],"fullName":"Agent Lifecycle: Spawning & Status","status":"passed","title":"Agent Lifecycle: Spawning & Status","duration":0.9450829999999826,"failureMessages":[],"meta":{"evalite":{"results":[{"input":{"agent":"executor","prompt":"Task 1","timeoutMs":1000},"result":{"taskId":"task_mjw8yeea_eaee","status":"pending"},"scores":[1],"duration":0}],"duration":1,"traces":[]}}},{"ancestorTitles":[],"fullName":"Agent Lifecycle: Timeouts & Stuck Detection","status":"passed","title":"Agent Lifecycle: Timeouts & Stuck Detection","duration":0.21420799999998508,"failureMessages":[],"meta":{"evalite":{"results":[{"input":{"name":"Detect timed out task","taskSetup":{"status":"running","startedAt":1767320429018,"timeoutMs":2000},"expectedTimeout":true},"result":{"timedOut":true,"stuck":false},"scores":[1],"duration":0},{"input":{"name":"Detect stuck task (no heartbeat)","taskSetup":{"status":"running","lastHeartbeat":1767320394018,"timeoutMs":60000},"expectedStuck":true},"result":{"timedOut":false,"stuck":true},"scores":[1],"duration":0}],"duration":0,"traces":[]}}},{"ancestorTitles":[],"fullName":"Agent Lifecycle: Retries","status":"passed","title":"Agent Lifecycle: Retries","duration":0.1287499999999966,"failureMessages":[],"meta":{"evalite":{"results":[{"input":{"name":"Retry on failure","initialRetryCount":0,"maxRetries":2,"status":"failed","expectedCanRetry":true},"result":{"canRetry":true},"scores":[1],"duration":0},{"input":{"name":"Exhausted retries","initialRetryCount":2,"maxRetries":2,"status":"failed","expectedCanRetry":false},"result":{"canRetry":false},"scores":[1],"duration":0}],"duration":0,"traces":[]}}}],"startTime":1767320434017,"endTime":1767320434019.1287,"status":"passed","message":"","name":"/Users/bangedorrunt/workspace/opencode-addons/src/evals/agent_lifecycle.eval.ts"},{"assertionResults":[{"ancestorTitles":[],"fullName":"Checkpoint Templates","status":"failed","title":"Checkpoint Templates","duration":2.1032920000000104,"failureMessages":["TypeError: opts.data is not a function\n    at file:///Users/bangedorrunt/workspace/opencode-addons/node_modules/evalite/src/index.ts:50:29\n    at file:///Users/bangedorrunt/workspace/opencode-addons/node_modules/@vitest/runner/dist/chunk-hooks.js:155:11\n    at file:///Users/bangedorrunt/workspace/opencode-addons/node_modules/@vitest/runner/dist/chunk-hooks.js:752:26\n    at file:///Users/bangedorrunt/workspace/opencode-addons/node_modules/@vitest/runner/dist/chunk-hooks.js:1897:20\n    at new Promise (<anonymous>)\n    at runWithTimeout (file:///Users/bangedorrunt/workspace/opencode-addons/node_modules/@vitest/runner/dist/chunk-hooks.js:1863:10)\n    at runTest (file:///Users/bangedorrunt/workspace/opencode-addons/node_modules/@vitest/runner/dist/chunk-hooks.js:1574:12)\n    at processTicksAndRejections (node:internal/process/task_queues:103:5)\n    at runSuite (file:///Users/bangedorrunt/workspace/opencode-addons/node_modules/@vitest/runner/dist/chunk-hooks.js:1729:8)\n    at runFiles (file:///Users/bangedorrunt/workspace/opencode-addons/node_modules/@vitest/runner/dist/chunk-hooks.js:1787:3)"],"meta":{}}],"startTime":1767320434020,"endTime":1767320434022.1033,"status":"failed","message":"","name":"/Users/bangedorrunt/workspace/opencode-addons/src/evals/checkpoints.eval.ts"},{"assertionResults":[{"ancestorTitles":[],"fullName":"Chief-of-Staff: Strategic Orchestration (Real LLM)","status":"passed","title":"Chief-of-Staff: Strategic Orchestration (Real LLM)","duration":59535.868292,"failureMessages":[],"meta":{"evalite":{"results":[{"input":{"name":"Governance Check","text":"Deploy the application to AWS","context":"No directives exist for cloud provider or environment."},"result":"We need to respond as Chief-of-Staff, using the governance framework. Current context: No directives exist for cloud provider or environment. User request: \"Deploy the application to AWS\". We need to decide: need directives? According to governance, we should detect missing directives and create poll or ask user. Since it's a direct user request, we are in Mode B? Actually we need to see if it's a direct instruction. The user gave a request, but we need to see if there is a Directive for that. There is none. So we need to create a Strategic Poll to get Directive. So we should output a POLL structure, asking for clarification: which AWS services, environment, region, etc. Provide options. Then wait for user response. So we should output a poll with options. Also we should note that we need to log assumption if we proceed. So we should present a poll. The instruction says: If you need to poll, output a POLL structure. So we should output something like:\n\n```\nPOLL: Cloud Provider / Environment\nNo Directive found. Based on typical patterns, propose:\n1. AWS EC2 (default)\n2. AWS Lambda (serverless)\n3. AWS ECS (containers)\n4. Custom (specify)\n\nPlease reply with the number or your preference.\n```\n\nMaybe also ask about region, etc. Provide a clear poll.\n\nWe should also show reasoning. So answer should include reasoning then the poll. Probably no delegation yet. So just poll.\n\nThus final answer: show reasoning then poll.\n</think>\n**Reasoning**\n\n1. The user has asked us to *“Deploy the application to AWS.”*  \n2. Our **Governance → Directives** section shows **no existing Directive** that covers cloud‑provider or deployment targets.  \n3. According to the **Strategic‑Polling** rule, when a Directive is missing we must surface a **poll** that presents concrete, pre‑vetted options rather than an open‑ended question.  \n4. The poll should give the user a clear, limited set of choices that map to common AWS deployment patterns, so the user can simply pick a number (or type a custom preference).  \n5. Once the user selects an option, that choice becomes a **Directive** and we can safely delegate the actual deployment work to the executor.\n\n**Poll – Choose the AWS Deployment Target**\n\n```\n❓ Strategic Poll: AWS Deployment Target\nNo Directive found for “cloud provider / environment”. \nBased on typical project needs, please pick one of the following:\n\n1️⃣  EC2 – Traditional VM hosting (full OS control)\n2️⃣  ECS (Fargate) – Managed containers\n3️⃣  Lambda – Serverless functions\n4️⃣  Custom – Your own specific AWS service or configuration (e.g., “Lightsail”, “Elastic Beanstalk”, etc.)\n\n🔹 Reply with the number of your choice, or type a brief custom preference \n    (e.g., “3 – Lambda because it’s event‑driven” or “Custom – Use Lightsail”).\n\nYour selection will be recorded as the Directive for this deployment.\n```\n\n*After the user replies, the chosen option will be written to `LEDGER → Governance → Directives` and we can then proceed with delegation.*","scores":[1],"duration":59535},{"input":{"name":"Task Parallelization","text":"Add a search bar to the header and create a new FAQ page","context":"Directives: Framework: React, Styling: Tailwind."},"result":"We need to respond as Chief-of-Staff, showing reasoning and next action. We have directives: Framework: React, Styling: Tailwind. User request: \"Add a search bar to the header and create a new FAQ page\". Need to break into tasks, see if directives present. We need to check Directives in LEDGER; we can assume maybe none specific. So we need strategic poll for missing directives? Possibly need to create tasks: Add search bar component, Create FAQ page. We need to decide execution strategy (parallel or sequential). Likely sequential? Or parallel? They are somewhat independent, can be done in parallel. But need to consider dependencies: maybe FAQ page may need styling consistent with header; but no explicit dependency. Could execute in parallel.\n\nWe need to output either a POLL structure if need user input, or a delegation plan with execution_strategy.\n\nWe should first check if we have directives for \"Add search bar\" and \"Create FAQ page\". Likely none. So we need to create strategic poll to get user direction on maybe design details.\n\nThus we should output a POLL with options.\n\nBut the instruction: Respond as Chief-of-Staff agent. Show reasoning and next action. If need to poll, output a POLL structure. If can delegate, show delegation plan with execution_strategy.\n\nThus we can decide to poll. So produce a POLL with maybe design options: search bar placement, FAQ categories, etc.\n\nLet's produce a POLL with options: Search bar position (right-aligned, center), input style (rounded, outline), FAQ structure (Accordion, Simple list). Also ask about any specific content.\n\nWe need to output a POLL structure. Probably like:\n\n```\n### Strategic Poll: Search Bar & FAQ Design\nNo explicit Directive found for design specifics.\nPropose the following options:\n\n1. Search Bar Position: Right-aligned in header\n2. Search Bar Position: Centered above header\n3. Custom layout (describe)\n\n4. FAQ Layout: Accordion component\n5. FAQ Layout: Simple expandable list\n6. Custom design\n\nPlease select by replying with numbers or describe your preference.\n```\n\nWe can also ask about any specific content for FAQ.\n\nThus produce a POLL.\n</think>\n**STRATEGIC POLL: Search Bar & FAQ Design**  \n\n*Current Directives (React + Tailwind) do not specify visual details for the new search bar or FAQ page.*  \nTo keep the work **user‑driven** and avoid assumptions, please confirm the design choices you prefer.\n\n---\n\n### 1️⃣ Search Bar Placement & Layout  \n| Option | Description |\n|--------|-------------|\n| **A** | Right‑aligned in the header (standard nav area) |\n| **B** | Centered above the header (prominent hero‑style) |\n| **C** | Inline with the logo (compact) |\n| **D** | Custom layout – describe your vision |\n\n### 2️⃣ Search Bar Appearance  \n| Option | Description |\n|--------|-------------|\n| **A** | Rounded‑pill input, primary Tailwind `bg-blue-500` focus ring |\n| **B** | Outline‑only with `border` styling, subtle shadow |\n| **C** | Full‑width input with `w-full` and dark mode‑aware colors |\n| **D** | Custom CSS (provide snippet) |\n\n### 3️⃣ FAQ Page Structure  \n| Option | Description |\n|--------|-------------|\n| **A** | Collapsible **Accordion** (one‑click expand) |\n| **B** | Simple **expandable list** (click to toggle) |\n| **C** | Grid of **cards** (multiple per row) |\n| **D** | Custom layout – describe |\n\n### 4️⃣ Content & Scope  \n- Should the FAQ page include **only** “Frequently Asked Questions” or also **related help articles**?  \n- Any **specific questions** you want pre‑populated (e.g., pricing, shipping, login)?\n\n---\n\n**Please reply** with the option letters/numbers that best match your vision (e.g., `A‑B‑C` or a custom description).  \nYour selection will become a **Directive** and trigger the implementation workflow.  \n\n*Once we have your preference, I’ll generate the React components, apply Tailwind styling, and create the FAQ page.*","scores":[1],"duration":24114}],"duration":59535,"traces":[]}}}],"startTime":1767320434050,"endTime":1767320493585.8684,"status":"passed","message":"","name":"/Users/bangedorrunt/workspace/opencode-addons/src/evals/chief_of_staff.eval.ts"},{"assertionResults":[{"ancestorTitles":[],"fullName":"Deadlock Detection: Task Dependencies","status":"passed","title":"Deadlock Detection: Task Dependencies","duration":0.5557919999999967,"failureMessages":[],"meta":{"evalite":{"results":[{"input":{"name":"No dependencies","tasks":[{"id":"t1","dependencies":[]},{"id":"t2","dependencies":[]}]},"result":false,"scores":[0],"duration":0,"expected":false},{"input":{"name":"Sequential dependencies","tasks":[{"id":"t1","dependencies":[]},{"id":"t2","dependencies":["t1"]},{"id":"t3","dependencies":["t2"]}]},"result":false,"scores":[0],"duration":0,"expected":false},{"input":{"name":"Direct cycle","tasks":[{"id":"t1","dependencies":["t2"]},{"id":"t2","dependencies":["t1"]}]},"result":true,"scores":[0],"duration":0,"expected":true},{"input":{"name":"Indirect cycle","tasks":[{"id":"t1","dependencies":["t2"]},{"id":"t2","dependencies":["t3"]},{"id":"t3","dependencies":["t1"]}]},"result":true,"scores":[0],"duration":0,"expected":true},{"input":{"name":"Self dependency","tasks":[{"id":"t1","dependencies":["t1"]}]},"result":true,"scores":[0],"duration":0,"expected":true},{"input":{"name":"Complex acyclic","tasks":[{"id":"t1","dependencies":[]},{"id":"t2","dependencies":["t1"]},{"id":"t3","dependencies":["t1"]},{"id":"t4","dependencies":["t2","t3"]}]},"result":false,"scores":[0],"duration":0,"expected":false}],"duration":0,"traces":[]}}},{"ancestorTitles":[],"fullName":"Deadlock Detection: Resource Collisions","status":"passed","title":"Deadlock Detection: Resource Collisions","duration":0.11454100000000267,"failureMessages":[],"meta":{"evalite":{"results":[{"input":{"name":"No collisions","tasks":[{"id":"t1","affectsFiles":["file1.ts"]},{"id":"t2","affectsFiles":["file2.ts"]}]},"result":false,"scores":[0],"duration":0,"expected":false},{"input":{"name":"Direct collision","tasks":[{"id":"t1","affectsFiles":["file1.ts","shared.ts"]},{"id":"t2","affectsFiles":["file2.ts","shared.ts"]}]},"result":true,"scores":[0],"duration":0,"expected":true},{"input":{"name":"Multiple collisions","tasks":[{"id":"t1","affectsFiles":["a.ts","b.ts"]},{"id":"t2","affectsFiles":["b.ts","c.ts"]},{"id":"t3","affectsFiles":["a.ts","d.ts"]}]},"result":true,"scores":[0],"duration":0,"expected":true}],"duration":0,"traces":[]}}}],"startTime":1767320433991,"endTime":1767320433991.556,"status":"passed","message":"","name":"/Users/bangedorrunt/workspace/opencode-addons/src/evals/deadlock.eval.ts"},{"assertionResults":[{"ancestorTitles":[],"fullName":"Interviewer: HITL Dialogue System (Real LLM)","status":"passed","title":"Interviewer: HITL Dialogue System (Real LLM)","duration":49163.43225,"failureMessages":[],"meta":{"evalite":{"results":[{"input":{"name":"Initial Ambiguity","text":"I want to integrate a payment system"},"result":"We need to respond as Interviewer agent using dialogue mode JSON structure. Need to identify what is clear and what is unknown. User says: \"I want to integrate a payment system\". That's a goal but ambiguous: what payment system? Which provider? Which integration? Need clarification. Also need to check if there is any context? There's no previous state (null). So we need to ask questions to clarify. Provide pending_questions maybe 1-2. Also need to return dialogue_state with status \"needs_input\", turn 1, message_to_user, pending_questions, accumulated_direction empty perhaps. Should include accumulation of direction maybe empty.\n\nThus output JSON:\n\n{\n \"dialogue_state\": {\n   \"status\": \"needs_input\",\n   \"turn\": 1,\n   \"message_to_user\": \"Before I proceed, I need to clarify your payment integration request.\",\n   \"pending_questions\": [\"Which payment provider are you targeting (e.g., Stripe, PayPal, etc.)? Do you have any specific requirements like subscription billing, one-time charges, or supported currencies?\"],\n   \"accumulated_direction\": {\n        \"goals\": [],\n        \"constraints\": [],\n        \"preferences\": [],\n        \"decisions\": []\n   }\n }\n}\n\nMake sure JSON is valid. Use double quotes. Also need to follow the structure. Output only the JSON.\n</think>\n{\n  \"dialogue_state\": {\n    \"status\": \"needs_input\",\n    \"turn\": 1,\n    \"message_to_user\": \"Before I proceed, I need to clarify your payment integration request.\",\n    \"pending_questions\": [\n      \"Which payment provider are you targeting (e.g., Stripe, PayPal, etc.)?\",\n      \"Are there specific requirements such as subscription billing, one-time charges, or supported currencies?\"\n    ],\n    \"accumulated_direction\": {\n      \"goals\": [],\n      \"constraints\": [],\n      \"preferences\": [],\n      \"decisions\": []\n    }\n  },\n  \"output\": null\n}","scores":[1],"duration":29479},{"input":{"name":"Approval Detection","text":"Yes, proceed with Stripe","prevState":{"status":"needs_approval","turn":2,"message_to_user":"Should I use Stripe for payments?","history":[{"role":"user","content":"integrate payment"},{"role":"assistant","content":"Which provider?"}]}},"result":"We need to output JSON with dialogue_state containing status: \"approved\"? Actually after user says \"Yes, proceed with Stripe\". The previous state had needs_approval (turn 2). Now we get approval. So status becomes \"approved\". Also need to capture accumulated_direction with final direction. Return JSON with dialogue_state and output.\n\nWe need to include pending_questions probably empty now? Actually after approval, pending_questions maybe [] or removed. The structure: dialogue_state includes status, turn, message_to_user, pending_questions, accumulated_direction.\n\nWe need to fill those fields.\n\nGiven user said \"Yes, proceed with Stripe\". So we have approval. The accumulated_direction should include the decided payment provider: Stripe.\n\nAlso maybe include earlier context like request was about integrating payment. So accumulated_direction include goals? constraints? preferences? decisions? Probably decisions: [\"Use Stripe for payments\"].\n\nMessage_to_user maybe \"User approved proceeding with Stripe for payments.\" Or something.\n\nturn probably increments to 3? The previous turn was 2. Now turn 3.\n\nstatus should be \"approved\". Also maybe need to set output with clarifications_resolved true, explicit_direction containing the decided provider.\n\nLet's craft JSON:\n\n{\n  \"dialogue_state\": {\n    \"status\": \"approved\",\n    \"turn\": 3,\n    \"message_to_user\": \"Approval received. Proceeding with Stripe for payments.\",\n    \"pending_questions\": [],\n    \"accumulated_direction\": {\n      \"goals\": [],\n      \"constraints\": [],\n      \"preferences\": [],\n      \"decisions\": [\n        \"Use Stripe for payment processing\"\n      ]\n    }\n  },\n  \"output\": {\n    \"clarifications_resolved\": true,\n    \"explicit_direction\": {\n      \"payment_provider\": \"Stripe\"\n    },\n    \"assumptions_avoided\": [\n      \"Would have assumed default provider\"\n    ]\n  }\n}\n\nMake sure JSON is valid, no extra text.\n</think>\n{\n  \"dialogue_state\": {\n    \"status\": \"approved\",\n    \"turn\": 3,\n    \"message_to_user\": \"Approval received. Proceeding with Stripe for payments.\",\n    \"pending_questions\": [],\n    \"accumulated_direction\": {\n      \"goals\": [],\n      \"constraints\": [],\n      \"preferences\": [],\n      \"decisions\": [\n        \"Use Stripe for payment processing\"\n      ]\n    }\n  },\n  \"output\": {\n    \"clarifications_resolved\": true,\n    \"explicit_direction\": {\n      \"payment_provider\": \"Stripe\"\n    },\n    \"assumptions_avoided\": [\n      \"Would have assumed default provider\"\n    ]\n  }\n}","scores":[1],"duration":49160}],"duration":49163,"traces":[]}}}],"startTime":1767320434050,"endTime":1767320483213.4321,"status":"passed","message":"","name":"/Users/bangedorrunt/workspace/opencode-addons/src/evals/hitl_dialogue.eval.ts"},{"assertionResults":[{"ancestorTitles":[],"fullName":"Oracle Agent: Real LLM Reasoning (v4.1)","status":"passed","title":"Oracle Agent: Real LLM Reasoning (v4.1)","duration":42513.438084,"failureMessages":[],"meta":{"evalite":{"results":[{"input":{"text":"Add a login page with Google Auth and a user profile settings page","expectedMode":"parallel"},"result":{"epic":{"title":"Add Login Page with Google Auth and User Profile Settings Page","request":"Add a login page with Google Auth and a user profile settings page","rationale":"These features introduce authentication flow and user settings UI, requiring new components, routing, and auth integration."},"tasks":[{"title":"Create Google OAuth integration module","agent":"executor","dependencies":[],"affects_files":["src/services/auth/googleAuth.ts","src/.env"],"complexity":"high","description":"Implement Google OAuth flow, store client ID securely, and expose sign‑in function.","durable_intent":"auth-google-setup"},{"title":"Add Login Page UI","agent":"executor","dependencies":["auth-google-setup"],"affects_files":["src/pages/Login.tsx","src/components/LoginButton.tsx","src/routes/authLogin.ts"],"complexity":"medium","description":"Build login UI component that calls the Google OAuth module to authenticate.","durable_intent":"login-page"},{"title":"Add Profile Settings Page UI","agent":"executor","dependencies":["auth-google-setup"],"affects_files":["src/pages/ProfileSettings.tsx","src/components/ProfileForm.tsx","src/hooks/useUserProfile.ts"],"complexity":"medium","description":"Create settings page that displays user info and allows profile edits.","durable_intent":"profile-settings-page"},{"title":"Update routing configuration","agent":"executor","dependencies":["login-page","profile-settings-page"],"affects_files":["src/AppRoutes.tsx","src/routes/index.ts"],"complexity":"low","description":"Add route entries for '/login' and '/settings' paths.","durable_intent":"routing-update"},{"title":"Update environment configuration","agent":"executor","dependencies":[],"affects_files":[".env.example"],"complexity":"low","description":"Add GOOGLE_CLIENT_ID and optional redirect URI entries for development.","durable_intent":"env-config"}],"execution_strategy":{"mode":"mixed","rationale":"Task 1 (Google OAuth module) must be completed before UI tasks can be safely implemented, but tasks 2‑4 can proceed in parallel once the auth module is ready.","risk_assessment":"MEDIUM"},"assumptions_made":[{"choice":"Using Google OAuth via a dedicated auth service","rationale":"Provides a reusable authentication layer for both login and profile pages."},{"choice":"Implementing UI as React components","rationale":"Matches the existing tech stack in the repository."}]},"scores":[1,0],"duration":11404},{"input":{"text":"Refactor the database schema for orders and update all existing queries to match","expectedMode":"sequential"},"result":"We need to output JSON with epic, tasks, execution_strategy, assumptions_made. Need to analyze request: refactor DB schema for orders and update all existing queries.\n\nPotential tasks: analyze current schema, design new schema, implement migration, update queries, test. Need up to 5 tasks.\n\nWe need to determine execution strategy: likely sequential because updating queries depends on schema changes; but maybe parallel if tasks independent? There is dependency: queries must be updated after schema changes. So maybe sequential. But could break into tasks that can run in parallel if they affect different areas? However overall likely sequential due to dependency.\n\nWe need to include fields: title, agent, dependencies (array), affects_files (list), complexity, description, durable_intent.\n\nAlso include execution_strategy with mode, rationale, risk_assessment.\n\nAssume files maybe src/db/schemas/orderSchema.js, src/db/queries/*.js etc.\n\nWe need to include assumptions_made array.\n\nWe need to include epic with title, request, rationale.\n\nLet's craft.\n\nTask1: Analyze current orders schema and generate migration plan. dependencies [] maybe. affects_files: [\"src/db/schema/orders.js\"] complexity medium.\n\nTask2: Design new schema definition (refactor). depends on task1? maybe after analysis. But we can make sequential? But we want parallel? Let's see: we can run some query updates in parallel if they affect distinct files. Maybe we can split tasks: Task2: Create new schema file, dependencies: [task1], affects_files: [\"src/db/schema/orders.js\"] complexity high.\n\nTask3: Write migration scripts to update DB. dependencies: [task2], affects_files: [\"scripts/migrateOrders.js\"] complexity high.\n\nTask4: Update query modules to use new schema. depends on task2? maybe also on task3? Could be sequential but maybe can be parallel across different query files. We can list multiple tasks each updating a query file; but limit to 5 tasks total. Let's create three tasks: Task3: Update order query in src/db/queries/orderRepository.js. Task4: Update order service methods. Task5: Add unit tests for updated queries.\n\nThus we have 5 tasks.\n\nDependencies: Task2 depends on Task1; Task3 depends on Task2; Task4 depends on Task2; Task5 depends on Task3 and Task4 maybe.\n\nBut to keep simple, we can set dependencies accordingly.\n\nExecution strategy: sequential due to dependencies, risk assessment MEDIUM.\n\nNow produce JSON.\n\nMake sure to include execution_strategy with mode, rationale, risk_assessment.\n\nAlso include assumptions_made.\n\nMake sure each task includes title, agent, dependencies (list of task titles?), affects_files array, complexity, description, durable_intent.\n\nMake sure durable_intent is a short string like \"schema-refactor\".\n\nLet's craft JSON.\n</think>\n{\n  \"epic\": {\n    \"title\": \"Refactor Orders Database Schema and Update Queries\",\n    \"request\": \"Refactor the database schema for orders and update all existing queries to match\",\n    \"rationale\": \"The request involves schema changes that must be propagated to all query code; a coordinated set of tasks is needed to ensure consistency and avoid breaking existing functionality.\"\n  },\n  \"tasks\": [\n    {\n      \"title\": \"Analyze Current Orders Schema and Identify Deprecation Points\",\n      \"agent\": \"executor\",\n      \"dependencies\": [],\n      \"affects_files\": [\n        \"src/db/schema/orders.js\",\n        \"src/db/migrations/2023_orders_schema.sql\"\n      ],\n      \"complexity\": \"medium\",\n      \"description\": \"Inspect the existing orders schema, document current tables/columns, and pinpoint locations that will be impacted by the refactor.\",\n      \"durable_intent\": \"schema-analysis\"\n    },\n    {\n      \"title\": \"Design and Implement New Orders Schema\",\n      \"agent\": \"executor\",\n      \"dependencies\": [\n        \"Analyze Current Orders Schema and Identify Deprecation Points\"\n      ],\n      \"affects_files\": [\n        \"src/db/schema/orders.js\",\n        \"src/db/migrations/2024_orders_schema.sql\"\n      ],\n      \"complexity\": \"high\",\n      \"description\": \"Create the refactored schema definition, add new tables/columns, and generate migration scripts.\",\n      \"durable_intent\": \"schema-design\"\n    },\n    {\n      \"title\": \"Apply Schema Migration to Production Database\",\n      \"agent\": \"executor\",\n      \"dependencies\": [\n        \"Design and Implement New Orders Schema\"\n      ],\n      \"affects_files\": [\n        \"scripts/db-migrate-orders.js\"\n      ],\n      \"complexity\": \"high\",\n      \"description\": \"Run migration scripts that modify the live database to reflect the new schema, ensuring data integrity.\",\n      \"durable_intent\": \"db-migration\"\n    },\n    {\n      \"title\": \"Update Order Repository Query Logic\",\n      \"agent\": \"executor\",\n      \"dependencies\": [\n        \"Design and Implement New Orders Schema\"\n      ],\n      \"affects_files\": [\n        \"src/db/queries/orderRepository.js\"\n      ],\n      \"complexity\": \"medium\",\n      \"description\": \"Modify query implementations to reference the new schema fields and relationships.\",\n      \"durable_intent\": \"query-update\"\n    },\n    {\n      \"title\": \"Update Service Layer Calls to Use Refactored Queries\",\n      \"agent\": \"executor\",\n      \"dependencies\": [\n        \"Update Order Repository Query Logic\"\n      ],\n      \"affects_files\": [\n        \"src/services/orderService.js\",\n        \"src/api/routes/order.js\"\n      ],\n      \"complexity\": \"low\",\n      \"description\": \"Adjust service methods and API routes to invoke the updated query functions.\",\n      \"durable_intent\": \"service-update\"\n    }\n  ],\n  \"execution_strategy\": {\n    \"mode\": \"sequential\",\n    \"rationale\": \"Tasks have explicit dependencies (schema design must precede migration, migration must precede query updates, etc.), making a sequential flow safest.\",\n    \"risk_assessment\": \"MEDIUM\"\n  },\n  \"assumptions_made\": [\n    {\n      \"choice\": \"Sequential execution\",\n      \"rationale\": \"Database schema changes create implicit dependencies; executing them out of order could cause runtime errors.\"\n    },\n    {\n      \"choice\": \"Single executor agent\",\n      \"rationale\": \"All tasks are straightforward refactors that can be safely handled by the primary executor without requiring specialized sub‑agents.\"\n    }\n  ]\n}","scores":[1,0],"duration":42510}],"duration":42513,"traces":[]}}}],"startTime":1767320434050,"endTime":1767320476563.438,"status":"passed","message":"","name":"/Users/bangedorrunt/workspace/opencode-addons/src/evals/oracle.eval.ts"},{"assertionResults":[{"ancestorTitles":[],"fullName":"SDD Workflow: Oracle Decomposition","status":"failed","title":"SDD Workflow: Oracle Decomposition","duration":2.7984590000000082,"failureMessages":["TypeError: Cannot destructure property 'expected' of 'undefined' as it is undefined.\n    at /Users/bangedorrunt/workspace/opencode-addons/src/evals/sdd_workflow.eval.ts:61:16\n    at file:///Users/bangedorrunt/workspace/opencode-addons/node_modules/evalite/src/index.ts:24:15\n    at Array.map (<anonymous>)\n    at runTask (file:///Users/bangedorrunt/workspace/opencode-addons/node_modules/evalite/src/index.ts:22:17)\n    at processTicksAndRejections (node:internal/process/task_queues:103:5)\n    at file:///Users/bangedorrunt/workspace/opencode-addons/node_modules/evalite/src/index.ts:54:46\n    at async Promise.all (index 0)\n    at file:///Users/bangedorrunt/workspace/opencode-addons/node_modules/evalite/src/index.ts:52:21\n    at file:///Users/bangedorrunt/workspace/opencode-addons/node_modules/@vitest/runner/dist/chunk-hooks.js:752:20"],"meta":{}}],"startTime":1767320433981,"endTime":1767320433983.7983,"status":"failed","message":"","name":"/Users/bangedorrunt/workspace/opencode-addons/src/evals/sdd_workflow.eval.ts"}]}